<html>
<head>
<title>TestNG:  all-tests-SAT-Chrome(failed)(failed)</title>
<link href="../testng.css" rel="stylesheet" type="text/css" />
<link href="../my-testng.css" rel="stylesheet" type="text/css" />

<style type="text/css">
.log { display: none;} 
.stack-trace { display: none;} 
</style>
<script type="text/javascript">
<!--
function flip(e) {
  current = e.style.display;
  if (current == 'block') {
    e.style.display = 'none';
    return 0;
  }
  else {
    e.style.display = 'block';
    return 1;
  }
}

function toggleBox(szDivId, elem, msg1, msg2)
{
  var res = -1;  if (document.getElementById) {
    res = flip(document.getElementById(szDivId));
  }
  else if (document.all) {
    // this is the way old msie versions work
    res = flip(document.all[szDivId]);
  }
  if(elem) {
    if(res == 0) elem.innerHTML = msg1; else elem.innerHTML = msg2;
  }

}

function toggleAllBoxes() {
  if (document.getElementsByTagName) {
    d = document.getElementsByTagName('div');
    for (i = 0; i < d.length; i++) {
      if (d[i].className == 'log') {
        flip(d[i]);
      }
    }
  }
}

// -->
</script>

</head>
<body>
<h2 align='center'>all-tests-SAT-Chrome(failed)(failed)</h2><table border='1' align="center">
<tr>
<td>Tests passed/Failed/Skipped:</td><td>36/4/16</td>
</tr><tr>
<td>Started on:</td><td>Tue Jul 24 11:41:23 CEST 2018</td>
</tr>
<tr><td>Total time:</td><td>96 seconds (96066 ms)</td>
</tr><tr>
<td>Included groups:</td><td></td>
</tr><tr>
<td>Excluded groups:</td><td></td>
</tr>
</table><p/>
<small><i>(Hover the method name to see the test class name)</i></small><p/>
<table width='100%' border='1' class='invocation-failed'>
<tr><td colspan='4' align='center'><b>FAILED TESTS</b></td></tr>
<tr><td><b>Test method</b></td>
<td width="30%"><b>Exception</b></td>
<td width="10%"><b>Time (seconds)</b></td>
<td><b>Instance</b></td>
</tr>
<tr>
<td title='testCasesSAT.ArbetslivAddNewINTEFackGranskadBidragTillBok.BidragTillEnBokRedaktörNamn()'><b>BidragTillEnBokRedaktörNamn</b><br>Test class: testCasesSAT.ArbetslivAddNewINTEFackGranskadBidragTillBok</td>
<td><div><pre>org.openqa.selenium.TimeoutException: Expected condition failed: waiting for element to be clickable: By.id: Editors_0__Name (tried for 40 second(s) with 500 milliseconds interval)
	at org.openqa.selenium.support.ui.WebDriverWait.timeoutException(WebDriverWait.java:81)
	at org.openqa.selenium.support.ui.FluentWait.until(FluentWait.java:271)
	at driverAndCommands.DriverWaitExpectedConditions.WebDriverWaitForExpectedIdLocator(DriverWaitExpectedConditions.java:21)
	at testCasesSAT.ArbetslivAddNewINTEFackGranskadBidragTillBok.BidragTillEnBokRedaktörNamn(ArbetslivAddNewINTEFackGranskadBidragTillBok.java:100)
Caused by: org.openqa.selenium.NoSuchElementException: Cannot locate an element using By.id: Editors_0__Name
For documentation on this error, please visit: http://seleniumhq.org/exceptions/no_such_element.html
Build info: version: &apos;3.12.0&apos;, revision: &apos;7c6e0b3&apos;, time: &apos;2018-05-08T15:15:03.216Z&apos;
System info: host: &apos;77DWHM2&apos;, ip: &apos;10.251.12.117&apos;, os.name: &apos;Windows 10&apos;, os.arch: &apos;amd64&apos;, os.version: &apos;10.0&apos;, java.version: &apos;10.0.1&apos;
Driver info: driver.version: unknown
	at org.openqa.selenium.support.ui.ExpectedConditions.lambda$findElement$0(ExpectedConditions.java:896)
	at java.base/java.util.Optional.orElseThrow(Unknown Source)
	at org.openqa.selenium.support.ui.ExpectedConditions.findElement(ExpectedConditions.java:895)
	at org.openqa.selenium.support.ui.ExpectedConditions.access$000(ExpectedConditions.java:44)
	at org.openqa.selenium.support.ui.ExpectedConditions$7.apply(ExpectedConditions.java:206)
	at org.openqa.selenium.support.ui.ExpectedConditions$7.apply(ExpectedConditions.java:202)
	at org.openqa.selenium.support.ui.ExpectedConditions$22.apply(ExpectedConditions.java:657)
	at org.openqa.selenium.support.ui.ExpectedConditions$22.apply(ExpectedConditions.java:654)
	at org.openqa.selenium.support.ui.FluentWait.until(FluentWait.java:248)
	... 27 more
... Removed 25 stack frames</pre></div><a href='#' onClick='toggleBox("stack-trace1145496025", this, "Click to show all stack frames", "Click to hide stack frames")'>Click to show all stack frames</a>
<div class='stack-trace' id='stack-trace1145496025'><pre>org.openqa.selenium.TimeoutException: Expected condition failed: waiting for element to be clickable: By.id: Editors_0__Name (tried for 40 second(s) with 500 milliseconds interval)
	at org.openqa.selenium.support.ui.WebDriverWait.timeoutException(WebDriverWait.java:81)
	at org.openqa.selenium.support.ui.FluentWait.until(FluentWait.java:271)
	at driverAndCommands.DriverWaitExpectedConditions.WebDriverWaitForExpectedIdLocator(DriverWaitExpectedConditions.java:21)
	at testCasesSAT.ArbetslivAddNewINTEFackGranskadBidragTillBok.BidragTillEnBokRedaktörNamn(ArbetslivAddNewINTEFackGranskadBidragTillBok.java:100)
	at java.base/jdk.internal.reflect.NativeMethodAccessorImpl.invoke0(Native Method)
	at java.base/jdk.internal.reflect.NativeMethodAccessorImpl.invoke(Unknown Source)
	at java.base/jdk.internal.reflect.DelegatingMethodAccessorImpl.invoke(Unknown Source)
	at java.base/java.lang.reflect.Method.invoke(Unknown Source)
	at org.testng.internal.MethodInvocationHelper.invokeMethod(MethodInvocationHelper.java:124)
	at org.testng.internal.Invoker.invokeMethod(Invoker.java:580)
	at org.testng.internal.Invoker.invokeTestMethod(Invoker.java:716)
	at org.testng.internal.Invoker.invokeTestMethods(Invoker.java:988)
	at org.testng.internal.TestMethodWorker.invokeTestMethods(TestMethodWorker.java:125)
	at org.testng.internal.TestMethodWorker.run(TestMethodWorker.java:109)
	at org.testng.TestRunner.privateRun(TestRunner.java:648)
	at org.testng.TestRunner.run(TestRunner.java:505)
	at org.testng.SuiteRunner.runTest(SuiteRunner.java:455)
	at org.testng.SuiteRunner.runSequentially(SuiteRunner.java:450)
	at org.testng.SuiteRunner.privateRun(SuiteRunner.java:415)
	at org.testng.SuiteRunner.run(SuiteRunner.java:364)
	at org.testng.SuiteRunnerWorker.runSuite(SuiteRunnerWorker.java:52)
	at org.testng.SuiteRunnerWorker.run(SuiteRunnerWorker.java:84)
	at org.testng.TestNG.runSuitesSequentially(TestNG.java:1208)
	at org.testng.TestNG.runSuitesLocally(TestNG.java:1137)
	at org.testng.TestNG.runSuites(TestNG.java:1049)
	at org.testng.TestNG.run(TestNG.java:1017)
	at org.testng.remote.AbstractRemoteTestNG.run(AbstractRemoteTestNG.java:114)
	at org.testng.remote.RemoteTestNG.initAndRun(RemoteTestNG.java:251)
	at org.testng.remote.RemoteTestNG.main(RemoteTestNG.java:77)
Caused by: org.openqa.selenium.NoSuchElementException: Cannot locate an element using By.id: Editors_0__Name
For documentation on this error, please visit: http://seleniumhq.org/exceptions/no_such_element.html
Build info: version: &apos;3.12.0&apos;, revision: &apos;7c6e0b3&apos;, time: &apos;2018-05-08T15:15:03.216Z&apos;
System info: host: &apos;77DWHM2&apos;, ip: &apos;10.251.12.117&apos;, os.name: &apos;Windows 10&apos;, os.arch: &apos;amd64&apos;, os.version: &apos;10.0&apos;, java.version: &apos;10.0.1&apos;
Driver info: driver.version: unknown
	at org.openqa.selenium.support.ui.ExpectedConditions.lambda$findElement$0(ExpectedConditions.java:896)
	at java.base/java.util.Optional.orElseThrow(Unknown Source)
	at org.openqa.selenium.support.ui.ExpectedConditions.findElement(ExpectedConditions.java:895)
	at org.openqa.selenium.support.ui.ExpectedConditions.access$000(ExpectedConditions.java:44)
	at org.openqa.selenium.support.ui.ExpectedConditions$7.apply(ExpectedConditions.java:206)
	at org.openqa.selenium.support.ui.ExpectedConditions$7.apply(ExpectedConditions.java:202)
	at org.openqa.selenium.support.ui.ExpectedConditions$22.apply(ExpectedConditions.java:657)
	at org.openqa.selenium.support.ui.ExpectedConditions$22.apply(ExpectedConditions.java:654)
	at org.openqa.selenium.support.ui.FluentWait.until(FluentWait.java:248)
	... 27 more
</pre></div></td>
<td>41</td>
<td>testCasesSAT.ArbetslivAddNewINTEFackGranskadBidragTillBok@1bb266b3</td></tr>
<tr>
<td title='testCasesSAT.GranskningAddNewPaymentInformationBankLocatedInEurope.Spara()'><b>Spara</b><br>Test class: testCasesSAT.GranskningAddNewPaymentInformationBankLocatedInEurope</td>
<td><div><pre>org.openqa.selenium.WebDriverException: unknown error: Element &lt;input class=&quot;btn btn-primary&quot; id=&quot;Submitter&quot; name=&quot;Submitter&quot; title=&quot;Spara&quot; type=&quot;submit&quot; value=&quot;Spara&quot;&gt; is not clickable at point (747, 525). Other element would receive the click: &lt;div id=&quot;snapifyHiddenContent&quot; data-name=&quot;snapifyHiddenContent1236&quot; data-id=&quot;1236&quot; class=&quot;snapCFrm&quot; style=&quot;background: none repeat scroll 0 0 #292929; color: #f3f7f7; text-align:left;&quot;&gt;...&lt;/div&gt;
  (Session info: headless chrome=67.0.3396.99)
  (Driver info: chromedriver=2.40.565498 (ea082db3280dd6843ebfb08a625e3eb905c4f5ab),platform=Windows NT 10.0.16299 x86_64) (WARNING: The server did not provide any stacktrace information)
Command duration or timeout: 0 milliseconds
Build info: version: &apos;3.12.0&apos;, revision: &apos;7c6e0b3&apos;, time: &apos;2018-05-08T15:15:03.216Z&apos;
System info: host: &apos;77DWHM2&apos;, ip: &apos;10.251.12.117&apos;, os.name: &apos;Windows 10&apos;, os.arch: &apos;amd64&apos;, os.version: &apos;10.0&apos;, java.version: &apos;10.0.1&apos;
Driver info: org.openqa.selenium.chrome.ChromeDriver
Capabilities {acceptInsecureCerts: false, acceptSslCerts: false, applicationCacheEnabled: false, browserConnectionEnabled: false, browserName: chrome, chrome: {chromedriverVersion: 2.40.565498 (ea082db3280dd6..., userDataDir: C:\Users\krkl\AppData\Local...}, cssSelectorsEnabled: true, databaseEnabled: false, handlesAlerts: true, hasTouchScreen: false, javascriptEnabled: true, locationContextEnabled: true, mobileEmulationEnabled: false, nativeEvents: true, networkConnectionEnabled: false, pageLoadStrategy: normal, platform: XP, platformName: XP, rotatable: false, setWindowRect: true, takesHeapSnapshot: true, takesScreenshot: true, unexpectedAlertBehaviour: , unhandledPromptBehavior: , version: 67.0.3396.99, webStorageEnabled: true}
Session ID: 13495eee954e187f3a286005d1fd868f
	at org.openqa.selenium.remote.ErrorHandler.createThrowable(ErrorHandler.java:214)
	at org.openqa.selenium.remote.ErrorHandler.throwIfResponseFailed(ErrorHandler.java:166)
	at org.openqa.selenium.remote.http.JsonHttpResponseCodec.reconstructValue(JsonHttpResponseCodec.java:40)
	at org.openqa.selenium.remote.http.AbstractHttpResponseCodec.decode(AbstractHttpResponseCodec.java:80)
	at org.openqa.selenium.remote.http.AbstractHttpResponseCodec.decode(AbstractHttpResponseCodec.java:44)
	at org.openqa.selenium.remote.HttpCommandExecutor.execute(HttpCommandExecutor.java:158)
	at org.openqa.selenium.remote.service.DriverCommandExecutor.execute(DriverCommandExecutor.java:83)
	at org.openqa.selenium.remote.RemoteWebDriver.execute(RemoteWebDriver.java:543)
	at org.openqa.selenium.remote.RemoteWebElement.execute(RemoteWebElement.java:276)
	at org.openqa.selenium.remote.RemoteWebElement.click(RemoteWebElement.java:83)
	at testCasesSAT.GranskningAddNewPaymentInformationBankLocatedInEurope.Spara(GranskningAddNewPaymentInformationBankLocatedInEurope.java:90)
... Removed 29 stack frames</pre></div><a href='#' onClick='toggleBox("stack-trace1047879007", this, "Click to show all stack frames", "Click to hide stack frames")'>Click to show all stack frames</a>
<div class='stack-trace' id='stack-trace1047879007'><pre>org.openqa.selenium.WebDriverException: unknown error: Element &lt;input class=&quot;btn btn-primary&quot; id=&quot;Submitter&quot; name=&quot;Submitter&quot; title=&quot;Spara&quot; type=&quot;submit&quot; value=&quot;Spara&quot;&gt; is not clickable at point (747, 525). Other element would receive the click: &lt;div id=&quot;snapifyHiddenContent&quot; data-name=&quot;snapifyHiddenContent1236&quot; data-id=&quot;1236&quot; class=&quot;snapCFrm&quot; style=&quot;background: none repeat scroll 0 0 #292929; color: #f3f7f7; text-align:left;&quot;&gt;...&lt;/div&gt;
  (Session info: headless chrome=67.0.3396.99)
  (Driver info: chromedriver=2.40.565498 (ea082db3280dd6843ebfb08a625e3eb905c4f5ab),platform=Windows NT 10.0.16299 x86_64) (WARNING: The server did not provide any stacktrace information)
Command duration or timeout: 0 milliseconds
Build info: version: &apos;3.12.0&apos;, revision: &apos;7c6e0b3&apos;, time: &apos;2018-05-08T15:15:03.216Z&apos;
System info: host: &apos;77DWHM2&apos;, ip: &apos;10.251.12.117&apos;, os.name: &apos;Windows 10&apos;, os.arch: &apos;amd64&apos;, os.version: &apos;10.0&apos;, java.version: &apos;10.0.1&apos;
Driver info: org.openqa.selenium.chrome.ChromeDriver
Capabilities {acceptInsecureCerts: false, acceptSslCerts: false, applicationCacheEnabled: false, browserConnectionEnabled: false, browserName: chrome, chrome: {chromedriverVersion: 2.40.565498 (ea082db3280dd6..., userDataDir: C:\Users\krkl\AppData\Local...}, cssSelectorsEnabled: true, databaseEnabled: false, handlesAlerts: true, hasTouchScreen: false, javascriptEnabled: true, locationContextEnabled: true, mobileEmulationEnabled: false, nativeEvents: true, networkConnectionEnabled: false, pageLoadStrategy: normal, platform: XP, platformName: XP, rotatable: false, setWindowRect: true, takesHeapSnapshot: true, takesScreenshot: true, unexpectedAlertBehaviour: , unhandledPromptBehavior: , version: 67.0.3396.99, webStorageEnabled: true}
Session ID: 13495eee954e187f3a286005d1fd868f
	at java.base/jdk.internal.reflect.NativeConstructorAccessorImpl.newInstance0(Native Method)
	at java.base/jdk.internal.reflect.NativeConstructorAccessorImpl.newInstance(Unknown Source)
	at java.base/jdk.internal.reflect.DelegatingConstructorAccessorImpl.newInstance(Unknown Source)
	at java.base/java.lang.reflect.Constructor.newInstance(Unknown Source)
	at org.openqa.selenium.remote.ErrorHandler.createThrowable(ErrorHandler.java:214)
	at org.openqa.selenium.remote.ErrorHandler.throwIfResponseFailed(ErrorHandler.java:166)
	at org.openqa.selenium.remote.http.JsonHttpResponseCodec.reconstructValue(JsonHttpResponseCodec.java:40)
	at org.openqa.selenium.remote.http.AbstractHttpResponseCodec.decode(AbstractHttpResponseCodec.java:80)
	at org.openqa.selenium.remote.http.AbstractHttpResponseCodec.decode(AbstractHttpResponseCodec.java:44)
	at org.openqa.selenium.remote.HttpCommandExecutor.execute(HttpCommandExecutor.java:158)
	at org.openqa.selenium.remote.service.DriverCommandExecutor.execute(DriverCommandExecutor.java:83)
	at org.openqa.selenium.remote.RemoteWebDriver.execute(RemoteWebDriver.java:543)
	at org.openqa.selenium.remote.RemoteWebElement.execute(RemoteWebElement.java:276)
	at org.openqa.selenium.remote.RemoteWebElement.click(RemoteWebElement.java:83)
	at testCasesSAT.GranskningAddNewPaymentInformationBankLocatedInEurope.Spara(GranskningAddNewPaymentInformationBankLocatedInEurope.java:90)
	at java.base/jdk.internal.reflect.NativeMethodAccessorImpl.invoke0(Native Method)
	at java.base/jdk.internal.reflect.NativeMethodAccessorImpl.invoke(Unknown Source)
	at java.base/jdk.internal.reflect.DelegatingMethodAccessorImpl.invoke(Unknown Source)
	at java.base/java.lang.reflect.Method.invoke(Unknown Source)
	at org.testng.internal.MethodInvocationHelper.invokeMethod(MethodInvocationHelper.java:124)
	at org.testng.internal.Invoker.invokeMethod(Invoker.java:580)
	at org.testng.internal.Invoker.invokeTestMethod(Invoker.java:716)
	at org.testng.internal.Invoker.invokeTestMethods(Invoker.java:988)
	at org.testng.internal.TestMethodWorker.invokeTestMethods(TestMethodWorker.java:125)
	at org.testng.internal.TestMethodWorker.run(TestMethodWorker.java:109)
	at org.testng.TestRunner.privateRun(TestRunner.java:648)
	at org.testng.TestRunner.run(TestRunner.java:505)
	at org.testng.SuiteRunner.runTest(SuiteRunner.java:455)
	at org.testng.SuiteRunner.runSequentially(SuiteRunner.java:450)
	at org.testng.SuiteRunner.privateRun(SuiteRunner.java:415)
	at org.testng.SuiteRunner.run(SuiteRunner.java:364)
	at org.testng.SuiteRunnerWorker.runSuite(SuiteRunnerWorker.java:52)
	at org.testng.SuiteRunnerWorker.run(SuiteRunnerWorker.java:84)
	at org.testng.TestNG.runSuitesSequentially(TestNG.java:1208)
	at org.testng.TestNG.runSuitesLocally(TestNG.java:1137)
	at org.testng.TestNG.runSuites(TestNG.java:1049)
	at org.testng.TestNG.run(TestNG.java:1017)
	at org.testng.remote.AbstractRemoteTestNG.run(AbstractRemoteTestNG.java:114)
	at org.testng.remote.RemoteTestNG.initAndRun(RemoteTestNG.java:251)
	at org.testng.remote.RemoteTestNG.main(RemoteTestNG.java:77)
</pre></div></td>
<td>0</td>
<td>testCasesSAT.GranskningAddNewPaymentInformationBankLocatedInEurope@524d6d96</td></tr>
<tr>
<td title='testCasesSAT.ArbetslivAddNewForskarutbyten.SparaForskarUbyte()'><b>SparaForskarUbyte</b><br>Test class: testCasesSAT.ArbetslivAddNewForskarutbyten</td>
<td><div><pre>org.openqa.selenium.WebDriverException: unknown error: Element &lt;input class=&quot;btn btn-primary&quot; id=&quot;Submitter&quot; name=&quot;Submitter&quot; title=&quot;Spara&quot; type=&quot;submit&quot; value=&quot;Spara&quot;&gt; is not clickable at point (747, 550). Other element would receive the click: &lt;div id=&quot;snapifyHiddenContent&quot; data-name=&quot;snapifyHiddenContent1236&quot; data-id=&quot;1236&quot; class=&quot;snapCFrm&quot; style=&quot;background: none repeat scroll 0 0 #292929; color: #f3f7f7; text-align:left;&quot;&gt;...&lt;/div&gt;
  (Session info: headless chrome=67.0.3396.99)
  (Driver info: chromedriver=2.40.565498 (ea082db3280dd6843ebfb08a625e3eb905c4f5ab),platform=Windows NT 10.0.16299 x86_64) (WARNING: The server did not provide any stacktrace information)
Command duration or timeout: 0 milliseconds
Build info: version: &apos;3.12.0&apos;, revision: &apos;7c6e0b3&apos;, time: &apos;2018-05-08T15:15:03.216Z&apos;
System info: host: &apos;77DWHM2&apos;, ip: &apos;10.251.12.117&apos;, os.name: &apos;Windows 10&apos;, os.arch: &apos;amd64&apos;, os.version: &apos;10.0&apos;, java.version: &apos;10.0.1&apos;
Driver info: org.openqa.selenium.chrome.ChromeDriver
Capabilities {acceptInsecureCerts: false, acceptSslCerts: false, applicationCacheEnabled: false, browserConnectionEnabled: false, browserName: chrome, chrome: {chromedriverVersion: 2.40.565498 (ea082db3280dd6..., userDataDir: C:\Users\krkl\AppData\Local...}, cssSelectorsEnabled: true, databaseEnabled: false, handlesAlerts: true, hasTouchScreen: false, javascriptEnabled: true, locationContextEnabled: true, mobileEmulationEnabled: false, nativeEvents: true, networkConnectionEnabled: false, pageLoadStrategy: normal, platform: XP, platformName: XP, rotatable: false, setWindowRect: true, takesHeapSnapshot: true, takesScreenshot: true, unexpectedAlertBehaviour: , unhandledPromptBehavior: , version: 67.0.3396.99, webStorageEnabled: true}
Session ID: 3514a8d45ccf2bd6b1f2401744829920
	at org.openqa.selenium.remote.ErrorHandler.createThrowable(ErrorHandler.java:214)
	at org.openqa.selenium.remote.ErrorHandler.throwIfResponseFailed(ErrorHandler.java:166)
	at org.openqa.selenium.remote.http.JsonHttpResponseCodec.reconstructValue(JsonHttpResponseCodec.java:40)
	at org.openqa.selenium.remote.http.AbstractHttpResponseCodec.decode(AbstractHttpResponseCodec.java:80)
	at org.openqa.selenium.remote.http.AbstractHttpResponseCodec.decode(AbstractHttpResponseCodec.java:44)
	at org.openqa.selenium.remote.HttpCommandExecutor.execute(HttpCommandExecutor.java:158)
	at org.openqa.selenium.remote.service.DriverCommandExecutor.execute(DriverCommandExecutor.java:83)
	at org.openqa.selenium.remote.RemoteWebDriver.execute(RemoteWebDriver.java:543)
	at org.openqa.selenium.remote.RemoteWebElement.execute(RemoteWebElement.java:276)
	at org.openqa.selenium.remote.RemoteWebElement.click(RemoteWebElement.java:83)
	at testCasesSAT.ArbetslivAddNewForskarutbyten.SparaForskarUbyte(ArbetslivAddNewForskarutbyten.java:149)
... Removed 29 stack frames</pre></div><a href='#' onClick='toggleBox("stack-trace1032835955", this, "Click to show all stack frames", "Click to hide stack frames")'>Click to show all stack frames</a>
<div class='stack-trace' id='stack-trace1032835955'><pre>org.openqa.selenium.WebDriverException: unknown error: Element &lt;input class=&quot;btn btn-primary&quot; id=&quot;Submitter&quot; name=&quot;Submitter&quot; title=&quot;Spara&quot; type=&quot;submit&quot; value=&quot;Spara&quot;&gt; is not clickable at point (747, 550). Other element would receive the click: &lt;div id=&quot;snapifyHiddenContent&quot; data-name=&quot;snapifyHiddenContent1236&quot; data-id=&quot;1236&quot; class=&quot;snapCFrm&quot; style=&quot;background: none repeat scroll 0 0 #292929; color: #f3f7f7; text-align:left;&quot;&gt;...&lt;/div&gt;
  (Session info: headless chrome=67.0.3396.99)
  (Driver info: chromedriver=2.40.565498 (ea082db3280dd6843ebfb08a625e3eb905c4f5ab),platform=Windows NT 10.0.16299 x86_64) (WARNING: The server did not provide any stacktrace information)
Command duration or timeout: 0 milliseconds
Build info: version: &apos;3.12.0&apos;, revision: &apos;7c6e0b3&apos;, time: &apos;2018-05-08T15:15:03.216Z&apos;
System info: host: &apos;77DWHM2&apos;, ip: &apos;10.251.12.117&apos;, os.name: &apos;Windows 10&apos;, os.arch: &apos;amd64&apos;, os.version: &apos;10.0&apos;, java.version: &apos;10.0.1&apos;
Driver info: org.openqa.selenium.chrome.ChromeDriver
Capabilities {acceptInsecureCerts: false, acceptSslCerts: false, applicationCacheEnabled: false, browserConnectionEnabled: false, browserName: chrome, chrome: {chromedriverVersion: 2.40.565498 (ea082db3280dd6..., userDataDir: C:\Users\krkl\AppData\Local...}, cssSelectorsEnabled: true, databaseEnabled: false, handlesAlerts: true, hasTouchScreen: false, javascriptEnabled: true, locationContextEnabled: true, mobileEmulationEnabled: false, nativeEvents: true, networkConnectionEnabled: false, pageLoadStrategy: normal, platform: XP, platformName: XP, rotatable: false, setWindowRect: true, takesHeapSnapshot: true, takesScreenshot: true, unexpectedAlertBehaviour: , unhandledPromptBehavior: , version: 67.0.3396.99, webStorageEnabled: true}
Session ID: 3514a8d45ccf2bd6b1f2401744829920
	at java.base/jdk.internal.reflect.NativeConstructorAccessorImpl.newInstance0(Native Method)
	at java.base/jdk.internal.reflect.NativeConstructorAccessorImpl.newInstance(Unknown Source)
	at java.base/jdk.internal.reflect.DelegatingConstructorAccessorImpl.newInstance(Unknown Source)
	at java.base/java.lang.reflect.Constructor.newInstance(Unknown Source)
	at org.openqa.selenium.remote.ErrorHandler.createThrowable(ErrorHandler.java:214)
	at org.openqa.selenium.remote.ErrorHandler.throwIfResponseFailed(ErrorHandler.java:166)
	at org.openqa.selenium.remote.http.JsonHttpResponseCodec.reconstructValue(JsonHttpResponseCodec.java:40)
	at org.openqa.selenium.remote.http.AbstractHttpResponseCodec.decode(AbstractHttpResponseCodec.java:80)
	at org.openqa.selenium.remote.http.AbstractHttpResponseCodec.decode(AbstractHttpResponseCodec.java:44)
	at org.openqa.selenium.remote.HttpCommandExecutor.execute(HttpCommandExecutor.java:158)
	at org.openqa.selenium.remote.service.DriverCommandExecutor.execute(DriverCommandExecutor.java:83)
	at org.openqa.selenium.remote.RemoteWebDriver.execute(RemoteWebDriver.java:543)
	at org.openqa.selenium.remote.RemoteWebElement.execute(RemoteWebElement.java:276)
	at org.openqa.selenium.remote.RemoteWebElement.click(RemoteWebElement.java:83)
	at testCasesSAT.ArbetslivAddNewForskarutbyten.SparaForskarUbyte(ArbetslivAddNewForskarutbyten.java:149)
	at java.base/jdk.internal.reflect.NativeMethodAccessorImpl.invoke0(Native Method)
	at java.base/jdk.internal.reflect.NativeMethodAccessorImpl.invoke(Unknown Source)
	at java.base/jdk.internal.reflect.DelegatingMethodAccessorImpl.invoke(Unknown Source)
	at java.base/java.lang.reflect.Method.invoke(Unknown Source)
	at org.testng.internal.MethodInvocationHelper.invokeMethod(MethodInvocationHelper.java:124)
	at org.testng.internal.Invoker.invokeMethod(Invoker.java:580)
	at org.testng.internal.Invoker.invokeTestMethod(Invoker.java:716)
	at org.testng.internal.Invoker.invokeTestMethods(Invoker.java:988)
	at org.testng.internal.TestMethodWorker.invokeTestMethods(TestMethodWorker.java:125)
	at org.testng.internal.TestMethodWorker.run(TestMethodWorker.java:109)
	at org.testng.TestRunner.privateRun(TestRunner.java:648)
	at org.testng.TestRunner.run(TestRunner.java:505)
	at org.testng.SuiteRunner.runTest(SuiteRunner.java:455)
	at org.testng.SuiteRunner.runSequentially(SuiteRunner.java:450)
	at org.testng.SuiteRunner.privateRun(SuiteRunner.java:415)
	at org.testng.SuiteRunner.run(SuiteRunner.java:364)
	at org.testng.SuiteRunnerWorker.runSuite(SuiteRunnerWorker.java:52)
	at org.testng.SuiteRunnerWorker.run(SuiteRunnerWorker.java:84)
	at org.testng.TestNG.runSuitesSequentially(TestNG.java:1208)
	at org.testng.TestNG.runSuitesLocally(TestNG.java:1137)
	at org.testng.TestNG.runSuites(TestNG.java:1049)
	at org.testng.TestNG.run(TestNG.java:1017)
	at org.testng.remote.AbstractRemoteTestNG.run(AbstractRemoteTestNG.java:114)
	at org.testng.remote.RemoteTestNG.initAndRun(RemoteTestNG.java:251)
	at org.testng.remote.RemoteTestNG.main(RemoteTestNG.java:77)
</pre></div></td>
<td>0</td>
<td>testCasesSAT.ArbetslivAddNewForskarutbyten@68e965f5</td></tr>
<tr>
<td title='testCasesSAT.ArbetslivAddNewPostdoktorvistelser.SparaPostdoktorvistelser()'><b>SparaPostdoktorvistelser</b><br>Test class: testCasesSAT.ArbetslivAddNewPostdoktorvistelser</td>
<td><div><pre>org.openqa.selenium.WebDriverException: unknown error: Element &lt;input class=&quot;btn btn-primary&quot; id=&quot;Submitter&quot; name=&quot;Submitter&quot; title=&quot;Spara&quot; type=&quot;submit&quot; value=&quot;Spara&quot;&gt; is not clickable at point (747, 550). Other element would receive the click: &lt;div id=&quot;snapifyHiddenContent&quot; data-name=&quot;snapifyHiddenContent1236&quot; data-id=&quot;1236&quot; class=&quot;snapCFrm&quot; style=&quot;background: none repeat scroll 0 0 #292929; color: #f3f7f7; text-align:left;&quot;&gt;...&lt;/div&gt;
  (Session info: headless chrome=67.0.3396.99)
  (Driver info: chromedriver=2.40.565498 (ea082db3280dd6843ebfb08a625e3eb905c4f5ab),platform=Windows NT 10.0.16299 x86_64) (WARNING: The server did not provide any stacktrace information)
Command duration or timeout: 0 milliseconds
Build info: version: &apos;3.12.0&apos;, revision: &apos;7c6e0b3&apos;, time: &apos;2018-05-08T15:15:03.216Z&apos;
System info: host: &apos;77DWHM2&apos;, ip: &apos;10.251.12.117&apos;, os.name: &apos;Windows 10&apos;, os.arch: &apos;amd64&apos;, os.version: &apos;10.0&apos;, java.version: &apos;10.0.1&apos;
Driver info: org.openqa.selenium.chrome.ChromeDriver
Capabilities {acceptInsecureCerts: false, acceptSslCerts: false, applicationCacheEnabled: false, browserConnectionEnabled: false, browserName: chrome, chrome: {chromedriverVersion: 2.40.565498 (ea082db3280dd6..., userDataDir: C:\Users\krkl\AppData\Local...}, cssSelectorsEnabled: true, databaseEnabled: false, handlesAlerts: true, hasTouchScreen: false, javascriptEnabled: true, locationContextEnabled: true, mobileEmulationEnabled: false, nativeEvents: true, networkConnectionEnabled: false, pageLoadStrategy: normal, platform: XP, platformName: XP, rotatable: false, setWindowRect: true, takesHeapSnapshot: true, takesScreenshot: true, unexpectedAlertBehaviour: , unhandledPromptBehavior: , version: 67.0.3396.99, webStorageEnabled: true}
Session ID: d85ae5f83c86a43107b4e8b6743a65ad
	at org.openqa.selenium.remote.ErrorHandler.createThrowable(ErrorHandler.java:214)
	at org.openqa.selenium.remote.ErrorHandler.throwIfResponseFailed(ErrorHandler.java:166)
	at org.openqa.selenium.remote.http.JsonHttpResponseCodec.reconstructValue(JsonHttpResponseCodec.java:40)
	at org.openqa.selenium.remote.http.AbstractHttpResponseCodec.decode(AbstractHttpResponseCodec.java:80)
	at org.openqa.selenium.remote.http.AbstractHttpResponseCodec.decode(AbstractHttpResponseCodec.java:44)
	at org.openqa.selenium.remote.HttpCommandExecutor.execute(HttpCommandExecutor.java:158)
	at org.openqa.selenium.remote.service.DriverCommandExecutor.execute(DriverCommandExecutor.java:83)
	at org.openqa.selenium.remote.RemoteWebDriver.execute(RemoteWebDriver.java:543)
	at org.openqa.selenium.remote.RemoteWebElement.execute(RemoteWebElement.java:276)
	at org.openqa.selenium.remote.RemoteWebElement.click(RemoteWebElement.java:83)
	at testCasesSAT.ArbetslivAddNewPostdoktorvistelser.SparaPostdoktorvistelser(ArbetslivAddNewPostdoktorvistelser.java:134)
... Removed 29 stack frames</pre></div><a href='#' onClick='toggleBox("stack-trace774267608", this, "Click to show all stack frames", "Click to hide stack frames")'>Click to show all stack frames</a>
<div class='stack-trace' id='stack-trace774267608'><pre>org.openqa.selenium.WebDriverException: unknown error: Element &lt;input class=&quot;btn btn-primary&quot; id=&quot;Submitter&quot; name=&quot;Submitter&quot; title=&quot;Spara&quot; type=&quot;submit&quot; value=&quot;Spara&quot;&gt; is not clickable at point (747, 550). Other element would receive the click: &lt;div id=&quot;snapifyHiddenContent&quot; data-name=&quot;snapifyHiddenContent1236&quot; data-id=&quot;1236&quot; class=&quot;snapCFrm&quot; style=&quot;background: none repeat scroll 0 0 #292929; color: #f3f7f7; text-align:left;&quot;&gt;...&lt;/div&gt;
  (Session info: headless chrome=67.0.3396.99)
  (Driver info: chromedriver=2.40.565498 (ea082db3280dd6843ebfb08a625e3eb905c4f5ab),platform=Windows NT 10.0.16299 x86_64) (WARNING: The server did not provide any stacktrace information)
Command duration or timeout: 0 milliseconds
Build info: version: &apos;3.12.0&apos;, revision: &apos;7c6e0b3&apos;, time: &apos;2018-05-08T15:15:03.216Z&apos;
System info: host: &apos;77DWHM2&apos;, ip: &apos;10.251.12.117&apos;, os.name: &apos;Windows 10&apos;, os.arch: &apos;amd64&apos;, os.version: &apos;10.0&apos;, java.version: &apos;10.0.1&apos;
Driver info: org.openqa.selenium.chrome.ChromeDriver
Capabilities {acceptInsecureCerts: false, acceptSslCerts: false, applicationCacheEnabled: false, browserConnectionEnabled: false, browserName: chrome, chrome: {chromedriverVersion: 2.40.565498 (ea082db3280dd6..., userDataDir: C:\Users\krkl\AppData\Local...}, cssSelectorsEnabled: true, databaseEnabled: false, handlesAlerts: true, hasTouchScreen: false, javascriptEnabled: true, locationContextEnabled: true, mobileEmulationEnabled: false, nativeEvents: true, networkConnectionEnabled: false, pageLoadStrategy: normal, platform: XP, platformName: XP, rotatable: false, setWindowRect: true, takesHeapSnapshot: true, takesScreenshot: true, unexpectedAlertBehaviour: , unhandledPromptBehavior: , version: 67.0.3396.99, webStorageEnabled: true}
Session ID: d85ae5f83c86a43107b4e8b6743a65ad
	at java.base/jdk.internal.reflect.NativeConstructorAccessorImpl.newInstance0(Native Method)
	at java.base/jdk.internal.reflect.NativeConstructorAccessorImpl.newInstance(Unknown Source)
	at java.base/jdk.internal.reflect.DelegatingConstructorAccessorImpl.newInstance(Unknown Source)
	at java.base/java.lang.reflect.Constructor.newInstance(Unknown Source)
	at org.openqa.selenium.remote.ErrorHandler.createThrowable(ErrorHandler.java:214)
	at org.openqa.selenium.remote.ErrorHandler.throwIfResponseFailed(ErrorHandler.java:166)
	at org.openqa.selenium.remote.http.JsonHttpResponseCodec.reconstructValue(JsonHttpResponseCodec.java:40)
	at org.openqa.selenium.remote.http.AbstractHttpResponseCodec.decode(AbstractHttpResponseCodec.java:80)
	at org.openqa.selenium.remote.http.AbstractHttpResponseCodec.decode(AbstractHttpResponseCodec.java:44)
	at org.openqa.selenium.remote.HttpCommandExecutor.execute(HttpCommandExecutor.java:158)
	at org.openqa.selenium.remote.service.DriverCommandExecutor.execute(DriverCommandExecutor.java:83)
	at org.openqa.selenium.remote.RemoteWebDriver.execute(RemoteWebDriver.java:543)
	at org.openqa.selenium.remote.RemoteWebElement.execute(RemoteWebElement.java:276)
	at org.openqa.selenium.remote.RemoteWebElement.click(RemoteWebElement.java:83)
	at testCasesSAT.ArbetslivAddNewPostdoktorvistelser.SparaPostdoktorvistelser(ArbetslivAddNewPostdoktorvistelser.java:134)
	at java.base/jdk.internal.reflect.NativeMethodAccessorImpl.invoke0(Native Method)
	at java.base/jdk.internal.reflect.NativeMethodAccessorImpl.invoke(Unknown Source)
	at java.base/jdk.internal.reflect.DelegatingMethodAccessorImpl.invoke(Unknown Source)
	at java.base/java.lang.reflect.Method.invoke(Unknown Source)
	at org.testng.internal.MethodInvocationHelper.invokeMethod(MethodInvocationHelper.java:124)
	at org.testng.internal.Invoker.invokeMethod(Invoker.java:580)
	at org.testng.internal.Invoker.invokeTestMethod(Invoker.java:716)
	at org.testng.internal.Invoker.invokeTestMethods(Invoker.java:988)
	at org.testng.internal.TestMethodWorker.invokeTestMethods(TestMethodWorker.java:125)
	at org.testng.internal.TestMethodWorker.run(TestMethodWorker.java:109)
	at org.testng.TestRunner.privateRun(TestRunner.java:648)
	at org.testng.TestRunner.run(TestRunner.java:505)
	at org.testng.SuiteRunner.runTest(SuiteRunner.java:455)
	at org.testng.SuiteRunner.runSequentially(SuiteRunner.java:450)
	at org.testng.SuiteRunner.privateRun(SuiteRunner.java:415)
	at org.testng.SuiteRunner.run(SuiteRunner.java:364)
	at org.testng.SuiteRunnerWorker.runSuite(SuiteRunnerWorker.java:52)
	at org.testng.SuiteRunnerWorker.run(SuiteRunnerWorker.java:84)
	at org.testng.TestNG.runSuitesSequentially(TestNG.java:1208)
	at org.testng.TestNG.runSuitesLocally(TestNG.java:1137)
	at org.testng.TestNG.runSuites(TestNG.java:1049)
	at org.testng.TestNG.run(TestNG.java:1017)
	at org.testng.remote.AbstractRemoteTestNG.run(AbstractRemoteTestNG.java:114)
	at org.testng.remote.RemoteTestNG.initAndRun(RemoteTestNG.java:251)
	at org.testng.remote.RemoteTestNG.main(RemoteTestNG.java:77)
</pre></div></td>
<td>0</td>
<td>testCasesSAT.ArbetslivAddNewPostdoktorvistelser@29647f75</td></tr>
</table><p>
<table width='100%' border='1' class='invocation-passed'>
<tr><td colspan='4' align='center'><b>PASSED TESTS</b></td></tr>
<tr><td><b>Test method</b></td>
<td width="30%"><b>Exception</b></td>
<td width="10%"><b>Time (seconds)</b></td>
<td><b>Instance</b></td>
</tr>
<tr>
<td title='testCasesSAT.ArbetslivAddNewForskarutbyten.AddForskarUbyten()'><b>AddForskarUbyten</b><br>Test class: testCasesSAT.ArbetslivAddNewForskarutbyten</td>
<td></td>
<td>0</td>
<td>testCasesSAT.ArbetslivAddNewForskarutbyten@68e965f5</td></tr>
<tr>
<td title='testCasesSAT.ArbetslivAddNewPostdoktorvistelser.AddPostdoktorvistelser()'><b>AddPostdoktorvistelser</b><br>Test class: testCasesSAT.ArbetslivAddNewPostdoktorvistelser</td>
<td></td>
<td>0</td>
<td>testCasesSAT.ArbetslivAddNewPostdoktorvistelser@29647f75</td></tr>
<tr>
<td title='testCasesSAT.GranskningAddNewPaymentInformationBankLocatedInEurope.BankensLand()'><b>BankensLand</b><br>Test class: testCasesSAT.GranskningAddNewPaymentInformationBankLocatedInEurope</td>
<td></td>
<td>0</td>
<td>testCasesSAT.GranskningAddNewPaymentInformationBankLocatedInEurope@524d6d96</td></tr>
<tr>
<td title='testCasesSAT.GranskningAddNewPaymentInformationBankLocatedInEurope.BankensNamn()'><b>BankensNamn</b><br>Test class: testCasesSAT.GranskningAddNewPaymentInformationBankLocatedInEurope</td>
<td></td>
<td>0</td>
<td>testCasesSAT.GranskningAddNewPaymentInformationBankLocatedInEurope@524d6d96</td></tr>
<tr>
<td title='testCasesSAT.GranskningAddNewPaymentInformationBankLocatedInEurope.Betalningsinformation()'><b>Betalningsinformation</b><br>Test class: testCasesSAT.GranskningAddNewPaymentInformationBankLocatedInEurope</td>
<td></td>
<td>0</td>
<td>testCasesSAT.GranskningAddNewPaymentInformationBankLocatedInEurope@524d6d96</td></tr>
<tr>
<td title='testCasesSAT.ArbetslivAddNewINTEFackGranskadBidragTillBok.BidragTillEnBokFörfattareEfternamn()'><b>BidragTillEnBokFörfattareEfternamn</b><br>Test class: testCasesSAT.ArbetslivAddNewINTEFackGranskadBidragTillBok</td>
<td></td>
<td>0</td>
<td>testCasesSAT.ArbetslivAddNewINTEFackGranskadBidragTillBok@1bb266b3</td></tr>
<tr>
<td title='testCasesSAT.ArbetslivAddNewINTEFackGranskadBidragTillBok.BidragTillEnBokFörfattareFörnamn()'><b>BidragTillEnBokFörfattareFörnamn</b><br>Test class: testCasesSAT.ArbetslivAddNewINTEFackGranskadBidragTillBok</td>
<td></td>
<td>0</td>
<td>testCasesSAT.ArbetslivAddNewINTEFackGranskadBidragTillBok@1bb266b3</td></tr>
<tr>
<td title='testCasesSAT.ArbetslivAddNewINTEFackGranskadBidragTillBok.BidragTillEnBokFörfattareKnapp()'><b>BidragTillEnBokFörfattareKnapp</b><br>Test class: testCasesSAT.ArbetslivAddNewINTEFackGranskadBidragTillBok</td>
<td></td>
<td>0</td>
<td>testCasesSAT.ArbetslivAddNewINTEFackGranskadBidragTillBok@1bb266b3</td></tr>
<tr>
<td title='testCasesSAT.ArbetslivAddNewINTEFackGranskadBidragTillBok.BidragTillEnBokRedaktörKnapp()'><b>BidragTillEnBokRedaktörKnapp</b><br>Test class: testCasesSAT.ArbetslivAddNewINTEFackGranskadBidragTillBok</td>
<td></td>
<td>0</td>
<td>testCasesSAT.ArbetslivAddNewINTEFackGranskadBidragTillBok@1bb266b3</td></tr>
<tr>
<td title='testCasesSAT.ArbetslivAddNewINTEFackGranskadBidragTillBok.BidragTillEnBokTitel()'><b>BidragTillEnBokTitel</b><br>Test class: testCasesSAT.ArbetslivAddNewINTEFackGranskadBidragTillBok</td>
<td></td>
<td>0</td>
<td>testCasesSAT.ArbetslivAddNewINTEFackGranskadBidragTillBok@1bb266b3</td></tr>
<tr>
<td title='testCasesSAT.ArbetslivAddNewForskarutbyten.ClickArbetsliv()'><b>ClickArbetsliv</b><br>Test class: testCasesSAT.ArbetslivAddNewForskarutbyten</td>
<td></td>
<td>0</td>
<td>testCasesSAT.ArbetslivAddNewForskarutbyten@68e965f5</td></tr>
<tr>
<td title='testCasesSAT.ArbetslivAddNewPostdoktorvistelser.ClickArbetsliv()'><b>ClickArbetsliv</b><br>Test class: testCasesSAT.ArbetslivAddNewPostdoktorvistelser</td>
<td></td>
<td>0</td>
<td>testCasesSAT.ArbetslivAddNewPostdoktorvistelser@29647f75</td></tr>
<tr>
<td title='testCasesSAT.GranskningAddNewPaymentInformationBankLocatedInEurope.ClickGranskningsfliken()'><b>ClickGranskningsfliken</b><br>Test class: testCasesSAT.GranskningAddNewPaymentInformationBankLocatedInEurope</td>
<td></td>
<td>0</td>
<td>testCasesSAT.GranskningAddNewPaymentInformationBankLocatedInEurope@524d6d96</td></tr>
<tr>
<td title='testCasesSAT.ArbetslivAddNewINTEFackGranskadBidragTillBok.ClickPublikationer()'><b>ClickPublikationer</b><br>Test class: testCasesSAT.ArbetslivAddNewINTEFackGranskadBidragTillBok</td>
<td></td>
<td>0</td>
<td>testCasesSAT.ArbetslivAddNewINTEFackGranskadBidragTillBok@1bb266b3</td></tr>
<tr>
<td title='testCasesSAT.ArbetslivAddNewINTEFackGranskadBidragTillBok.DropDownBidragTillEnBok()'><b>DropDownBidragTillEnBok</b><br>Test class: testCasesSAT.ArbetslivAddNewINTEFackGranskadBidragTillBok</td>
<td></td>
<td>0</td>
<td>testCasesSAT.ArbetslivAddNewINTEFackGranskadBidragTillBok@1bb266b3</td></tr>
<tr>
<td title='testCasesSAT.GranskningAddNewPaymentInformationBankLocatedInEurope.IBAN()'><b>IBAN</b><br>Test class: testCasesSAT.GranskningAddNewPaymentInformationBankLocatedInEurope</td>
<td></td>
<td>0</td>
<td>testCasesSAT.GranskningAddNewPaymentInformationBankLocatedInEurope@524d6d96</td></tr>
<tr>
<td title='testCasesSAT.GranskningAddNewPaymentInformationBankLocatedInEurope.Kontoinnehavare()'><b>Kontoinnehavare</b><br>Test class: testCasesSAT.GranskningAddNewPaymentInformationBankLocatedInEurope</td>
<td></td>
<td>0</td>
<td>testCasesSAT.GranskningAddNewPaymentInformationBankLocatedInEurope@524d6d96</td></tr>
<tr>
<td title='testCasesSAT.ArbetslivAddNewForskarutbyten.LoginAsUser()'><b>LoginAsUser</b><br>Test class: testCasesSAT.ArbetslivAddNewForskarutbyten</td>
<td></td>
<td>7</td>
<td>testCasesSAT.ArbetslivAddNewForskarutbyten@68e965f5</td></tr>
<tr>
<td title='testCasesSAT.GranskningAddNewPaymentInformationBankLocatedInEurope.LoginAsUser()'><b>LoginAsUser</b><br>Test class: testCasesSAT.GranskningAddNewPaymentInformationBankLocatedInEurope</td>
<td></td>
<td>8</td>
<td>testCasesSAT.GranskningAddNewPaymentInformationBankLocatedInEurope@524d6d96</td></tr>
<tr>
<td title='testCasesSAT.ArbetslivAddNewINTEFackGranskadBidragTillBok.LoginAsUser()'><b>LoginAsUser</b><br>Test class: testCasesSAT.ArbetslivAddNewINTEFackGranskadBidragTillBok</td>
<td></td>
<td>5</td>
<td>testCasesSAT.ArbetslivAddNewINTEFackGranskadBidragTillBok@1bb266b3</td></tr>
<tr>
<td title='testCasesSAT.ArbetslivAddNewPostdoktorvistelser.LoginAsUser()'><b>LoginAsUser</b><br>Test class: testCasesSAT.ArbetslivAddNewPostdoktorvistelser</td>
<td></td>
<td>6</td>
<td>testCasesSAT.ArbetslivAddNewPostdoktorvistelser@29647f75</td></tr>
<tr>
<td title='testCasesSAT.ArbetslivAddNewINTEFackGranskadBidragTillBok.LäggTillPublikationer()'><b>LäggTillPublikationer</b><br>Test class: testCasesSAT.ArbetslivAddNewINTEFackGranskadBidragTillBok</td>
<td></td>
<td>0</td>
<td>testCasesSAT.ArbetslivAddNewINTEFackGranskadBidragTillBok@1bb266b3</td></tr>
<tr>
<td title='testCasesSAT.ArbetslivAddNewForskarutbyten.PeriodEndMonth()'><b>PeriodEndMonth</b><br>Test class: testCasesSAT.ArbetslivAddNewForskarutbyten</td>
<td></td>
<td>0</td>
<td>testCasesSAT.ArbetslivAddNewForskarutbyten@68e965f5</td></tr>
<tr>
<td title='testCasesSAT.ArbetslivAddNewPostdoktorvistelser.PeriodEndMonth()'><b>PeriodEndMonth</b><br>Test class: testCasesSAT.ArbetslivAddNewPostdoktorvistelser</td>
<td></td>
<td>0</td>
<td>testCasesSAT.ArbetslivAddNewPostdoktorvistelser@29647f75</td></tr>
<tr>
<td title='testCasesSAT.ArbetslivAddNewForskarutbyten.PeriodStartMonth()'><b>PeriodStartMonth</b><br>Test class: testCasesSAT.ArbetslivAddNewForskarutbyten</td>
<td></td>
<td>0</td>
<td>testCasesSAT.ArbetslivAddNewForskarutbyten@68e965f5</td></tr>
<tr>
<td title='testCasesSAT.ArbetslivAddNewPostdoktorvistelser.PeriodStartMonth()'><b>PeriodStartMonth</b><br>Test class: testCasesSAT.ArbetslivAddNewPostdoktorvistelser</td>
<td></td>
<td>0</td>
<td>testCasesSAT.ArbetslivAddNewPostdoktorvistelser@29647f75</td></tr>
<tr>
<td title='testCasesSAT.ArbetslivAddNewForskarutbyten.PeriodStartOchSlutYear()'><b>PeriodStartOchSlutYear</b><br>Test class: testCasesSAT.ArbetslivAddNewForskarutbyten</td>
<td></td>
<td>1</td>
<td>testCasesSAT.ArbetslivAddNewForskarutbyten@68e965f5</td></tr>
<tr>
<td title='testCasesSAT.ArbetslivAddNewPostdoktorvistelser.PeriodStartOchSlutYear()'><b>PeriodStartOchSlutYear</b><br>Test class: testCasesSAT.ArbetslivAddNewPostdoktorvistelser</td>
<td></td>
<td>1</td>
<td>testCasesSAT.ArbetslivAddNewPostdoktorvistelser@29647f75</td></tr>
<tr>
<td title='testCasesSAT.GranskningAddNewPaymentInformationBankLocatedInEurope.SWIFTBIC()'><b>SWIFTBIC</b><br>Test class: testCasesSAT.GranskningAddNewPaymentInformationBankLocatedInEurope</td>
<td></td>
<td>0</td>
<td>testCasesSAT.GranskningAddNewPaymentInformationBankLocatedInEurope@524d6d96</td></tr>
<tr>
<td title='testCasesSAT.ArbetslivAddNewForskarutbyten.SelectOrganization()'><b>SelectOrganization</b><br>Test class: testCasesSAT.ArbetslivAddNewForskarutbyten</td>
<td></td>
<td>2</td>
<td>testCasesSAT.ArbetslivAddNewForskarutbyten@68e965f5</td></tr>
<tr>
<td title='testCasesSAT.ArbetslivAddNewPostdoktorvistelser.SelectOrganization()'><b>SelectOrganization</b><br>Test class: testCasesSAT.ArbetslivAddNewPostdoktorvistelser</td>
<td></td>
<td>2</td>
<td>testCasesSAT.ArbetslivAddNewPostdoktorvistelser@29647f75</td></tr>
<tr>
<td title='testCasesSAT.GranskningAddNewPaymentInformationBankLocatedInEurope.TIN()'><b>TIN</b><br>Test class: testCasesSAT.GranskningAddNewPaymentInformationBankLocatedInEurope</td>
<td></td>
<td>0</td>
<td>testCasesSAT.GranskningAddNewPaymentInformationBankLocatedInEurope@524d6d96</td></tr>
<tr>
<td title='testCasesSAT.ArbetslivAddNewForskarutbyten.Typ()'><b>Typ</b><br>Test class: testCasesSAT.ArbetslivAddNewForskarutbyten</td>
<td></td>
<td>0</td>
<td>testCasesSAT.ArbetslivAddNewForskarutbyten@68e965f5</td></tr>
<tr>
<td title='testCasesSAT.ArbetslivAddNewINTEFackGranskadBidragTillBok.VäljPublikationsTyp()'><b>VäljPublikationsTyp</b><br>Test class: testCasesSAT.ArbetslivAddNewINTEFackGranskadBidragTillBok</td>
<td></td>
<td>0</td>
<td>testCasesSAT.ArbetslivAddNewINTEFackGranskadBidragTillBok@1bb266b3</td></tr>
<tr>
<td title='testCasesSAT.ArbetslivAddNewForskarutbyten.Ämne()'><b>Ämne</b><br>Test class: testCasesSAT.ArbetslivAddNewForskarutbyten</td>
<td></td>
<td>0</td>
<td>testCasesSAT.ArbetslivAddNewForskarutbyten@68e965f5</td></tr>
<tr>
<td title='testCasesSAT.ArbetslivAddNewPostdoktorvistelser.ÄmneDropDown()'><b>ÄmneDropDown</b><br>Test class: testCasesSAT.ArbetslivAddNewPostdoktorvistelser</td>
<td></td>
<td>0</td>
<td>testCasesSAT.ArbetslivAddNewPostdoktorvistelser@29647f75</td></tr>
</table><p>
<table width='100%' border='1' class='invocation-skipped'>
<tr><td colspan='4' align='center'><b>SKIPPED TESTS</b></td></tr>
<tr><td><b>Test method</b></td>
<td width="30%"><b>Exception</b></td>
<td width="10%"><b>Time (seconds)</b></td>
<td><b>Instance</b></td>
</tr>
<tr>
<td title='testCasesSAT.GranskningAddNewPaymentInformationBankLocatedInEurope.AccepteraAlert()'><b>AccepteraAlert</b><br>Test class: testCasesSAT.GranskningAddNewPaymentInformationBankLocatedInEurope</td>
<td><div><pre>java.lang.Throwable: Method GranskningAddNewPaymentInformationBankLocatedInEurope.AccepteraAlert()[pri:0, instance:testCasesSAT.GranskningAddNewPaymentInformationBankLocatedInEurope@524d6d96] depends on not successfully finished methods
... Removed 18 stack frames</pre></div><a href='#' onClick='toggleBox("stack-trace69214838", this, "Click to show all stack frames", "Click to hide stack frames")'>Click to show all stack frames</a>
<div class='stack-trace' id='stack-trace69214838'><pre>java.lang.Throwable: Method GranskningAddNewPaymentInformationBankLocatedInEurope.AccepteraAlert()[pri:0, instance:testCasesSAT.GranskningAddNewPaymentInformationBankLocatedInEurope@524d6d96] depends on not successfully finished methods
	at org.testng.internal.Invoker.invokeTestMethods(Invoker.java:887)
	at org.testng.internal.TestMethodWorker.invokeTestMethods(TestMethodWorker.java:125)
	at org.testng.internal.TestMethodWorker.run(TestMethodWorker.java:109)
	at org.testng.TestRunner.privateRun(TestRunner.java:648)
	at org.testng.TestRunner.run(TestRunner.java:505)
	at org.testng.SuiteRunner.runTest(SuiteRunner.java:455)
	at org.testng.SuiteRunner.runSequentially(SuiteRunner.java:450)
	at org.testng.SuiteRunner.privateRun(SuiteRunner.java:415)
	at org.testng.SuiteRunner.run(SuiteRunner.java:364)
	at org.testng.SuiteRunnerWorker.runSuite(SuiteRunnerWorker.java:52)
	at org.testng.SuiteRunnerWorker.run(SuiteRunnerWorker.java:84)
	at org.testng.TestNG.runSuitesSequentially(TestNG.java:1208)
	at org.testng.TestNG.runSuitesLocally(TestNG.java:1137)
	at org.testng.TestNG.runSuites(TestNG.java:1049)
	at org.testng.TestNG.run(TestNG.java:1017)
	at org.testng.remote.AbstractRemoteTestNG.run(AbstractRemoteTestNG.java:114)
	at org.testng.remote.RemoteTestNG.initAndRun(RemoteTestNG.java:251)
	at org.testng.remote.RemoteTestNG.main(RemoteTestNG.java:77)
</pre></div></td>
<td>0</td>
<td>null</td></tr>
<tr>
<td title='testCasesSAT.ArbetslivAddNewINTEFackGranskadBidragTillBok.BidragTillEnBokOpenAccessDokumentVersion()'><b>BidragTillEnBokOpenAccessDokumentVersion</b><br>Test class: testCasesSAT.ArbetslivAddNewINTEFackGranskadBidragTillBok</td>
<td><div><pre>java.lang.Throwable: Method ArbetslivAddNewINTEFackGranskadBidragTillBok.BidragTillEnBokOpenAccessDokumentVersion()[pri:0, instance:testCasesSAT.ArbetslivAddNewINTEFackGranskadBidragTillBok@1bb266b3] depends on not successfully finished methods
... Removed 18 stack frames</pre></div><a href='#' onClick='toggleBox("stack-trace288329615", this, "Click to show all stack frames", "Click to hide stack frames")'>Click to show all stack frames</a>
<div class='stack-trace' id='stack-trace288329615'><pre>java.lang.Throwable: Method ArbetslivAddNewINTEFackGranskadBidragTillBok.BidragTillEnBokOpenAccessDokumentVersion()[pri:0, instance:testCasesSAT.ArbetslivAddNewINTEFackGranskadBidragTillBok@1bb266b3] depends on not successfully finished methods
	at org.testng.internal.Invoker.invokeTestMethods(Invoker.java:887)
	at org.testng.internal.TestMethodWorker.invokeTestMethods(TestMethodWorker.java:125)
	at org.testng.internal.TestMethodWorker.run(TestMethodWorker.java:109)
	at org.testng.TestRunner.privateRun(TestRunner.java:648)
	at org.testng.TestRunner.run(TestRunner.java:505)
	at org.testng.SuiteRunner.runTest(SuiteRunner.java:455)
	at org.testng.SuiteRunner.runSequentially(SuiteRunner.java:450)
	at org.testng.SuiteRunner.privateRun(SuiteRunner.java:415)
	at org.testng.SuiteRunner.run(SuiteRunner.java:364)
	at org.testng.SuiteRunnerWorker.runSuite(SuiteRunnerWorker.java:52)
	at org.testng.SuiteRunnerWorker.run(SuiteRunnerWorker.java:84)
	at org.testng.TestNG.runSuitesSequentially(TestNG.java:1208)
	at org.testng.TestNG.runSuitesLocally(TestNG.java:1137)
	at org.testng.TestNG.runSuites(TestNG.java:1049)
	at org.testng.TestNG.run(TestNG.java:1017)
	at org.testng.remote.AbstractRemoteTestNG.run(AbstractRemoteTestNG.java:114)
	at org.testng.remote.RemoteTestNG.initAndRun(RemoteTestNG.java:251)
	at org.testng.remote.RemoteTestNG.main(RemoteTestNG.java:77)
</pre></div></td>
<td>0</td>
<td>null</td></tr>
<tr>
<td title='testCasesSAT.ArbetslivAddNewINTEFackGranskadBidragTillBok.BidragTillEnBokOpenAccessFormAvOA()'><b>BidragTillEnBokOpenAccessFormAvOA</b><br>Test class: testCasesSAT.ArbetslivAddNewINTEFackGranskadBidragTillBok</td>
<td><div><pre>java.lang.Throwable: Method ArbetslivAddNewINTEFackGranskadBidragTillBok.BidragTillEnBokOpenAccessFormAvOA()[pri:0, instance:testCasesSAT.ArbetslivAddNewINTEFackGranskadBidragTillBok@1bb266b3] depends on not successfully finished methods
... Removed 18 stack frames</pre></div><a href='#' onClick='toggleBox("stack-trace2051378291", this, "Click to show all stack frames", "Click to hide stack frames")'>Click to show all stack frames</a>
<div class='stack-trace' id='stack-trace2051378291'><pre>java.lang.Throwable: Method ArbetslivAddNewINTEFackGranskadBidragTillBok.BidragTillEnBokOpenAccessFormAvOA()[pri:0, instance:testCasesSAT.ArbetslivAddNewINTEFackGranskadBidragTillBok@1bb266b3] depends on not successfully finished methods
	at org.testng.internal.Invoker.invokeTestMethods(Invoker.java:887)
	at org.testng.internal.TestMethodWorker.invokeTestMethods(TestMethodWorker.java:125)
	at org.testng.internal.TestMethodWorker.run(TestMethodWorker.java:109)
	at org.testng.TestRunner.privateRun(TestRunner.java:648)
	at org.testng.TestRunner.run(TestRunner.java:505)
	at org.testng.SuiteRunner.runTest(SuiteRunner.java:455)
	at org.testng.SuiteRunner.runSequentially(SuiteRunner.java:450)
	at org.testng.SuiteRunner.privateRun(SuiteRunner.java:415)
	at org.testng.SuiteRunner.run(SuiteRunner.java:364)
	at org.testng.SuiteRunnerWorker.runSuite(SuiteRunnerWorker.java:52)
	at org.testng.SuiteRunnerWorker.run(SuiteRunnerWorker.java:84)
	at org.testng.TestNG.runSuitesSequentially(TestNG.java:1208)
	at org.testng.TestNG.runSuitesLocally(TestNG.java:1137)
	at org.testng.TestNG.runSuites(TestNG.java:1049)
	at org.testng.TestNG.run(TestNG.java:1017)
	at org.testng.remote.AbstractRemoteTestNG.run(AbstractRemoteTestNG.java:114)
	at org.testng.remote.RemoteTestNG.initAndRun(RemoteTestNG.java:251)
	at org.testng.remote.RemoteTestNG.main(RemoteTestNG.java:77)
</pre></div></td>
<td>0</td>
<td>null</td></tr>
<tr>
<td title='testCasesSAT.ArbetslivAddNewINTEFackGranskadBidragTillBok.BidragTillEnBokOpenAccessLänkExternLänkFörPublicering()'><b>BidragTillEnBokOpenAccessLänkExternLänkFörPublicering</b><br>Test class: testCasesSAT.ArbetslivAddNewINTEFackGranskadBidragTillBok</td>
<td><div><pre>java.lang.Throwable: Method ArbetslivAddNewINTEFackGranskadBidragTillBok.BidragTillEnBokOpenAccessLänkExternLänkFörPublicering()[pri:0, instance:testCasesSAT.ArbetslivAddNewINTEFackGranskadBidragTillBok@1bb266b3] depends on not successfully finished methods
... Removed 18 stack frames</pre></div><a href='#' onClick='toggleBox("stack-trace1786221884", this, "Click to show all stack frames", "Click to hide stack frames")'>Click to show all stack frames</a>
<div class='stack-trace' id='stack-trace1786221884'><pre>java.lang.Throwable: Method ArbetslivAddNewINTEFackGranskadBidragTillBok.BidragTillEnBokOpenAccessLänkExternLänkFörPublicering()[pri:0, instance:testCasesSAT.ArbetslivAddNewINTEFackGranskadBidragTillBok@1bb266b3] depends on not successfully finished methods
	at org.testng.internal.Invoker.invokeTestMethods(Invoker.java:887)
	at org.testng.internal.TestMethodWorker.invokeTestMethods(TestMethodWorker.java:125)
	at org.testng.internal.TestMethodWorker.run(TestMethodWorker.java:109)
	at org.testng.TestRunner.privateRun(TestRunner.java:648)
	at org.testng.TestRunner.run(TestRunner.java:505)
	at org.testng.SuiteRunner.runTest(SuiteRunner.java:455)
	at org.testng.SuiteRunner.runSequentially(SuiteRunner.java:450)
	at org.testng.SuiteRunner.privateRun(SuiteRunner.java:415)
	at org.testng.SuiteRunner.run(SuiteRunner.java:364)
	at org.testng.SuiteRunnerWorker.runSuite(SuiteRunnerWorker.java:52)
	at org.testng.SuiteRunnerWorker.run(SuiteRunnerWorker.java:84)
	at org.testng.TestNG.runSuitesSequentially(TestNG.java:1208)
	at org.testng.TestNG.runSuitesLocally(TestNG.java:1137)
	at org.testng.TestNG.runSuites(TestNG.java:1049)
	at org.testng.TestNG.run(TestNG.java:1017)
	at org.testng.remote.AbstractRemoteTestNG.run(AbstractRemoteTestNG.java:114)
	at org.testng.remote.RemoteTestNG.initAndRun(RemoteTestNG.java:251)
	at org.testng.remote.RemoteTestNG.main(RemoteTestNG.java:77)
</pre></div></td>
<td>0</td>
<td>null</td></tr>
<tr>
<td title='testCasesSAT.ArbetslivAddNewINTEFackGranskadBidragTillBok.BidragTillEnBokOpenAcessSammanfattning()'><b>BidragTillEnBokOpenAcessSammanfattning</b><br>Test class: testCasesSAT.ArbetslivAddNewINTEFackGranskadBidragTillBok</td>
<td><div><pre>java.lang.Throwable: Method ArbetslivAddNewINTEFackGranskadBidragTillBok.BidragTillEnBokOpenAcessSammanfattning()[pri:0, instance:testCasesSAT.ArbetslivAddNewINTEFackGranskadBidragTillBok@1bb266b3] depends on not successfully finished methods
... Removed 18 stack frames</pre></div><a href='#' onClick='toggleBox("stack-trace292568264", this, "Click to show all stack frames", "Click to hide stack frames")'>Click to show all stack frames</a>
<div class='stack-trace' id='stack-trace292568264'><pre>java.lang.Throwable: Method ArbetslivAddNewINTEFackGranskadBidragTillBok.BidragTillEnBokOpenAcessSammanfattning()[pri:0, instance:testCasesSAT.ArbetslivAddNewINTEFackGranskadBidragTillBok@1bb266b3] depends on not successfully finished methods
	at org.testng.internal.Invoker.invokeTestMethods(Invoker.java:887)
	at org.testng.internal.TestMethodWorker.invokeTestMethods(TestMethodWorker.java:125)
	at org.testng.internal.TestMethodWorker.run(TestMethodWorker.java:109)
	at org.testng.TestRunner.privateRun(TestRunner.java:648)
	at org.testng.TestRunner.run(TestRunner.java:505)
	at org.testng.SuiteRunner.runTest(SuiteRunner.java:455)
	at org.testng.SuiteRunner.runSequentially(SuiteRunner.java:450)
	at org.testng.SuiteRunner.privateRun(SuiteRunner.java:415)
	at org.testng.SuiteRunner.run(SuiteRunner.java:364)
	at org.testng.SuiteRunnerWorker.runSuite(SuiteRunnerWorker.java:52)
	at org.testng.SuiteRunnerWorker.run(SuiteRunnerWorker.java:84)
	at org.testng.TestNG.runSuitesSequentially(TestNG.java:1208)
	at org.testng.TestNG.runSuitesLocally(TestNG.java:1137)
	at org.testng.TestNG.runSuites(TestNG.java:1049)
	at org.testng.TestNG.run(TestNG.java:1017)
	at org.testng.remote.AbstractRemoteTestNG.run(AbstractRemoteTestNG.java:114)
	at org.testng.remote.RemoteTestNG.initAndRun(RemoteTestNG.java:251)
	at org.testng.remote.RemoteTestNG.main(RemoteTestNG.java:77)
</pre></div></td>
<td>0</td>
<td>null</td></tr>
<tr>
<td title='testCasesSAT.ArbetslivAddNewINTEFackGranskadBidragTillBok.BidragTillEnBokSpara()'><b>BidragTillEnBokSpara</b><br>Test class: testCasesSAT.ArbetslivAddNewINTEFackGranskadBidragTillBok</td>
<td><div><pre>java.lang.Throwable: Method ArbetslivAddNewINTEFackGranskadBidragTillBok.BidragTillEnBokSpara()[pri:0, instance:testCasesSAT.ArbetslivAddNewINTEFackGranskadBidragTillBok@1bb266b3] depends on not successfully finished methods
... Removed 18 stack frames</pre></div><a href='#' onClick='toggleBox("stack-trace49737193", this, "Click to show all stack frames", "Click to hide stack frames")'>Click to show all stack frames</a>
<div class='stack-trace' id='stack-trace49737193'><pre>java.lang.Throwable: Method ArbetslivAddNewINTEFackGranskadBidragTillBok.BidragTillEnBokSpara()[pri:0, instance:testCasesSAT.ArbetslivAddNewINTEFackGranskadBidragTillBok@1bb266b3] depends on not successfully finished methods
	at org.testng.internal.Invoker.invokeTestMethods(Invoker.java:887)
	at org.testng.internal.TestMethodWorker.invokeTestMethods(TestMethodWorker.java:125)
	at org.testng.internal.TestMethodWorker.run(TestMethodWorker.java:109)
	at org.testng.TestRunner.privateRun(TestRunner.java:648)
	at org.testng.TestRunner.run(TestRunner.java:505)
	at org.testng.SuiteRunner.runTest(SuiteRunner.java:455)
	at org.testng.SuiteRunner.runSequentially(SuiteRunner.java:450)
	at org.testng.SuiteRunner.privateRun(SuiteRunner.java:415)
	at org.testng.SuiteRunner.run(SuiteRunner.java:364)
	at org.testng.SuiteRunnerWorker.runSuite(SuiteRunnerWorker.java:52)
	at org.testng.SuiteRunnerWorker.run(SuiteRunnerWorker.java:84)
	at org.testng.TestNG.runSuitesSequentially(TestNG.java:1208)
	at org.testng.TestNG.runSuitesLocally(TestNG.java:1137)
	at org.testng.TestNG.runSuites(TestNG.java:1049)
	at org.testng.TestNG.run(TestNG.java:1017)
	at org.testng.remote.AbstractRemoteTestNG.run(AbstractRemoteTestNG.java:114)
	at org.testng.remote.RemoteTestNG.initAndRun(RemoteTestNG.java:251)
	at org.testng.remote.RemoteTestNG.main(RemoteTestNG.java:77)
</pre></div></td>
<td>0</td>
<td>null</td></tr>
<tr>
<td title='testCasesSAT.ArbetslivAddNewINTEFackGranskadBidragTillBok.BidragTillEnBokUtgivareDOI()'><b>BidragTillEnBokUtgivareDOI</b><br>Test class: testCasesSAT.ArbetslivAddNewINTEFackGranskadBidragTillBok</td>
<td><div><pre>java.lang.Throwable: Method ArbetslivAddNewINTEFackGranskadBidragTillBok.BidragTillEnBokUtgivareDOI()[pri:0, instance:testCasesSAT.ArbetslivAddNewINTEFackGranskadBidragTillBok@1bb266b3] depends on not successfully finished methods
... Removed 18 stack frames</pre></div><a href='#' onClick='toggleBox("stack-trace1050573424", this, "Click to show all stack frames", "Click to hide stack frames")'>Click to show all stack frames</a>
<div class='stack-trace' id='stack-trace1050573424'><pre>java.lang.Throwable: Method ArbetslivAddNewINTEFackGranskadBidragTillBok.BidragTillEnBokUtgivareDOI()[pri:0, instance:testCasesSAT.ArbetslivAddNewINTEFackGranskadBidragTillBok@1bb266b3] depends on not successfully finished methods
	at org.testng.internal.Invoker.invokeTestMethods(Invoker.java:887)
	at org.testng.internal.TestMethodWorker.invokeTestMethods(TestMethodWorker.java:125)
	at org.testng.internal.TestMethodWorker.run(TestMethodWorker.java:109)
	at org.testng.TestRunner.privateRun(TestRunner.java:648)
	at org.testng.TestRunner.run(TestRunner.java:505)
	at org.testng.SuiteRunner.runTest(SuiteRunner.java:455)
	at org.testng.SuiteRunner.runSequentially(SuiteRunner.java:450)
	at org.testng.SuiteRunner.privateRun(SuiteRunner.java:415)
	at org.testng.SuiteRunner.run(SuiteRunner.java:364)
	at org.testng.SuiteRunnerWorker.runSuite(SuiteRunnerWorker.java:52)
	at org.testng.SuiteRunnerWorker.run(SuiteRunnerWorker.java:84)
	at org.testng.TestNG.runSuitesSequentially(TestNG.java:1208)
	at org.testng.TestNG.runSuitesLocally(TestNG.java:1137)
	at org.testng.TestNG.runSuites(TestNG.java:1049)
	at org.testng.TestNG.run(TestNG.java:1017)
	at org.testng.remote.AbstractRemoteTestNG.run(AbstractRemoteTestNG.java:114)
	at org.testng.remote.RemoteTestNG.initAndRun(RemoteTestNG.java:251)
	at org.testng.remote.RemoteTestNG.main(RemoteTestNG.java:77)
</pre></div></td>
<td>0</td>
<td>null</td></tr>
<tr>
<td title='testCasesSAT.ArbetslivAddNewINTEFackGranskadBidragTillBok.BidragTillEnBokUtgivareFörlag()'><b>BidragTillEnBokUtgivareFörlag</b><br>Test class: testCasesSAT.ArbetslivAddNewINTEFackGranskadBidragTillBok</td>
<td><div><pre>java.lang.Throwable: Method ArbetslivAddNewINTEFackGranskadBidragTillBok.BidragTillEnBokUtgivareFörlag()[pri:0, instance:testCasesSAT.ArbetslivAddNewINTEFackGranskadBidragTillBok@1bb266b3] depends on not successfully finished methods
... Removed 18 stack frames</pre></div><a href='#' onClick='toggleBox("stack-trace502661440", this, "Click to show all stack frames", "Click to hide stack frames")'>Click to show all stack frames</a>
<div class='stack-trace' id='stack-trace502661440'><pre>java.lang.Throwable: Method ArbetslivAddNewINTEFackGranskadBidragTillBok.BidragTillEnBokUtgivareFörlag()[pri:0, instance:testCasesSAT.ArbetslivAddNewINTEFackGranskadBidragTillBok@1bb266b3] depends on not successfully finished methods
	at org.testng.internal.Invoker.invokeTestMethods(Invoker.java:887)
	at org.testng.internal.TestMethodWorker.invokeTestMethods(TestMethodWorker.java:125)
	at org.testng.internal.TestMethodWorker.run(TestMethodWorker.java:109)
	at org.testng.TestRunner.privateRun(TestRunner.java:648)
	at org.testng.TestRunner.run(TestRunner.java:505)
	at org.testng.SuiteRunner.runTest(SuiteRunner.java:455)
	at org.testng.SuiteRunner.runSequentially(SuiteRunner.java:450)
	at org.testng.SuiteRunner.privateRun(SuiteRunner.java:415)
	at org.testng.SuiteRunner.run(SuiteRunner.java:364)
	at org.testng.SuiteRunnerWorker.runSuite(SuiteRunnerWorker.java:52)
	at org.testng.SuiteRunnerWorker.run(SuiteRunnerWorker.java:84)
	at org.testng.TestNG.runSuitesSequentially(TestNG.java:1208)
	at org.testng.TestNG.runSuitesLocally(TestNG.java:1137)
	at org.testng.TestNG.runSuites(TestNG.java:1049)
	at org.testng.TestNG.run(TestNG.java:1017)
	at org.testng.remote.AbstractRemoteTestNG.run(AbstractRemoteTestNG.java:114)
	at org.testng.remote.RemoteTestNG.initAndRun(RemoteTestNG.java:251)
	at org.testng.remote.RemoteTestNG.main(RemoteTestNG.java:77)
</pre></div></td>
<td>0</td>
<td>null</td></tr>
<tr>
<td title='testCasesSAT.ArbetslivAddNewINTEFackGranskadBidragTillBok.BidragTillEnBokUtgivareFörlagsplats()'><b>BidragTillEnBokUtgivareFörlagsplats</b><br>Test class: testCasesSAT.ArbetslivAddNewINTEFackGranskadBidragTillBok</td>
<td><div><pre>java.lang.Throwable: Method ArbetslivAddNewINTEFackGranskadBidragTillBok.BidragTillEnBokUtgivareFörlagsplats()[pri:0, instance:testCasesSAT.ArbetslivAddNewINTEFackGranskadBidragTillBok@1bb266b3] depends on not successfully finished methods
... Removed 18 stack frames</pre></div><a href='#' onClick='toggleBox("stack-trace300918638", this, "Click to show all stack frames", "Click to hide stack frames")'>Click to show all stack frames</a>
<div class='stack-trace' id='stack-trace300918638'><pre>java.lang.Throwable: Method ArbetslivAddNewINTEFackGranskadBidragTillBok.BidragTillEnBokUtgivareFörlagsplats()[pri:0, instance:testCasesSAT.ArbetslivAddNewINTEFackGranskadBidragTillBok@1bb266b3] depends on not successfully finished methods
	at org.testng.internal.Invoker.invokeTestMethods(Invoker.java:887)
	at org.testng.internal.TestMethodWorker.invokeTestMethods(TestMethodWorker.java:125)
	at org.testng.internal.TestMethodWorker.run(TestMethodWorker.java:109)
	at org.testng.TestRunner.privateRun(TestRunner.java:648)
	at org.testng.TestRunner.run(TestRunner.java:505)
	at org.testng.SuiteRunner.runTest(SuiteRunner.java:455)
	at org.testng.SuiteRunner.runSequentially(SuiteRunner.java:450)
	at org.testng.SuiteRunner.privateRun(SuiteRunner.java:415)
	at org.testng.SuiteRunner.run(SuiteRunner.java:364)
	at org.testng.SuiteRunnerWorker.runSuite(SuiteRunnerWorker.java:52)
	at org.testng.SuiteRunnerWorker.run(SuiteRunnerWorker.java:84)
	at org.testng.TestNG.runSuitesSequentially(TestNG.java:1208)
	at org.testng.TestNG.runSuitesLocally(TestNG.java:1137)
	at org.testng.TestNG.runSuites(TestNG.java:1049)
	at org.testng.TestNG.run(TestNG.java:1017)
	at org.testng.remote.AbstractRemoteTestNG.run(AbstractRemoteTestNG.java:114)
	at org.testng.remote.RemoteTestNG.initAndRun(RemoteTestNG.java:251)
	at org.testng.remote.RemoteTestNG.main(RemoteTestNG.java:77)
</pre></div></td>
<td>0</td>
<td>null</td></tr>
<tr>
<td title='testCasesSAT.ArbetslivAddNewINTEFackGranskadBidragTillBok.BidragTillEnBokUtgivareFörstaSidnummer()'><b>BidragTillEnBokUtgivareFörstaSidnummer</b><br>Test class: testCasesSAT.ArbetslivAddNewINTEFackGranskadBidragTillBok</td>
<td><div><pre>java.lang.Throwable: Method ArbetslivAddNewINTEFackGranskadBidragTillBok.BidragTillEnBokUtgivareFörstaSidnummer()[pri:0, instance:testCasesSAT.ArbetslivAddNewINTEFackGranskadBidragTillBok@1bb266b3] depends on not successfully finished methods
... Removed 18 stack frames</pre></div><a href='#' onClick='toggleBox("stack-trace412731310", this, "Click to show all stack frames", "Click to hide stack frames")'>Click to show all stack frames</a>
<div class='stack-trace' id='stack-trace412731310'><pre>java.lang.Throwable: Method ArbetslivAddNewINTEFackGranskadBidragTillBok.BidragTillEnBokUtgivareFörstaSidnummer()[pri:0, instance:testCasesSAT.ArbetslivAddNewINTEFackGranskadBidragTillBok@1bb266b3] depends on not successfully finished methods
	at org.testng.internal.Invoker.invokeTestMethods(Invoker.java:887)
	at org.testng.internal.TestMethodWorker.invokeTestMethods(TestMethodWorker.java:125)
	at org.testng.internal.TestMethodWorker.run(TestMethodWorker.java:109)
	at org.testng.TestRunner.privateRun(TestRunner.java:648)
	at org.testng.TestRunner.run(TestRunner.java:505)
	at org.testng.SuiteRunner.runTest(SuiteRunner.java:455)
	at org.testng.SuiteRunner.runSequentially(SuiteRunner.java:450)
	at org.testng.SuiteRunner.privateRun(SuiteRunner.java:415)
	at org.testng.SuiteRunner.run(SuiteRunner.java:364)
	at org.testng.SuiteRunnerWorker.runSuite(SuiteRunnerWorker.java:52)
	at org.testng.SuiteRunnerWorker.run(SuiteRunnerWorker.java:84)
	at org.testng.TestNG.runSuitesSequentially(TestNG.java:1208)
	at org.testng.TestNG.runSuitesLocally(TestNG.java:1137)
	at org.testng.TestNG.runSuites(TestNG.java:1049)
	at org.testng.TestNG.run(TestNG.java:1017)
	at org.testng.remote.AbstractRemoteTestNG.run(AbstractRemoteTestNG.java:114)
	at org.testng.remote.RemoteTestNG.initAndRun(RemoteTestNG.java:251)
	at org.testng.remote.RemoteTestNG.main(RemoteTestNG.java:77)
</pre></div></td>
<td>0</td>
<td>null</td></tr>
<tr>
<td title='testCasesSAT.ArbetslivAddNewINTEFackGranskadBidragTillBok.BidragTillEnBokUtgivareISBN()'><b>BidragTillEnBokUtgivareISBN</b><br>Test class: testCasesSAT.ArbetslivAddNewINTEFackGranskadBidragTillBok</td>
<td><div><pre>java.lang.Throwable: Method ArbetslivAddNewINTEFackGranskadBidragTillBok.BidragTillEnBokUtgivareISBN()[pri:0, instance:testCasesSAT.ArbetslivAddNewINTEFackGranskadBidragTillBok@1bb266b3] depends on not successfully finished methods
... Removed 18 stack frames</pre></div><a href='#' onClick='toggleBox("stack-trace306941929", this, "Click to show all stack frames", "Click to hide stack frames")'>Click to show all stack frames</a>
<div class='stack-trace' id='stack-trace306941929'><pre>java.lang.Throwable: Method ArbetslivAddNewINTEFackGranskadBidragTillBok.BidragTillEnBokUtgivareISBN()[pri:0, instance:testCasesSAT.ArbetslivAddNewINTEFackGranskadBidragTillBok@1bb266b3] depends on not successfully finished methods
	at org.testng.internal.Invoker.invokeTestMethods(Invoker.java:887)
	at org.testng.internal.TestMethodWorker.invokeTestMethods(TestMethodWorker.java:125)
	at org.testng.internal.TestMethodWorker.run(TestMethodWorker.java:109)
	at org.testng.TestRunner.privateRun(TestRunner.java:648)
	at org.testng.TestRunner.run(TestRunner.java:505)
	at org.testng.SuiteRunner.runTest(SuiteRunner.java:455)
	at org.testng.SuiteRunner.runSequentially(SuiteRunner.java:450)
	at org.testng.SuiteRunner.privateRun(SuiteRunner.java:415)
	at org.testng.SuiteRunner.run(SuiteRunner.java:364)
	at org.testng.SuiteRunnerWorker.runSuite(SuiteRunnerWorker.java:52)
	at org.testng.SuiteRunnerWorker.run(SuiteRunnerWorker.java:84)
	at org.testng.TestNG.runSuitesSequentially(TestNG.java:1208)
	at org.testng.TestNG.runSuitesLocally(TestNG.java:1137)
	at org.testng.TestNG.runSuites(TestNG.java:1049)
	at org.testng.TestNG.run(TestNG.java:1017)
	at org.testng.remote.AbstractRemoteTestNG.run(AbstractRemoteTestNG.java:114)
	at org.testng.remote.RemoteTestNG.initAndRun(RemoteTestNG.java:251)
	at org.testng.remote.RemoteTestNG.main(RemoteTestNG.java:77)
</pre></div></td>
<td>0</td>
<td>null</td></tr>
<tr>
<td title='testCasesSAT.ArbetslivAddNewINTEFackGranskadBidragTillBok.BidragTillEnBokUtgivareKällaFörPublikation()'><b>BidragTillEnBokUtgivareKällaFörPublikation</b><br>Test class: testCasesSAT.ArbetslivAddNewINTEFackGranskadBidragTillBok</td>
<td><div><pre>java.lang.Throwable: Method ArbetslivAddNewINTEFackGranskadBidragTillBok.BidragTillEnBokUtgivareKällaFörPublikation()[pri:0, instance:testCasesSAT.ArbetslivAddNewINTEFackGranskadBidragTillBok@1bb266b3] depends on not successfully finished methods
... Removed 18 stack frames</pre></div><a href='#' onClick='toggleBox("stack-trace715978059", this, "Click to show all stack frames", "Click to hide stack frames")'>Click to show all stack frames</a>
<div class='stack-trace' id='stack-trace715978059'><pre>java.lang.Throwable: Method ArbetslivAddNewINTEFackGranskadBidragTillBok.BidragTillEnBokUtgivareKällaFörPublikation()[pri:0, instance:testCasesSAT.ArbetslivAddNewINTEFackGranskadBidragTillBok@1bb266b3] depends on not successfully finished methods
	at org.testng.internal.Invoker.invokeTestMethods(Invoker.java:887)
	at org.testng.internal.TestMethodWorker.invokeTestMethods(TestMethodWorker.java:125)
	at org.testng.internal.TestMethodWorker.run(TestMethodWorker.java:109)
	at org.testng.TestRunner.privateRun(TestRunner.java:648)
	at org.testng.TestRunner.run(TestRunner.java:505)
	at org.testng.SuiteRunner.runTest(SuiteRunner.java:455)
	at org.testng.SuiteRunner.runSequentially(SuiteRunner.java:450)
	at org.testng.SuiteRunner.privateRun(SuiteRunner.java:415)
	at org.testng.SuiteRunner.run(SuiteRunner.java:364)
	at org.testng.SuiteRunnerWorker.runSuite(SuiteRunnerWorker.java:52)
	at org.testng.SuiteRunnerWorker.run(SuiteRunnerWorker.java:84)
	at org.testng.TestNG.runSuitesSequentially(TestNG.java:1208)
	at org.testng.TestNG.runSuitesLocally(TestNG.java:1137)
	at org.testng.TestNG.runSuites(TestNG.java:1049)
	at org.testng.TestNG.run(TestNG.java:1017)
	at org.testng.remote.AbstractRemoteTestNG.run(AbstractRemoteTestNG.java:114)
	at org.testng.remote.RemoteTestNG.initAndRun(RemoteTestNG.java:251)
	at org.testng.remote.RemoteTestNG.main(RemoteTestNG.java:77)
</pre></div></td>
<td>0</td>
<td>null</td></tr>
<tr>
<td title='testCasesSAT.ArbetslivAddNewINTEFackGranskadBidragTillBok.BidragTillEnBokUtgivareKällaID()'><b>BidragTillEnBokUtgivareKällaID</b><br>Test class: testCasesSAT.ArbetslivAddNewINTEFackGranskadBidragTillBok</td>
<td><div><pre>java.lang.Throwable: Method ArbetslivAddNewINTEFackGranskadBidragTillBok.BidragTillEnBokUtgivareKällaID()[pri:0, instance:testCasesSAT.ArbetslivAddNewINTEFackGranskadBidragTillBok@1bb266b3] depends on not successfully finished methods
... Removed 18 stack frames</pre></div><a href='#' onClick='toggleBox("stack-trace861939497", this, "Click to show all stack frames", "Click to hide stack frames")'>Click to show all stack frames</a>
<div class='stack-trace' id='stack-trace861939497'><pre>java.lang.Throwable: Method ArbetslivAddNewINTEFackGranskadBidragTillBok.BidragTillEnBokUtgivareKällaID()[pri:0, instance:testCasesSAT.ArbetslivAddNewINTEFackGranskadBidragTillBok@1bb266b3] depends on not successfully finished methods
	at org.testng.internal.Invoker.invokeTestMethods(Invoker.java:887)
	at org.testng.internal.TestMethodWorker.invokeTestMethods(TestMethodWorker.java:125)
	at org.testng.internal.TestMethodWorker.run(TestMethodWorker.java:109)
	at org.testng.TestRunner.privateRun(TestRunner.java:648)
	at org.testng.TestRunner.run(TestRunner.java:505)
	at org.testng.SuiteRunner.runTest(SuiteRunner.java:455)
	at org.testng.SuiteRunner.runSequentially(SuiteRunner.java:450)
	at org.testng.SuiteRunner.privateRun(SuiteRunner.java:415)
	at org.testng.SuiteRunner.run(SuiteRunner.java:364)
	at org.testng.SuiteRunnerWorker.runSuite(SuiteRunnerWorker.java:52)
	at org.testng.SuiteRunnerWorker.run(SuiteRunnerWorker.java:84)
	at org.testng.TestNG.runSuitesSequentially(TestNG.java:1208)
	at org.testng.TestNG.runSuitesLocally(TestNG.java:1137)
	at org.testng.TestNG.runSuites(TestNG.java:1049)
	at org.testng.TestNG.run(TestNG.java:1017)
	at org.testng.remote.AbstractRemoteTestNG.run(AbstractRemoteTestNG.java:114)
	at org.testng.remote.RemoteTestNG.initAndRun(RemoteTestNG.java:251)
	at org.testng.remote.RemoteTestNG.main(RemoteTestNG.java:77)
</pre></div></td>
<td>0</td>
<td>null</td></tr>
<tr>
<td title='testCasesSAT.ArbetslivAddNewINTEFackGranskadBidragTillBok.BidragTillEnBokUtgivareSistaSidnummer()'><b>BidragTillEnBokUtgivareSistaSidnummer</b><br>Test class: testCasesSAT.ArbetslivAddNewINTEFackGranskadBidragTillBok</td>
<td><div><pre>java.lang.Throwable: Method ArbetslivAddNewINTEFackGranskadBidragTillBok.BidragTillEnBokUtgivareSistaSidnummer()[pri:0, instance:testCasesSAT.ArbetslivAddNewINTEFackGranskadBidragTillBok@1bb266b3] depends on not successfully finished methods
... Removed 18 stack frames</pre></div><a href='#' onClick='toggleBox("stack-trace820458657", this, "Click to show all stack frames", "Click to hide stack frames")'>Click to show all stack frames</a>
<div class='stack-trace' id='stack-trace820458657'><pre>java.lang.Throwable: Method ArbetslivAddNewINTEFackGranskadBidragTillBok.BidragTillEnBokUtgivareSistaSidnummer()[pri:0, instance:testCasesSAT.ArbetslivAddNewINTEFackGranskadBidragTillBok@1bb266b3] depends on not successfully finished methods
	at org.testng.internal.Invoker.invokeTestMethods(Invoker.java:887)
	at org.testng.internal.TestMethodWorker.invokeTestMethods(TestMethodWorker.java:125)
	at org.testng.internal.TestMethodWorker.run(TestMethodWorker.java:109)
	at org.testng.TestRunner.privateRun(TestRunner.java:648)
	at org.testng.TestRunner.run(TestRunner.java:505)
	at org.testng.SuiteRunner.runTest(SuiteRunner.java:455)
	at org.testng.SuiteRunner.runSequentially(SuiteRunner.java:450)
	at org.testng.SuiteRunner.privateRun(SuiteRunner.java:415)
	at org.testng.SuiteRunner.run(SuiteRunner.java:364)
	at org.testng.SuiteRunnerWorker.runSuite(SuiteRunnerWorker.java:52)
	at org.testng.SuiteRunnerWorker.run(SuiteRunnerWorker.java:84)
	at org.testng.TestNG.runSuitesSequentially(TestNG.java:1208)
	at org.testng.TestNG.runSuitesLocally(TestNG.java:1137)
	at org.testng.TestNG.runSuites(TestNG.java:1049)
	at org.testng.TestNG.run(TestNG.java:1017)
	at org.testng.remote.AbstractRemoteTestNG.run(AbstractRemoteTestNG.java:114)
	at org.testng.remote.RemoteTestNG.initAndRun(RemoteTestNG.java:251)
	at org.testng.remote.RemoteTestNG.main(RemoteTestNG.java:77)
</pre></div></td>
<td>0</td>
<td>null</td></tr>
<tr>
<td title='testCasesSAT.ArbetslivAddNewINTEFackGranskadBidragTillBok.BidragTillEnBokUtgivareStatus()'><b>BidragTillEnBokUtgivareStatus</b><br>Test class: testCasesSAT.ArbetslivAddNewINTEFackGranskadBidragTillBok</td>
<td><div><pre>java.lang.Throwable: Method ArbetslivAddNewINTEFackGranskadBidragTillBok.BidragTillEnBokUtgivareStatus()[pri:0, instance:testCasesSAT.ArbetslivAddNewINTEFackGranskadBidragTillBok@1bb266b3] depends on not successfully finished methods
... Removed 18 stack frames</pre></div><a href='#' onClick='toggleBox("stack-trace2021011079", this, "Click to show all stack frames", "Click to hide stack frames")'>Click to show all stack frames</a>
<div class='stack-trace' id='stack-trace2021011079'><pre>java.lang.Throwable: Method ArbetslivAddNewINTEFackGranskadBidragTillBok.BidragTillEnBokUtgivareStatus()[pri:0, instance:testCasesSAT.ArbetslivAddNewINTEFackGranskadBidragTillBok@1bb266b3] depends on not successfully finished methods
	at org.testng.internal.Invoker.invokeTestMethods(Invoker.java:887)
	at org.testng.internal.TestMethodWorker.invokeTestMethods(TestMethodWorker.java:125)
	at org.testng.internal.TestMethodWorker.run(TestMethodWorker.java:109)
	at org.testng.TestRunner.privateRun(TestRunner.java:648)
	at org.testng.TestRunner.run(TestRunner.java:505)
	at org.testng.SuiteRunner.runTest(SuiteRunner.java:455)
	at org.testng.SuiteRunner.runSequentially(SuiteRunner.java:450)
	at org.testng.SuiteRunner.privateRun(SuiteRunner.java:415)
	at org.testng.SuiteRunner.run(SuiteRunner.java:364)
	at org.testng.SuiteRunnerWorker.runSuite(SuiteRunnerWorker.java:52)
	at org.testng.SuiteRunnerWorker.run(SuiteRunnerWorker.java:84)
	at org.testng.TestNG.runSuitesSequentially(TestNG.java:1208)
	at org.testng.TestNG.runSuitesLocally(TestNG.java:1137)
	at org.testng.TestNG.runSuites(TestNG.java:1049)
	at org.testng.TestNG.run(TestNG.java:1017)
	at org.testng.remote.AbstractRemoteTestNG.run(AbstractRemoteTestNG.java:114)
	at org.testng.remote.RemoteTestNG.initAndRun(RemoteTestNG.java:251)
	at org.testng.remote.RemoteTestNG.main(RemoteTestNG.java:77)
</pre></div></td>
<td>0</td>
<td>null</td></tr>
<tr>
<td title='testCasesSAT.ArbetslivAddNewINTEFackGranskadBidragTillBok.BidragTillEnBokVarTextenPubliceradIOpenAcessJa()'><b>BidragTillEnBokVarTextenPubliceradIOpenAcessJa</b><br>Test class: testCasesSAT.ArbetslivAddNewINTEFackGranskadBidragTillBok</td>
<td><div><pre>java.lang.Throwable: Method ArbetslivAddNewINTEFackGranskadBidragTillBok.BidragTillEnBokVarTextenPubliceradIOpenAcessJa()[pri:0, instance:testCasesSAT.ArbetslivAddNewINTEFackGranskadBidragTillBok@1bb266b3] depends on not successfully finished methods
... Removed 18 stack frames</pre></div><a href='#' onClick='toggleBox("stack-trace2079571758", this, "Click to show all stack frames", "Click to hide stack frames")'>Click to show all stack frames</a>
<div class='stack-trace' id='stack-trace2079571758'><pre>java.lang.Throwable: Method ArbetslivAddNewINTEFackGranskadBidragTillBok.BidragTillEnBokVarTextenPubliceradIOpenAcessJa()[pri:0, instance:testCasesSAT.ArbetslivAddNewINTEFackGranskadBidragTillBok@1bb266b3] depends on not successfully finished methods
	at org.testng.internal.Invoker.invokeTestMethods(Invoker.java:887)
	at org.testng.internal.TestMethodWorker.invokeTestMethods(TestMethodWorker.java:125)
	at org.testng.internal.TestMethodWorker.run(TestMethodWorker.java:109)
	at org.testng.TestRunner.privateRun(TestRunner.java:648)
	at org.testng.TestRunner.run(TestRunner.java:505)
	at org.testng.SuiteRunner.runTest(SuiteRunner.java:455)
	at org.testng.SuiteRunner.runSequentially(SuiteRunner.java:450)
	at org.testng.SuiteRunner.privateRun(SuiteRunner.java:415)
	at org.testng.SuiteRunner.run(SuiteRunner.java:364)
	at org.testng.SuiteRunnerWorker.runSuite(SuiteRunnerWorker.java:52)
	at org.testng.SuiteRunnerWorker.run(SuiteRunnerWorker.java:84)
	at org.testng.TestNG.runSuitesSequentially(TestNG.java:1208)
	at org.testng.TestNG.runSuitesLocally(TestNG.java:1137)
	at org.testng.TestNG.runSuites(TestNG.java:1049)
	at org.testng.TestNG.run(TestNG.java:1017)
	at org.testng.remote.AbstractRemoteTestNG.run(AbstractRemoteTestNG.java:114)
	at org.testng.remote.RemoteTestNG.initAndRun(RemoteTestNG.java:251)
	at org.testng.remote.RemoteTestNG.main(RemoteTestNG.java:77)
</pre></div></td>
<td>0</td>
<td>null</td></tr>
</table><p>
</body>
</html>