<?xml version="1.0" encoding="UTF-8"?>
<!-- Generated by org.testng.reporters.JUnitXMLReporter -->
<testsuite ignored="0" hostname="77DWHM2" failures="0" tests="40" name="all-tests-SAT-IExplorer" time="3.687" errors="0" timestamp="11 juli 2018 12:16:43 GMT">
  <testcase classname="driverAndCommands.BeforeAfterTestBrowsers" name="@BeforeClass f" time="3.421">
    <failure type="org.openqa.selenium.SessionNotCreatedException" message="Unexpected error launching Internet Explorer. Browser zoom level was set to 125%. It should be set to 100%
Build info: version: &amp;apos;3.12.0&amp;apos;, revision: &amp;apos;7c6e0b3&amp;apos;, time: &amp;apos;2018-05-08T15:15:03.216Z&amp;apos;
System info: host: &amp;apos;77DWHM2&amp;apos;, ip: &amp;apos;172.17.159.241&amp;apos;, os.name: &amp;apos;Windows 10&amp;apos;, os.arch: &amp;apos;amd64&amp;apos;, os.version: &amp;apos;10.0&amp;apos;, java.version: &amp;apos;10.0.1&amp;apos;
Driver info: driver.version: InternetExplorerDriver
remote stacktrace: ">
      <![CDATA[org.openqa.selenium.SessionNotCreatedException: Unexpected error launching Internet Explorer. Browser zoom level was set to 125%. It should be set to 100%
Build info: version: '3.12.0', revision: '7c6e0b3', time: '2018-05-08T15:15:03.216Z'
System info: host: '77DWHM2', ip: '172.17.159.241', os.name: 'Windows 10', os.arch: 'amd64', os.version: '10.0', java.version: '10.0.1'
Driver info: driver.version: InternetExplorerDriver
remote stacktrace: 
at org.openqa.selenium.remote.W3CHandshakeResponse.lambda$new$0(W3CHandshakeResponse.java:57)
at org.openqa.selenium.remote.W3CHandshakeResponse.lambda$getResponseFunction$2(W3CHandshakeResponse.java:104)
at org.openqa.selenium.remote.ProtocolHandshake.lambda$createSession$0(ProtocolHandshake.java:123)
at java.base/java.util.stream.ReferencePipeline$3$1.accept(Unknown Source)
at java.base/java.util.Spliterators$ArraySpliterator.tryAdvance(Unknown Source)
at java.base/java.util.stream.ReferencePipeline.forEachWithCancel(Unknown Source)
at java.base/java.util.stream.AbstractPipeline.copyIntoWithCancel(Unknown Source)
at java.base/java.util.stream.AbstractPipeline.copyInto(Unknown Source)
at java.base/java.util.stream.AbstractPipeline.wrapAndCopyInto(Unknown Source)
at java.base/java.util.stream.FindOps$FindOp.evaluateSequential(Unknown Source)
at java.base/java.util.stream.AbstractPipeline.evaluate(Unknown Source)
at java.base/java.util.stream.ReferencePipeline.findFirst(Unknown Source)
at org.openqa.selenium.remote.ProtocolHandshake.createSession(ProtocolHandshake.java:126)
at org.openqa.selenium.remote.ProtocolHandshake.createSession(ProtocolHandshake.java:73)
at org.openqa.selenium.remote.HttpCommandExecutor.execute(HttpCommandExecutor.java:136)
at org.openqa.selenium.remote.service.DriverCommandExecutor.execute(DriverCommandExecutor.java:83)
at org.openqa.selenium.remote.RemoteWebDriver.execute(RemoteWebDriver.java:543)
at org.openqa.selenium.remote.RemoteWebDriver.startSession(RemoteWebDriver.java:207)
at org.openqa.selenium.ie.InternetExplorerDriver.run(InternetExplorerDriver.java:223)
at org.openqa.selenium.ie.InternetExplorerDriver.<init>(InternetExplorerDriver.java:215)
at org.openqa.selenium.ie.InternetExplorerDriver.<init>(InternetExplorerDriver.java:152)
at driverAndCommands.BeforeAfterTestBrowsers.f(BeforeAfterTestBrowsers.java:42)
... Removed 30 stack frames]]>
    </failure>
  </testcase> <!-- @BeforeClass f -->
  <testcase classname="driverAndCommands.BeforeAfterTestBrowsers" name="@AfterClass tearDown" time="0.0">
    <skipped/>
  </testcase> <!-- @AfterClass tearDown -->
  <testcase classname="driverAndCommands.BeforeAfterTestBrowsers" name="@BeforeClass f" time="0.0">
    <skipped/>
  </testcase> <!-- @BeforeClass f -->
  <testcase classname="driverAndCommands.BeforeAfterTestBrowsers" name="@AfterClass tearDown" time="0.0">
    <skipped/>
  </testcase> <!-- @AfterClass tearDown -->
  <testcase classname="driverAndCommands.BeforeAfterTestBrowsers" name="@BeforeClass f" time="0.0">
    <skipped/>
  </testcase> <!-- @BeforeClass f -->
  <testcase classname="driverAndCommands.BeforeAfterTestBrowsers" name="@AfterClass tearDown" time="0.0">
    <skipped/>
  </testcase> <!-- @AfterClass tearDown -->
  <testcase classname="driverAndCommands.BeforeAfterTestBrowsers" name="@BeforeClass f" time="0.0">
    <skipped/>
  </testcase> <!-- @BeforeClass f -->
  <testcase classname="driverAndCommands.BeforeAfterTestBrowsers" name="@AfterClass tearDown" time="0.0">
    <skipped/>
  </testcase> <!-- @AfterClass tearDown -->
  <testcase classname="driverAndCommands.BeforeAfterTestBrowsers" name="@BeforeClass f" time="0.0">
    <skipped/>
  </testcase> <!-- @BeforeClass f -->
  <testcase classname="driverAndCommands.BeforeAfterTestBrowsers" name="@AfterClass tearDown" time="0.0">
    <skipped/>
  </testcase> <!-- @AfterClass tearDown -->
  <testcase classname="testCasesSAT.ButtonCheckLoggedInAsAdmin" name="LoginAsAdminUser" time="0.0">
    <skipped/>
  </testcase> <!-- LoginAsAdminUser -->
  <testcase classname="testCasesSAT.ButtonCheckLoggedInAsAdmin" name="ClickMyProfileButton" time="0.0">
    <skipped/>
  </testcase> <!-- ClickMyProfileButton -->
  <testcase classname="testCasesSAT.ButtonCheckLoggedInAsAdmin" name="ClickIntressentregisterButton" time="0.0">
    <skipped/>
  </testcase> <!-- ClickIntressentregisterButton -->
  <testcase classname="testCasesSAT.ButtonCheckLoggedInAsAdmin" name="ClickBeredningsgrupperButton" time="0.0">
    <skipped/>
  </testcase> <!-- ClickBeredningsgrupperButton -->
  <testcase classname="testCasesSAT.ButtonCheckLoggedInAsAdmin" name="ClickFormulärButton" time="0.0">
    <skipped/>
  </testcase> <!-- ClickFormulärButton -->
  <testcase classname="testCasesSAT.ButtonCheckLoggedInAsAdmin" name="ClickFinansiärButton" time="0.0">
    <skipped/>
  </testcase> <!-- ClickFinansiärButton -->
  <testcase classname="testCasesSAT.ButtonCheckLoggedInAsAdmin" name="ClickPortaladministrationButton" time="0.0">
    <skipped/>
  </testcase> <!-- ClickPortaladministrationButton -->
  <testcase classname="testCasesSAT.ButtonCheckLoggedInAsAdmin" name="Logout" time="0.001">
    <skipped/>
  </testcase> <!-- Logout -->
  <testcase classname="testCasesSAT.ButtonCheckLoggedInAsUser" name="LoginAsNormalUser" time="0.0">
    <skipped/>
  </testcase> <!-- LoginAsNormalUser -->
  <testcase classname="testCasesSAT.ButtonCheckLoggedInAsUser" name="ClickStartButton" time="0.0">
    <skipped/>
  </testcase> <!-- ClickStartButton -->
  <testcase classname="testCasesSAT.ButtonCheckLoggedInAsUser" name="ClickPersonuppgifterButton" time="0.0">
    <skipped/>
  </testcase> <!-- ClickPersonuppgifterButton -->
  <testcase classname="testCasesSAT.ButtonCheckLoggedInAsUser" name="ClickUtbildningButton" time="0.0">
    <skipped/>
  </testcase> <!-- ClickUtbildningButton -->
  <testcase classname="testCasesSAT.ButtonCheckLoggedInAsUser" name="ClickArbetslivButton" time="0.0">
    <skipped/>
  </testcase> <!-- ClickArbetslivButton -->
  <testcase classname="testCasesSAT.ButtonCheckLoggedInAsUser" name="ClickPublikationerButton" time="0.0">
    <skipped/>
  </testcase> <!-- ClickPublikationerButton -->
  <testcase classname="testCasesSAT.ButtonCheckLoggedInAsUser" name="ClickMeriterOchUtmärkelserButton" time="0.0">
    <skipped/>
  </testcase> <!-- ClickMeriterOchUtmärkelserButton -->
  <testcase classname="testCasesSAT.ButtonCheckLoggedInAsUser" name="ClickImmaterialrättButton" time="0.0">
    <skipped/>
  </testcase> <!-- ClickImmaterialrättButton -->
  <testcase classname="testCasesSAT.ButtonCheckLoggedInAsUser" name="ClickGranskarkompetensIfVisible" time="0.0">
    <skipped/>
  </testcase> <!-- ClickGranskarkompetensIfVisible -->
  <testcase classname="testCasesSAT.ButtonCheckLoggedInAsUser" name="ClickAnsökningarOchBidrag" time="0.0">
    <skipped/>
  </testcase> <!-- ClickAnsökningarOchBidrag -->
  <testcase classname="testCasesSAT.ButtonCheckLoggedInAsUser" name="ClickGranskning" time="0.0">
    <skipped/>
  </testcase> <!-- ClickGranskning -->
  <testcase classname="testCasesSAT.ButtonCheckLoggedInAsUser" name="ClickOrganisationsUppgifter" time="0.0">
    <skipped/>
  </testcase> <!-- ClickOrganisationsUppgifter -->
  <testcase classname="testCasesSAT.ButtonCheckLoggedInAsUser" name="ClickOrganisationsKonto" time="0.0">
    <skipped/>
  </testcase> <!-- ClickOrganisationsKonto -->
  <testcase classname="testCasesSAT.ButtonCheckLoggedInAsUser" name="Logout" time="0.0">
    <skipped/>
  </testcase> <!-- Logout -->
  <testcase classname="testCasesSAT.ForskarUtbildningAddLicentiatexamen" name="LoginAsUser" time="0.0">
    <skipped/>
  </testcase> <!-- LoginAsUser -->
  <testcase classname="testCasesSAT.ForskarUtbildningAddLicentiatexamen" name="ClickUtbildning" time="0.0">
    <skipped/>
  </testcase> <!-- ClickUtbildning -->
  <testcase classname="testCasesSAT.ForskarUtbildningAddLicentiatexamen" name="ClickForskarUtbildning" time="0.0">
    <skipped/>
  </testcase> <!-- ClickForskarUtbildning -->
  <testcase classname="testCasesSAT.ForskarUtbildningAddLicentiatexamen" name="AddForskarUtbildning" time="0.0">
    <skipped/>
  </testcase> <!-- AddForskarUtbildning -->
  <testcase classname="testCasesSAT.ForskarUtbildningAddLicentiatexamen" name="SelectOrganization" time="0.0">
    <skipped/>
  </testcase> <!-- SelectOrganization -->
  <testcase classname="testCasesSAT.ForskarUtbildningAddLicentiatexamen" name="TypAvForskarUtbildningAddLicentiatexamen" time="0.005">
    <skipped/>
  </testcase> <!-- TypAvForskarUtbildningAddLicentiatexamen -->
  <testcase classname="testCasesSAT.ForskarUtbildningAddLicentiatexamen" name="Examensdatum" time="0.0">
    <skipped/>
  </testcase> <!-- Examensdatum -->
  <testcase classname="testCasesSAT.ForskarUtbildningAddLicentiatexamen" name="TypAvForskarUtbildningSelectSubjects" time="0.0">
    <skipped/>
  </testcase> <!-- TypAvForskarUtbildningSelectSubjects -->
  <testcase classname="testCasesSAT.ForskarUtbildningAddLicentiatexamen" name="WriteAvhandlingensTitelOrginalSpråk" time="0.0">
    <skipped/>
  </testcase> <!-- WriteAvhandlingensTitelOrginalSpråk -->
  <testcase classname="testCasesSAT.ForskarUtbildningAddLicentiatexamen" name="WriteAvhandlingensTitelEngelska" time="0.0">
    <skipped/>
  </testcase> <!-- WriteAvhandlingensTitelEngelska -->
  <testcase classname="testCasesSAT.ForskarUtbildningAddLicentiatexamen" name="ISSNISBNNummer" time="0.0">
    <skipped/>
  </testcase> <!-- ISSNISBNNummer -->
  <testcase classname="testCasesSAT.ForskarUtbildningAddLicentiatexamen" name="FörnamnHandledare" time="0.0">
    <skipped/>
  </testcase> <!-- FörnamnHandledare -->
  <testcase classname="testCasesSAT.ForskarUtbildningAddLicentiatexamen" name="EfternamnHandledare" time="0.0">
    <skipped/>
  </testcase> <!-- EfternamnHandledare -->
  <testcase classname="testCasesSAT.ForskarUtbildningAddLicentiatexamen" name="SparaForskarutbildningKnapp" time="0.0">
    <skipped/>
  </testcase> <!-- SparaForskarutbildningKnapp -->
  <testcase classname="testCasesSAT.LoginAsInvalidUser" name="InputUserWithInvalidInfo" time="0.0">
    <skipped/>
  </testcase> <!-- InputUserWithInvalidInfo -->
  <testcase classname="testCasesSAT.LoginAsInvalidUser" name="CheckThatLogginInWithFalseInfoNotPossible" time="0.001">
    <skipped/>
  </testcase> <!-- CheckThatLogginInWithFalseInfoNotPossible -->
  <testcase classname="testCasesSAT.LoginAsValidUser" name="LoginAsUser" time="0.0">
    <skipped/>
  </testcase> <!-- LoginAsUser -->
  <testcase classname="testCasesSAT.LoginAsValidUser" name="CheckIfLogOutButtonIsPresentVerifyLoginSuccess" time="0.0">
    <skipped/>
  </testcase> <!-- CheckIfLogOutButtonIsPresentVerifyLoginSuccess -->
</testsuite> <!-- all-tests-SAT-IExplorer -->
