<?xml version="1.0" encoding="UTF-8"?>
<!-- Generated by org.testng.reporters.JUnitXMLReporter -->
<testsuite ignored="0" hostname="77DWHM2" failures="0" tests="38" name="Arbetsliv" time="12.064" errors="0" timestamp="25 juli 2018 15:37:28 GMT">
  <testcase classname="driverAndCommands.BeforeAfterTestBrowsers" name="@BeforeClass Setup" time="11.226">
    <failure type="org.openqa.selenium.WebDriverException" message="unknown error: Element &amp;lt;a class=&amp;quot;btn btn-discreet btn-login-left show-modal&amp;quot; data-ajax=&amp;quot;true&amp;quot; data-ajax-complete=&amp;quot;prisma.validateLoginStatus(); prisma.showModal();&amp;quot; data-ajax-method=&amp;quot;GET&amp;quot; data-ajax-mode=&amp;quot;replace&amp;quot; data-ajax-success=&amp;quot;prisma.addValidationForResult();prisma.wrapGridInDiv();&amp;quot; data-ajax-update=&amp;quot;#editDialogBody&amp;quot; href=&amp;quot;/Account/LogOn&amp;quot; title=&amp;quot;...&amp;quot;&amp;gt;Logga in&amp;lt;/a&amp;gt; is not clickable at point (964, 152). Other element would receive the click: &amp;lt;div class=&amp;quot;modal-scrollable&amp;quot; style=&amp;quot;z-index: 1050;&amp;quot;&amp;gt;...&amp;lt;/div&amp;gt;
  (Session info: chrome=67.0.3396.99)
  (Driver info: chromedriver=2.40.565498 (ea082db3280dd6843ebfb08a625e3eb905c4f5ab),platform=Windows NT 10.0.16299 x86_64) (WARNING: The server did not provide any stacktrace information)
Command duration or timeout: 0 milliseconds
Build info: version: &amp;apos;3.12.0&amp;apos;, revision: &amp;apos;7c6e0b3&amp;apos;, time: &amp;apos;2018-05-08T15:15:03.216Z&amp;apos;
System info: host: &amp;apos;77DWHM2&amp;apos;, ip: &amp;apos;10.251.12.117&amp;apos;, os.name: &amp;apos;Windows 10&amp;apos;, os.arch: &amp;apos;amd64&amp;apos;, os.version: &amp;apos;10.0&amp;apos;, java.version: &amp;apos;10.0.1&amp;apos;
Driver info: org.openqa.selenium.chrome.ChromeDriver
Capabilities {acceptInsecureCerts: false, acceptSslCerts: false, applicationCacheEnabled: false, browserConnectionEnabled: false, browserName: chrome, chrome: {chromedriverVersion: 2.40.565498 (ea082db3280dd6..., userDataDir: C:\Users\krkl\AppData\Local...}, cssSelectorsEnabled: true, databaseEnabled: false, handlesAlerts: true, hasTouchScreen: false, javascriptEnabled: true, locationContextEnabled: true, mobileEmulationEnabled: false, nativeEvents: true, networkConnectionEnabled: false, pageLoadStrategy: normal, platform: XP, platformName: XP, rotatable: false, setWindowRect: true, takesHeapSnapshot: true, takesScreenshot: true, unexpectedAlertBehaviour: , unhandledPromptBehavior: , version: 67.0.3396.99, webStorageEnabled: true}
Session ID: 7d10efc42965d8bf636f378ae4fc4554">
      <![CDATA[org.openqa.selenium.WebDriverException: unknown error: Element <a class="btn btn-discreet btn-login-left show-modal" data-ajax="true" data-ajax-complete="prisma.validateLoginStatus(); prisma.showModal();" data-ajax-method="GET" data-ajax-mode="replace" data-ajax-success="prisma.addValidationForResult();prisma.wrapGridInDiv();" data-ajax-update="#editDialogBody" href="/Account/LogOn" title="...">Logga in</a> is not clickable at point (964, 152). Other element would receive the click: <div class="modal-scrollable" style="z-index: 1050;">...</div>
  (Session info: chrome=67.0.3396.99)
  (Driver info: chromedriver=2.40.565498 (ea082db3280dd6843ebfb08a625e3eb905c4f5ab),platform=Windows NT 10.0.16299 x86_64) (WARNING: The server did not provide any stacktrace information)
Command duration or timeout: 0 milliseconds
Build info: version: '3.12.0', revision: '7c6e0b3', time: '2018-05-08T15:15:03.216Z'
System info: host: '77DWHM2', ip: '10.251.12.117', os.name: 'Windows 10', os.arch: 'amd64', os.version: '10.0', java.version: '10.0.1'
Driver info: org.openqa.selenium.chrome.ChromeDriver
Capabilities {acceptInsecureCerts: false, acceptSslCerts: false, applicationCacheEnabled: false, browserConnectionEnabled: false, browserName: chrome, chrome: {chromedriverVersion: 2.40.565498 (ea082db3280dd6..., userDataDir: C:\Users\krkl\AppData\Local...}, cssSelectorsEnabled: true, databaseEnabled: false, handlesAlerts: true, hasTouchScreen: false, javascriptEnabled: true, locationContextEnabled: true, mobileEmulationEnabled: false, nativeEvents: true, networkConnectionEnabled: false, pageLoadStrategy: normal, platform: XP, platformName: XP, rotatable: false, setWindowRect: true, takesHeapSnapshot: true, takesScreenshot: true, unexpectedAlertBehaviour: , unhandledPromptBehavior: , version: 67.0.3396.99, webStorageEnabled: true}
Session ID: 7d10efc42965d8bf636f378ae4fc4554
at org.openqa.selenium.remote.ErrorHandler.createThrowable(ErrorHandler.java:214)
at org.openqa.selenium.remote.ErrorHandler.throwIfResponseFailed(ErrorHandler.java:166)
at org.openqa.selenium.remote.http.JsonHttpResponseCodec.reconstructValue(JsonHttpResponseCodec.java:40)
at org.openqa.selenium.remote.http.AbstractHttpResponseCodec.decode(AbstractHttpResponseCodec.java:80)
at org.openqa.selenium.remote.http.AbstractHttpResponseCodec.decode(AbstractHttpResponseCodec.java:44)
at org.openqa.selenium.remote.HttpCommandExecutor.execute(HttpCommandExecutor.java:158)
at org.openqa.selenium.remote.service.DriverCommandExecutor.execute(DriverCommandExecutor.java:83)
at org.openqa.selenium.remote.RemoteWebDriver.execute(RemoteWebDriver.java:543)
at org.openqa.selenium.remote.RemoteWebElement.execute(RemoteWebElement.java:276)
at org.openqa.selenium.remote.RemoteWebElement.click(RemoteWebElement.java:83)
at driverAndCommands.BeforeAfterTestBrowsers.Setup(BeforeAfterTestBrowsers.java:29)
at java.base/java.util.concurrent.FutureTask.run(Unknown Source)
at java.base/java.util.concurrent.ThreadPoolExecutor.runWorker(Unknown Source)
at java.base/java.util.concurrent.ThreadPoolExecutor$Worker.run(Unknown Source)
at java.base/java.lang.Thread.run(Unknown Source)
... Removed 21 stack frames]]>
    </failure>
  </testcase> <!-- @BeforeClass Setup -->
  <testcase classname="driverAndCommands.BeforeAfterTestBrowsers" name="@BeforeClass Setup" time="0.0">
    <skipped/>
  </testcase> <!-- @BeforeClass Setup -->
  <testcase classname="driverAndCommands.BeforeAfterTestBrowsers" name="@BeforeClass Setup" time="0.0">
    <skipped/>
  </testcase> <!-- @BeforeClass Setup -->
  <testcase classname="driverAndCommands.BeforeAfterTestBrowsers" name="@BeforeClass Setup" time="0.0">
    <skipped/>
  </testcase> <!-- @BeforeClass Setup -->
  <testcase classname="driverAndCommands.BeforeAfterTestBrowsers" name="@BeforeClass Setup" time="0.0">
    <skipped/>
  </testcase> <!-- @BeforeClass Setup -->
  <testcase classname="driverAndCommands.BeforeAfterTestBrowsers" name="@AfterClass tearDown" time="0.0">
    <skipped/>
  </testcase> <!-- @AfterClass tearDown -->
  <testcase classname="driverAndCommands.BeforeAfterTestBrowsers" name="@AfterClass tearDown" time="0.0">
    <skipped/>
  </testcase> <!-- @AfterClass tearDown -->
  <testcase classname="driverAndCommands.BeforeAfterTestBrowsers" name="@AfterClass tearDown" time="0.0">
    <skipped/>
  </testcase> <!-- @AfterClass tearDown -->
  <testcase classname="driverAndCommands.BeforeAfterTestBrowsers" name="@AfterClass tearDown" time="0.0">
    <skipped/>
  </testcase> <!-- @AfterClass tearDown -->
  <testcase classname="driverAndCommands.BeforeAfterTestBrowsers" name="@AfterClass tearDown" time="0.0">
    <skipped/>
  </testcase> <!-- @AfterClass tearDown -->
  <testcase classname="driverAndCommands.BeforeAfterTestBrowsers" name="@BeforeClass Setup" time="11.979">
    <failure type="org.openqa.selenium.WebDriverException" message="unknown error: Element &amp;lt;a class=&amp;quot;btn btn-discreet btn-login-left show-modal&amp;quot; data-ajax=&amp;quot;true&amp;quot; data-ajax-complete=&amp;quot;prisma.validateLoginStatus(); prisma.showModal();&amp;quot; data-ajax-method=&amp;quot;GET&amp;quot; data-ajax-mode=&amp;quot;replace&amp;quot; data-ajax-success=&amp;quot;prisma.addValidationForResult();prisma.wrapGridInDiv();&amp;quot; data-ajax-update=&amp;quot;#editDialogBody&amp;quot; href=&amp;quot;/Account/LogOn&amp;quot; title=&amp;quot;...&amp;quot;&amp;gt;Logga in&amp;lt;/a&amp;gt; is not clickable at point (964, 152). Other element would receive the click: &amp;lt;label for=&amp;quot;Password&amp;quot;&amp;gt;...&amp;lt;/label&amp;gt;
  (Session info: chrome=67.0.3396.99)
  (Driver info: chromedriver=2.40.565498 (ea082db3280dd6843ebfb08a625e3eb905c4f5ab),platform=Windows NT 10.0.16299 x86_64) (WARNING: The server did not provide any stacktrace information)
Command duration or timeout: 0 milliseconds
Build info: version: &amp;apos;3.12.0&amp;apos;, revision: &amp;apos;7c6e0b3&amp;apos;, time: &amp;apos;2018-05-08T15:15:03.216Z&amp;apos;
System info: host: &amp;apos;77DWHM2&amp;apos;, ip: &amp;apos;10.251.12.117&amp;apos;, os.name: &amp;apos;Windows 10&amp;apos;, os.arch: &amp;apos;amd64&amp;apos;, os.version: &amp;apos;10.0&amp;apos;, java.version: &amp;apos;10.0.1&amp;apos;
Driver info: org.openqa.selenium.chrome.ChromeDriver
Capabilities {acceptInsecureCerts: false, acceptSslCerts: false, applicationCacheEnabled: false, browserConnectionEnabled: false, browserName: chrome, chrome: {chromedriverVersion: 2.40.565498 (ea082db3280dd6..., userDataDir: C:\Users\krkl\AppData\Local...}, cssSelectorsEnabled: true, databaseEnabled: false, handlesAlerts: true, hasTouchScreen: false, javascriptEnabled: true, locationContextEnabled: true, mobileEmulationEnabled: false, nativeEvents: true, networkConnectionEnabled: false, pageLoadStrategy: normal, platform: XP, platformName: XP, rotatable: false, setWindowRect: true, takesHeapSnapshot: true, takesScreenshot: true, unexpectedAlertBehaviour: , unhandledPromptBehavior: , version: 67.0.3396.99, webStorageEnabled: true}
Session ID: 7d10efc42965d8bf636f378ae4fc4554">
      <![CDATA[org.openqa.selenium.WebDriverException: unknown error: Element <a class="btn btn-discreet btn-login-left show-modal" data-ajax="true" data-ajax-complete="prisma.validateLoginStatus(); prisma.showModal();" data-ajax-method="GET" data-ajax-mode="replace" data-ajax-success="prisma.addValidationForResult();prisma.wrapGridInDiv();" data-ajax-update="#editDialogBody" href="/Account/LogOn" title="...">Logga in</a> is not clickable at point (964, 152). Other element would receive the click: <label for="Password">...</label>
  (Session info: chrome=67.0.3396.99)
  (Driver info: chromedriver=2.40.565498 (ea082db3280dd6843ebfb08a625e3eb905c4f5ab),platform=Windows NT 10.0.16299 x86_64) (WARNING: The server did not provide any stacktrace information)
Command duration or timeout: 0 milliseconds
Build info: version: '3.12.0', revision: '7c6e0b3', time: '2018-05-08T15:15:03.216Z'
System info: host: '77DWHM2', ip: '10.251.12.117', os.name: 'Windows 10', os.arch: 'amd64', os.version: '10.0', java.version: '10.0.1'
Driver info: org.openqa.selenium.chrome.ChromeDriver
Capabilities {acceptInsecureCerts: false, acceptSslCerts: false, applicationCacheEnabled: false, browserConnectionEnabled: false, browserName: chrome, chrome: {chromedriverVersion: 2.40.565498 (ea082db3280dd6..., userDataDir: C:\Users\krkl\AppData\Local...}, cssSelectorsEnabled: true, databaseEnabled: false, handlesAlerts: true, hasTouchScreen: false, javascriptEnabled: true, locationContextEnabled: true, mobileEmulationEnabled: false, nativeEvents: true, networkConnectionEnabled: false, pageLoadStrategy: normal, platform: XP, platformName: XP, rotatable: false, setWindowRect: true, takesHeapSnapshot: true, takesScreenshot: true, unexpectedAlertBehaviour: , unhandledPromptBehavior: , version: 67.0.3396.99, webStorageEnabled: true}
Session ID: 7d10efc42965d8bf636f378ae4fc4554
at org.openqa.selenium.remote.ErrorHandler.createThrowable(ErrorHandler.java:214)
at org.openqa.selenium.remote.ErrorHandler.throwIfResponseFailed(ErrorHandler.java:166)
at org.openqa.selenium.remote.http.JsonHttpResponseCodec.reconstructValue(JsonHttpResponseCodec.java:40)
at org.openqa.selenium.remote.http.AbstractHttpResponseCodec.decode(AbstractHttpResponseCodec.java:80)
at org.openqa.selenium.remote.http.AbstractHttpResponseCodec.decode(AbstractHttpResponseCodec.java:44)
at org.openqa.selenium.remote.HttpCommandExecutor.execute(HttpCommandExecutor.java:158)
at org.openqa.selenium.remote.service.DriverCommandExecutor.execute(DriverCommandExecutor.java:83)
at org.openqa.selenium.remote.RemoteWebDriver.execute(RemoteWebDriver.java:543)
at org.openqa.selenium.remote.RemoteWebElement.execute(RemoteWebElement.java:276)
at org.openqa.selenium.remote.RemoteWebElement.click(RemoteWebElement.java:83)
at driverAndCommands.BeforeAfterTestBrowsers.Setup(BeforeAfterTestBrowsers.java:29)
at java.base/java.util.concurrent.FutureTask.run(Unknown Source)
at java.base/java.util.concurrent.ThreadPoolExecutor.runWorker(Unknown Source)
at java.base/java.util.concurrent.ThreadPoolExecutor$Worker.run(Unknown Source)
at java.base/java.lang.Thread.run(Unknown Source)
... Removed 21 stack frames]]>
    </failure>
  </testcase> <!-- @BeforeClass Setup -->
  <testcase classname="driverAndCommands.BeforeAfterTestBrowsers" name="@BeforeClass Setup" time="0.0">
    <skipped/>
  </testcase> <!-- @BeforeClass Setup -->
  <testcase classname="driverAndCommands.BeforeAfterTestBrowsers" name="@BeforeClass Setup" time="0.0">
    <skipped/>
  </testcase> <!-- @BeforeClass Setup -->
  <testcase classname="driverAndCommands.BeforeAfterTestBrowsers" name="@BeforeClass Setup" time="0.0">
    <skipped/>
  </testcase> <!-- @BeforeClass Setup -->
  <testcase classname="driverAndCommands.BeforeAfterTestBrowsers" name="@AfterClass tearDown" time="0.0">
    <skipped/>
  </testcase> <!-- @AfterClass tearDown -->
  <testcase classname="driverAndCommands.BeforeAfterTestBrowsers" name="@AfterClass tearDown" time="0.0">
    <skipped/>
  </testcase> <!-- @AfterClass tearDown -->
  <testcase classname="driverAndCommands.BeforeAfterTestBrowsers" name="@AfterClass tearDown" time="0.0">
    <skipped/>
  </testcase> <!-- @AfterClass tearDown -->
  <testcase classname="driverAndCommands.BeforeAfterTestBrowsers" name="@AfterClass tearDown" time="0.0">
    <skipped/>
  </testcase> <!-- @AfterClass tearDown -->
  <testcase classname="testCasesMinProfilArbetsliv.ArbetslivAddNewAnställningar" name="LoginAsUser" time="0.0">
    <skipped/>
  </testcase> <!-- LoginAsUser -->
  <testcase classname="testCasesMinProfilArbetsliv.ArbetslivAddNewForskarutbyten" name="LoginAsUser4" time="0.0">
    <skipped/>
  </testcase> <!-- LoginAsUser4 -->
  <testcase classname="testCasesMinProfilArbetsliv.ArbetslivAddNewPostdoktorvistelser" name="LoginAsUser3" time="0.0">
    <skipped/>
  </testcase> <!-- LoginAsUser3 -->
  <testcase classname="testCasesMinProfilArbetsliv.ArbetslivAddNewUppeHålliForskningen" name="LoginAsUser2" time="0.0">
    <skipped/>
  </testcase> <!-- LoginAsUser2 -->
  <testcase classname="testCasesMinProfilArbetsliv.ArbetslivAddNewAnställningar" name="ClickArbetsliv" time="0.0">
    <skipped/>
  </testcase> <!-- ClickArbetsliv -->
  <testcase classname="testCasesMinProfilArbetsliv.ArbetslivAddNewForskarutbyten" name="ClickArbetsliv" time="0.0">
    <skipped/>
  </testcase> <!-- ClickArbetsliv -->
  <testcase classname="testCasesMinProfilArbetsliv.ArbetslivAddNewPostdoktorvistelser" name="ClickArbetsliv" time="0.0">
    <skipped/>
  </testcase> <!-- ClickArbetsliv -->
  <testcase classname="testCasesMinProfilArbetsliv.ArbetslivAddNewUppeHålliForskningen" name="ClickArbetsliv" time="0.0">
    <skipped/>
  </testcase> <!-- ClickArbetsliv -->
  <testcase classname="testCasesMinProfilArbetsliv.ArbetslivAddNewAnställningar" name="AddAnställning" time="0.0">
    <skipped/>
  </testcase> <!-- AddAnställning -->
  <testcase classname="testCasesMinProfilArbetsliv.ArbetslivAddNewForskarutbyten" name="AddForskarUbyten" time="0.0">
    <skipped/>
  </testcase> <!-- AddForskarUbyten -->
  <testcase classname="testCasesMinProfilArbetsliv.ArbetslivAddNewPostdoktorvistelser" name="AddPostdoktorvistelser" time="0.0">
    <skipped/>
  </testcase> <!-- AddPostdoktorvistelser -->
  <testcase classname="testCasesMinProfilArbetsliv.ArbetslivAddNewUppeHålliForskningen" name="UppehållIForskningenLäggTill" time="0.0">
    <skipped/>
  </testcase> <!-- UppehållIForskningenLäggTill -->
  <testcase classname="testCasesMinProfilArbetsliv.ArbetslivAddNewAnställningar" name="AnställningDropDown" time="0.0">
    <skipped/>
  </testcase> <!-- AnställningDropDown -->
  <testcase classname="testCasesMinProfilArbetsliv.ArbetslivAddNewAnställningar" name="SelectOrganization" time="0.0">
    <skipped/>
  </testcase> <!-- SelectOrganization -->
  <testcase classname="testCasesMinProfilArbetsliv.ArbetslivAddNewForskarutbyten" name="SelectOrganization" time="0.001">
    <skipped/>
  </testcase> <!-- SelectOrganization -->
  <testcase classname="testCasesMinProfilArbetsliv.ArbetslivAddNewPostdoktorvistelser" name="SelectOrganization" time="0.0">
    <skipped/>
  </testcase> <!-- SelectOrganization -->
  <testcase classname="testCasesMinProfilArbetsliv.ArbetslivAddNewUppeHålliForskningen" name="StartDatum" time="0.0">
    <skipped/>
  </testcase> <!-- StartDatum -->
  <testcase classname="testCasesMinProfilArbetsliv.ArbetslivAddNewAnställningar" name="AnställningensBörjanOchSlutYear" time="0.0">
    <skipped/>
  </testcase> <!-- AnställningensBörjanOchSlutYear -->
  <testcase classname="testCasesMinProfilArbetsliv.ArbetslivAddNewAnställningar" name="AnställningsFormDropDown" time="0.0">
    <skipped/>
  </testcase> <!-- AnställningsFormDropDown -->
  <testcase classname="testCasesMinProfilArbetsliv.ArbetslivAddNewAnställningar" name="DelAvForskningIAnställningenBaseradPåHeltid" time="0.0">
    <skipped/>
  </testcase> <!-- DelAvForskningIAnställningenBaseradPåHeltid -->
  <testcase classname="testCasesMinProfilArbetsliv.ArbetslivAddNewForskarutbyten" name="Ämne" time="0.0">
    <skipped/>
  </testcase> <!-- Ämne -->
  <testcase classname="testCasesMinProfilArbetsliv.ArbetslivAddNewPostdoktorvistelser" name="ÄmneDropDown" time="0.0">
    <skipped/>
  </testcase> <!-- ÄmneDropDown -->
  <testcase classname="testCasesMinProfilArbetsliv.ArbetslivAddNewUppeHålliForskningen" name="SlutDatum" time="0.0">
    <skipped/>
  </testcase> <!-- SlutDatum -->
  <testcase classname="testCasesMinProfilArbetsliv.ArbetslivAddNewAnställningar" name="AnställningensBörjanMonth" time="0.0">
    <skipped/>
  </testcase> <!-- AnställningensBörjanMonth -->
  <testcase classname="testCasesMinProfilArbetsliv.ArbetslivAddNewForskarutbyten" name="Typ" time="0.0">
    <skipped/>
  </testcase> <!-- Typ -->
  <testcase classname="testCasesMinProfilArbetsliv.ArbetslivAddNewPostdoktorvistelser" name="PeriodStartOchSlutYear" time="0.0">
    <skipped/>
  </testcase> <!-- PeriodStartOchSlutYear -->
  <testcase classname="testCasesMinProfilArbetsliv.ArbetslivAddNewUppeHålliForskningen" name="Beskrivning" time="0.0">
    <skipped/>
  </testcase> <!-- Beskrivning -->
  <testcase classname="testCasesMinProfilArbetsliv.ArbetslivAddNewAnställningar" name="AnställningensSlutMonth" time="0.0">
    <skipped/>
  </testcase> <!-- AnställningensSlutMonth -->
  <testcase classname="testCasesMinProfilArbetsliv.ArbetslivAddNewForskarutbyten" name="PeriodStartOchSlutYear" time="0.0">
    <skipped/>
  </testcase> <!-- PeriodStartOchSlutYear -->
  <testcase classname="testCasesMinProfilArbetsliv.ArbetslivAddNewPostdoktorvistelser" name="PeriodStartMonth" time="0.001">
    <skipped/>
  </testcase> <!-- PeriodStartMonth -->
  <testcase classname="testCasesMinProfilArbetsliv.ArbetslivAddNewUppeHålliForskningen" name="SparaVal" time="0.0">
    <skipped/>
  </testcase> <!-- SparaVal -->
  <testcase classname="testCasesMinProfilArbetsliv.ArbetslivAddNewAnställningar" name="ÖvrigInformation" time="0.0">
    <skipped/>
  </testcase> <!-- ÖvrigInformation -->
  <testcase classname="testCasesMinProfilArbetsliv.ArbetslivAddNewForskarutbyten" name="PeriodStartMonth" time="0.0">
    <skipped/>
  </testcase> <!-- PeriodStartMonth -->
  <testcase classname="testCasesMinProfilArbetsliv.ArbetslivAddNewPostdoktorvistelser" name="PeriodEndMonth" time="0.0">
    <skipped/>
  </testcase> <!-- PeriodEndMonth -->
  <testcase classname="testCasesMinProfilArbetsliv.ArbetslivAddNewAnställningar" name="SparaAnställning" time="0.0">
    <skipped/>
  </testcase> <!-- SparaAnställning -->
  <testcase classname="testCasesMinProfilArbetsliv.ArbetslivAddNewForskarutbyten" name="PeriodEndMonth" time="0.0">
    <skipped/>
  </testcase> <!-- PeriodEndMonth -->
  <testcase classname="testCasesMinProfilArbetsliv.ArbetslivAddNewPostdoktorvistelser" name="SparaPostdoktorvistelser" time="0.0">
    <skipped/>
  </testcase> <!-- SparaPostdoktorvistelser -->
  <testcase classname="testCasesMinProfilArbetsliv.ArbetslivAddNewForskarutbyten" name="SparaForskarUbyte" time="0.0">
    <skipped/>
  </testcase> <!-- SparaForskarUbyte -->
</testsuite> <!-- Arbetsliv -->
