<html>
<head>
<title>TestNG:  GranskningBetalningsinformation</title>
<link href="../testng.css" rel="stylesheet" type="text/css" />
<link href="../my-testng.css" rel="stylesheet" type="text/css" />

<style type="text/css">
.log { display: none;} 
.stack-trace { display: none;} 
</style>
<script type="text/javascript">
<!--
function flip(e) {
  current = e.style.display;
  if (current == 'block') {
    e.style.display = 'none';
    return 0;
  }
  else {
    e.style.display = 'block';
    return 1;
  }
}

function toggleBox(szDivId, elem, msg1, msg2)
{
  var res = -1;  if (document.getElementById) {
    res = flip(document.getElementById(szDivId));
  }
  else if (document.all) {
    // this is the way old msie versions work
    res = flip(document.all[szDivId]);
  }
  if(elem) {
    if(res == 0) elem.innerHTML = msg1; else elem.innerHTML = msg2;
  }

}

function toggleAllBoxes() {
  if (document.getElementsByTagName) {
    d = document.getElementsByTagName('div');
    for (i = 0; i < d.length; i++) {
      if (d[i].className == 'log') {
        flip(d[i]);
      }
    }
  }
}

// -->
</script>

</head>
<body>
<h2 align='center'>GranskningBetalningsinformation</h2><table border='1' align="center">
<tr>
<td>Tests passed/Failed/Skipped:</td><td>42/2/15</td>
</tr><tr>
<<<<<<< HEAD
<td>Started on:</td><td>Fri Jul 27 09:46:55 CEST 2018</td>
=======
<td>Started on:</td><td>Thu Jul 26 16:04:27 CEST 2018</td>
>>>>>>> branch 'master' of https://github.com/KristoferKlarin/SeleniumProject.git
</tr>
<<<<<<< HEAD
<tr><td>Total time:</td><td>141 seconds (141274 ms)</td>
=======
<tr><td>Total time:</td><td>77 seconds (77281 ms)</td>
>>>>>>> branch 'master' of https://github.com/KristoferKlarin/SeleniumProject.git
</tr><tr>
<td>Included groups:</td><td></td>
</tr><tr>
<td>Excluded groups:</td><td></td>
</tr>
</table><p/>
<small><i>(Hover the method name to see the test class name)</i></small><p/>
<table width='100%' border='1' class='invocation-failed'>
<tr><td colspan='4' align='center'><b>FAILED TESTS</b></td></tr>
<tr><td><b>Test method</b></td>
<td width="30%"><b>Exception</b></td>
<td width="10%"><b>Time (seconds)</b></td>
<td><b>Instance</b></td>
</tr>
<tr>
<td title='testCasesSATGranskningBetalningsinformation.GranskningAddNewPaymentInformationBankLocatedInEurope.BankensNamn()'><b>BankensNamn</b><br>Test class: testCasesSATGranskningBetalningsinformation.GranskningAddNewPaymentInformationBankLocatedInEurope</td>
<td><div><pre>org.openqa.selenium.StaleElementReferenceException: stale element reference: element is not attached to the page document
  (Session info: chrome=67.0.3396.99)
  (Driver info: chromedriver=2.40.565498 (ea082db3280dd6843ebfb08a625e3eb905c4f5ab),platform=Windows NT 10.0.16299 x86_64) (WARNING: The server did not provide any stacktrace information)
Command duration or timeout: 0 milliseconds
For documentation on this error, please visit: http://seleniumhq.org/exceptions/stale_element_reference.html
Build info: version: &apos;3.13.0&apos;, revision: &apos;2f0d292&apos;, time: &apos;2018-06-25T15:32:14.902Z&apos;
System info: host: &apos;BSTTF72&apos;, ip: &apos;10.251.21.20&apos;, os.name: &apos;Windows 10&apos;, os.arch: &apos;amd64&apos;, os.version: &apos;10.0&apos;, java.version: &apos;10.0.1&apos;
Driver info: org.openqa.selenium.chrome.ChromeDriver
Capabilities {acceptInsecureCerts: false, acceptSslCerts: false, applicationCacheEnabled: false, browserConnectionEnabled: false, browserName: chrome, chrome: {chromedriverVersion: 2.40.565498 (ea082db3280dd6..., userDataDir: C:\Users\peha\AppData\Local...}, cssSelectorsEnabled: true, databaseEnabled: false, handlesAlerts: true, hasTouchScreen: false, javascriptEnabled: true, locationContextEnabled: true, mobileEmulationEnabled: false, nativeEvents: true, networkConnectionEnabled: false, pageLoadStrategy: normal, platform: XP, platformName: XP, rotatable: false, setWindowRect: true, takesHeapSnapshot: true, takesScreenshot: true, unexpectedAlertBehaviour: , unhandledPromptBehavior: , version: 67.0.3396.99, webStorageEnabled: true}
Session ID: 56e69563880aa27ca7a2b3148f7c4c6a
	at org.openqa.selenium.remote.ErrorHandler.createThrowable(ErrorHandler.java:214)
	at org.openqa.selenium.remote.ErrorHandler.throwIfResponseFailed(ErrorHandler.java:166)
	at org.openqa.selenium.remote.http.JsonHttpResponseCodec.reconstructValue(JsonHttpResponseCodec.java:40)
	at org.openqa.selenium.remote.http.AbstractHttpResponseCodec.decode(AbstractHttpResponseCodec.java:80)
	at org.openqa.selenium.remote.http.AbstractHttpResponseCodec.decode(AbstractHttpResponseCodec.java:44)
	at org.openqa.selenium.remote.HttpCommandExecutor.execute(HttpCommandExecutor.java:158)
	at org.openqa.selenium.remote.service.DriverCommandExecutor.execute(DriverCommandExecutor.java:83)
	at org.openqa.selenium.remote.RemoteWebDriver.execute(RemoteWebDriver.java:548)
	at org.openqa.selenium.remote.RemoteWebElement.execute(RemoteWebElement.java:276)
	at org.openqa.selenium.remote.RemoteWebElement.clear(RemoteWebElement.java:118)
	at testCasesSATGranskningBetalningsinformation.GranskningAddNewPaymentInformationBankLocatedInEurope.BankensNamn(GranskningAddNewPaymentInformationBankLocatedInEurope.java:46)
... Removed 29 stack frames</pre></div><a href='#' onClick='toggleBox("stack-trace1713355052", this, "Click to show all stack frames", "Click to hide stack frames")'>Click to show all stack frames</a>
<div class='stack-trace' id='stack-trace1713355052'><pre>org.openqa.selenium.StaleElementReferenceException: stale element reference: element is not attached to the page document
  (Session info: chrome=67.0.3396.99)
  (Driver info: chromedriver=2.40.565498 (ea082db3280dd6843ebfb08a625e3eb905c4f5ab),platform=Windows NT 10.0.16299 x86_64) (WARNING: The server did not provide any stacktrace information)
Command duration or timeout: 0 milliseconds
For documentation on this error, please visit: http://seleniumhq.org/exceptions/stale_element_reference.html
Build info: version: &apos;3.13.0&apos;, revision: &apos;2f0d292&apos;, time: &apos;2018-06-25T15:32:14.902Z&apos;
System info: host: &apos;BSTTF72&apos;, ip: &apos;10.251.21.20&apos;, os.name: &apos;Windows 10&apos;, os.arch: &apos;amd64&apos;, os.version: &apos;10.0&apos;, java.version: &apos;10.0.1&apos;
Driver info: org.openqa.selenium.chrome.ChromeDriver
Capabilities {acceptInsecureCerts: false, acceptSslCerts: false, applicationCacheEnabled: false, browserConnectionEnabled: false, browserName: chrome, chrome: {chromedriverVersion: 2.40.565498 (ea082db3280dd6..., userDataDir: C:\Users\peha\AppData\Local...}, cssSelectorsEnabled: true, databaseEnabled: false, handlesAlerts: true, hasTouchScreen: false, javascriptEnabled: true, locationContextEnabled: true, mobileEmulationEnabled: false, nativeEvents: true, networkConnectionEnabled: false, pageLoadStrategy: normal, platform: XP, platformName: XP, rotatable: false, setWindowRect: true, takesHeapSnapshot: true, takesScreenshot: true, unexpectedAlertBehaviour: , unhandledPromptBehavior: , version: 67.0.3396.99, webStorageEnabled: true}
Session ID: 56e69563880aa27ca7a2b3148f7c4c6a
	at java.base/jdk.internal.reflect.NativeConstructorAccessorImpl.newInstance0(Native Method)
	at java.base/jdk.internal.reflect.NativeConstructorAccessorImpl.newInstance(Unknown Source)
	at java.base/jdk.internal.reflect.DelegatingConstructorAccessorImpl.newInstance(Unknown Source)
	at java.base/java.lang.reflect.Constructor.newInstance(Unknown Source)
	at org.openqa.selenium.remote.ErrorHandler.createThrowable(ErrorHandler.java:214)
	at org.openqa.selenium.remote.ErrorHandler.throwIfResponseFailed(ErrorHandler.java:166)
	at org.openqa.selenium.remote.http.JsonHttpResponseCodec.reconstructValue(JsonHttpResponseCodec.java:40)
	at org.openqa.selenium.remote.http.AbstractHttpResponseCodec.decode(AbstractHttpResponseCodec.java:80)
	at org.openqa.selenium.remote.http.AbstractHttpResponseCodec.decode(AbstractHttpResponseCodec.java:44)
	at org.openqa.selenium.remote.HttpCommandExecutor.execute(HttpCommandExecutor.java:158)
	at org.openqa.selenium.remote.service.DriverCommandExecutor.execute(DriverCommandExecutor.java:83)
	at org.openqa.selenium.remote.RemoteWebDriver.execute(RemoteWebDriver.java:548)
	at org.openqa.selenium.remote.RemoteWebElement.execute(RemoteWebElement.java:276)
	at org.openqa.selenium.remote.RemoteWebElement.clear(RemoteWebElement.java:118)
	at testCasesSATGranskningBetalningsinformation.GranskningAddNewPaymentInformationBankLocatedInEurope.BankensNamn(GranskningAddNewPaymentInformationBankLocatedInEurope.java:46)
	at java.base/jdk.internal.reflect.NativeMethodAccessorImpl.invoke0(Native Method)
	at java.base/jdk.internal.reflect.NativeMethodAccessorImpl.invoke(Unknown Source)
	at java.base/jdk.internal.reflect.DelegatingMethodAccessorImpl.invoke(Unknown Source)
	at java.base/java.lang.reflect.Method.invoke(Unknown Source)
	at org.testng.internal.MethodInvocationHelper.invokeMethod(MethodInvocationHelper.java:124)
	at org.testng.internal.Invoker.invokeMethod(Invoker.java:580)
	at org.testng.internal.Invoker.invokeTestMethod(Invoker.java:716)
	at org.testng.internal.Invoker.invokeTestMethods(Invoker.java:988)
	at org.testng.internal.TestMethodWorker.invokeTestMethods(TestMethodWorker.java:125)
	at org.testng.internal.TestMethodWorker.run(TestMethodWorker.java:109)
	at org.testng.TestRunner.privateRun(TestRunner.java:648)
	at org.testng.TestRunner.run(TestRunner.java:505)
	at org.testng.SuiteRunner.runTest(SuiteRunner.java:455)
	at org.testng.SuiteRunner.runSequentially(SuiteRunner.java:450)
	at org.testng.SuiteRunner.privateRun(SuiteRunner.java:415)
	at org.testng.SuiteRunner.run(SuiteRunner.java:364)
	at org.testng.SuiteRunnerWorker.runSuite(SuiteRunnerWorker.java:52)
	at org.testng.SuiteRunnerWorker.run(SuiteRunnerWorker.java:84)
	at org.testng.TestNG.runSuitesSequentially(TestNG.java:1208)
	at org.testng.TestNG.runSuitesLocally(TestNG.java:1137)
	at org.testng.TestNG.runSuites(TestNG.java:1049)
	at org.testng.TestNG.run(TestNG.java:1017)
	at org.testng.remote.AbstractRemoteTestNG.run(AbstractRemoteTestNG.java:114)
	at org.testng.remote.RemoteTestNG.initAndRun(RemoteTestNG.java:251)
	at org.testng.remote.RemoteTestNG.main(RemoteTestNG.java:77)
</pre></div></td>
<td>0</td>
<td>testCasesSATGranskningBetalningsinformation.GranskningAddNewPaymentInformationBankLocatedInEurope@77eca502</td></tr>
<tr>
<td title='testCasesSATGranskningBetalningsinformation.GranskningAddNewPaymentInformationBankLocatedInSwedenPlusgiro.LoginAsUser()'><b>LoginAsUser</b><br>Test class: testCasesSATGranskningBetalningsinformation.GranskningAddNewPaymentInformationBankLocatedInSwedenPlusgiro</td>
<td><div><pre>org.openqa.selenium.TimeoutException: Expected condition failed: waiting for element to be clickable: By.cssSelector: body &gt; div.page-container &gt; div.container &gt; div.row.header-row &gt; header &gt; ul &gt; li.mainMenuMyProfile.active &gt; a (tried for 40 second(s) with 500 milliseconds interval)
	at org.openqa.selenium.support.ui.WebDriverWait.timeoutException(WebDriverWait.java:81)
	at org.openqa.selenium.support.ui.FluentWait.until(FluentWait.java:271)
	at driverAndCommands.DriverWaitExpectedConditions.WaitForElementToBeClickable(DriverWaitExpectedConditions.java:14)
	at testCasesSATGranskningBetalningsinformation.GranskningAddNewPaymentInformationBankLocatedInSwedenPlusgiro.LoginAsUser(GranskningAddNewPaymentInformationBankLocatedInSwedenPlusgiro.java:21)
Caused by: org.openqa.selenium.NoSuchElementException: Cannot locate an element using By.cssSelector: body &gt; div.page-container &gt; div.container &gt; div.row.header-row &gt; header &gt; ul &gt; li.mainMenuMyProfile.active &gt; a
For documentation on this error, please visit: http://seleniumhq.org/exceptions/no_such_element.html
Build info: version: &apos;3.13.0&apos;, revision: &apos;2f0d292&apos;, time: &apos;2018-06-25T15:32:14.902Z&apos;
System info: host: &apos;BSTTF72&apos;, ip: &apos;10.251.21.20&apos;, os.name: &apos;Windows 10&apos;, os.arch: &apos;amd64&apos;, os.version: &apos;10.0&apos;, java.version: &apos;10.0.1&apos;
Driver info: driver.version: unknown
	at org.openqa.selenium.support.ui.ExpectedConditions.lambda$findElement$0(ExpectedConditions.java:896)
	at java.base/java.util.Optional.orElseThrow(Unknown Source)
	at org.openqa.selenium.support.ui.ExpectedConditions.findElement(ExpectedConditions.java:895)
	at org.openqa.selenium.support.ui.ExpectedConditions.access$000(ExpectedConditions.java:44)
	at org.openqa.selenium.support.ui.ExpectedConditions$7.apply(ExpectedConditions.java:206)
	at org.openqa.selenium.support.ui.ExpectedConditions$7.apply(ExpectedConditions.java:202)
	at org.openqa.selenium.support.ui.ExpectedConditions$22.apply(ExpectedConditions.java:657)
	at org.openqa.selenium.support.ui.ExpectedConditions$22.apply(ExpectedConditions.java:654)
	at org.openqa.selenium.support.ui.FluentWait.until(FluentWait.java:248)
	... 27 more
... Removed 25 stack frames</pre></div><a href='#' onClick='toggleBox("stack-trace2075113762", this, "Click to show all stack frames", "Click to hide stack frames")'>Click to show all stack frames</a>
<div class='stack-trace' id='stack-trace2075113762'><pre>org.openqa.selenium.TimeoutException: Expected condition failed: waiting for element to be clickable: By.cssSelector: body &gt; div.page-container &gt; div.container &gt; div.row.header-row &gt; header &gt; ul &gt; li.mainMenuMyProfile.active &gt; a (tried for 40 second(s) with 500 milliseconds interval)
	at org.openqa.selenium.support.ui.WebDriverWait.timeoutException(WebDriverWait.java:81)
	at org.openqa.selenium.support.ui.FluentWait.until(FluentWait.java:271)
	at driverAndCommands.DriverWaitExpectedConditions.WaitForElementToBeClickable(DriverWaitExpectedConditions.java:14)
	at testCasesSATGranskningBetalningsinformation.GranskningAddNewPaymentInformationBankLocatedInSwedenPlusgiro.LoginAsUser(GranskningAddNewPaymentInformationBankLocatedInSwedenPlusgiro.java:21)
	at java.base/jdk.internal.reflect.NativeMethodAccessorImpl.invoke0(Native Method)
	at java.base/jdk.internal.reflect.NativeMethodAccessorImpl.invoke(Unknown Source)
	at java.base/jdk.internal.reflect.DelegatingMethodAccessorImpl.invoke(Unknown Source)
	at java.base/java.lang.reflect.Method.invoke(Unknown Source)
	at org.testng.internal.MethodInvocationHelper.invokeMethod(MethodInvocationHelper.java:124)
	at org.testng.internal.Invoker.invokeMethod(Invoker.java:580)
	at org.testng.internal.Invoker.invokeTestMethod(Invoker.java:716)
	at org.testng.internal.Invoker.invokeTestMethods(Invoker.java:988)
	at org.testng.internal.TestMethodWorker.invokeTestMethods(TestMethodWorker.java:125)
	at org.testng.internal.TestMethodWorker.run(TestMethodWorker.java:109)
	at org.testng.TestRunner.privateRun(TestRunner.java:648)
	at org.testng.TestRunner.run(TestRunner.java:505)
	at org.testng.SuiteRunner.runTest(SuiteRunner.java:455)
	at org.testng.SuiteRunner.runSequentially(SuiteRunner.java:450)
	at org.testng.SuiteRunner.privateRun(SuiteRunner.java:415)
	at org.testng.SuiteRunner.run(SuiteRunner.java:364)
	at org.testng.SuiteRunnerWorker.runSuite(SuiteRunnerWorker.java:52)
	at org.testng.SuiteRunnerWorker.run(SuiteRunnerWorker.java:84)
	at org.testng.TestNG.runSuitesSequentially(TestNG.java:1208)
	at org.testng.TestNG.runSuitesLocally(TestNG.java:1137)
	at org.testng.TestNG.runSuites(TestNG.java:1049)
	at org.testng.TestNG.run(TestNG.java:1017)
	at org.testng.remote.AbstractRemoteTestNG.run(AbstractRemoteTestNG.java:114)
	at org.testng.remote.RemoteTestNG.initAndRun(RemoteTestNG.java:251)
	at org.testng.remote.RemoteTestNG.main(RemoteTestNG.java:77)
Caused by: org.openqa.selenium.NoSuchElementException: Cannot locate an element using By.cssSelector: body &gt; div.page-container &gt; div.container &gt; div.row.header-row &gt; header &gt; ul &gt; li.mainMenuMyProfile.active &gt; a
For documentation on this error, please visit: http://seleniumhq.org/exceptions/no_such_element.html
Build info: version: &apos;3.13.0&apos;, revision: &apos;2f0d292&apos;, time: &apos;2018-06-25T15:32:14.902Z&apos;
System info: host: &apos;BSTTF72&apos;, ip: &apos;10.251.21.20&apos;, os.name: &apos;Windows 10&apos;, os.arch: &apos;amd64&apos;, os.version: &apos;10.0&apos;, java.version: &apos;10.0.1&apos;
Driver info: driver.version: unknown
	at org.openqa.selenium.support.ui.ExpectedConditions.lambda$findElement$0(ExpectedConditions.java:896)
	at java.base/java.util.Optional.orElseThrow(Unknown Source)
	at org.openqa.selenium.support.ui.ExpectedConditions.findElement(ExpectedConditions.java:895)
	at org.openqa.selenium.support.ui.ExpectedConditions.access$000(ExpectedConditions.java:44)
	at org.openqa.selenium.support.ui.ExpectedConditions$7.apply(ExpectedConditions.java:206)
	at org.openqa.selenium.support.ui.ExpectedConditions$7.apply(ExpectedConditions.java:202)
	at org.openqa.selenium.support.ui.ExpectedConditions$22.apply(ExpectedConditions.java:657)
	at org.openqa.selenium.support.ui.ExpectedConditions$22.apply(ExpectedConditions.java:654)
	at org.openqa.selenium.support.ui.FluentWait.until(FluentWait.java:248)
	... 27 more
</pre></div></td>
<td>41</td>
<td>testCasesSATGranskningBetalningsinformation.GranskningAddNewPaymentInformationBankLocatedInSwedenPlusgiro@2cd2a21f</td></tr>
</table><p>
<table width='100%' border='1' class='invocation-passed'>
<tr><td colspan='4' align='center'><b>PASSED TESTS</b></td></tr>
<tr><td><b>Test method</b></td>
<td width="30%"><b>Exception</b></td>
<td width="10%"><b>Time (seconds)</b></td>
<td><b>Instance</b></td>
</tr>
<tr>
<td title='testCasesSATGranskningBetalningsinformation.GranskningAddNewPaymentInformationBankLocatedInSwedenBankgiro.AcceptAlert()'><b>AcceptAlert</b><br>Test class: testCasesSATGranskningBetalningsinformation.GranskningAddNewPaymentInformationBankLocatedInSwedenBankgiro</td>
<td></td>
<td>1</td>
<td>testCasesSATGranskningBetalningsinformation.GranskningAddNewPaymentInformationBankLocatedInSwedenBankgiro@6b8ca3c8</td></tr>
<tr>
<td title='testCasesSATGranskningBetalningsinformation.GranskningAddNewPaymentInformationBankLocatedInSwedenBankkonto.AcceptAlert()'><b>AcceptAlert</b><br>Test class: testCasesSATGranskningBetalningsinformation.GranskningAddNewPaymentInformationBankLocatedInSwedenBankkonto</td>
<td></td>
<td>1</td>
<td>testCasesSATGranskningBetalningsinformation.GranskningAddNewPaymentInformationBankLocatedInSwedenBankkonto@59af0466</td></tr>
<tr>
<td title='testCasesSATGranskningBetalningsinformation.GranskningAddNewPaymentInformationBankLocatedOutsideOfEurope.AcceptAlert()'><b>AcceptAlert</b><br>Test class: testCasesSATGranskningBetalningsinformation.GranskningAddNewPaymentInformationBankLocatedOutsideOfEurope</td>
<td></td>
<td>1</td>
<td>testCasesSATGranskningBetalningsinformation.GranskningAddNewPaymentInformationBankLocatedOutsideOfEurope@69e1dd28</td></tr>
<tr>
<td title='testCasesSATGranskningBetalningsinformation.GranskningAddNewPaymentInformationBankLocatedOutsideOfEurope.Bankadress()'><b>Bankadress</b><br>Test class: testCasesSATGranskningBetalningsinformation.GranskningAddNewPaymentInformationBankLocatedOutsideOfEurope</td>
<td></td>
<td>0</td>
<td>testCasesSATGranskningBetalningsinformation.GranskningAddNewPaymentInformationBankLocatedOutsideOfEurope@69e1dd28</td></tr>
<tr>
<td title='testCasesSATGranskningBetalningsinformation.GranskningAddNewPaymentInformationBankLocatedInEurope.BankensLand()'><b>BankensLand</b><br>Test class: testCasesSATGranskningBetalningsinformation.GranskningAddNewPaymentInformationBankLocatedInEurope</td>
<td></td>
<td>0</td>
<td>testCasesSATGranskningBetalningsinformation.GranskningAddNewPaymentInformationBankLocatedInEurope@77eca502</td></tr>
<tr>
<td title='testCasesSATGranskningBetalningsinformation.GranskningAddNewPaymentInformationBankLocatedInSwedenBankgiro.BankensLand()'><b>BankensLand</b><br>Test class: testCasesSATGranskningBetalningsinformation.GranskningAddNewPaymentInformationBankLocatedInSwedenBankgiro</td>
<td></td>
<td>0</td>
<td>testCasesSATGranskningBetalningsinformation.GranskningAddNewPaymentInformationBankLocatedInSwedenBankgiro@6b8ca3c8</td></tr>
<tr>
<td title='testCasesSATGranskningBetalningsinformation.GranskningAddNewPaymentInformationBankLocatedInSwedenBankkonto.BankensLand()'><b>BankensLand</b><br>Test class: testCasesSATGranskningBetalningsinformation.GranskningAddNewPaymentInformationBankLocatedInSwedenBankkonto</td>
<td></td>
<td>0</td>
<td>testCasesSATGranskningBetalningsinformation.GranskningAddNewPaymentInformationBankLocatedInSwedenBankkonto@59af0466</td></tr>
<tr>
<td title='testCasesSATGranskningBetalningsinformation.GranskningAddNewPaymentInformationBankLocatedOutsideOfEurope.BankensLand()'><b>BankensLand</b><br>Test class: testCasesSATGranskningBetalningsinformation.GranskningAddNewPaymentInformationBankLocatedOutsideOfEurope</td>
<td></td>
<td>0</td>
<td>testCasesSATGranskningBetalningsinformation.GranskningAddNewPaymentInformationBankLocatedOutsideOfEurope@69e1dd28</td></tr>
<tr>
<td title='testCasesSATGranskningBetalningsinformation.GranskningAddNewPaymentInformationBankLocatedInSwedenBankkonto.BankensNamn()'><b>BankensNamn</b><br>Test class: testCasesSATGranskningBetalningsinformation.GranskningAddNewPaymentInformationBankLocatedInSwedenBankkonto</td>
<td></td>
<td>0</td>
<td>testCasesSATGranskningBetalningsinformation.GranskningAddNewPaymentInformationBankLocatedInSwedenBankkonto@59af0466</td></tr>
<tr>
<td title='testCasesSATGranskningBetalningsinformation.GranskningAddNewPaymentInformationBankLocatedOutsideOfEurope.BankensNamn()'><b>BankensNamn</b><br>Test class: testCasesSATGranskningBetalningsinformation.GranskningAddNewPaymentInformationBankLocatedOutsideOfEurope</td>
<td></td>
<td>1</td>
<td>testCasesSATGranskningBetalningsinformation.GranskningAddNewPaymentInformationBankLocatedOutsideOfEurope@69e1dd28</td></tr>
<tr>
<td title='testCasesSATGranskningBetalningsinformation.GranskningAddNewPaymentInformationBankLocatedOutsideOfEurope.BankensPostadress()'><b>BankensPostadress</b><br>Test class: testCasesSATGranskningBetalningsinformation.GranskningAddNewPaymentInformationBankLocatedOutsideOfEurope</td>
<td></td>
<td>0</td>
<td>testCasesSATGranskningBetalningsinformation.GranskningAddNewPaymentInformationBankLocatedOutsideOfEurope@69e1dd28</td></tr>
<tr>
<td title='testCasesSATGranskningBetalningsinformation.GranskningAddNewPaymentInformationBankLocatedOutsideOfEurope.BankensPostnummer()'><b>BankensPostnummer</b><br>Test class: testCasesSATGranskningBetalningsinformation.GranskningAddNewPaymentInformationBankLocatedOutsideOfEurope</td>
<td></td>
<td>0</td>
<td>testCasesSATGranskningBetalningsinformation.GranskningAddNewPaymentInformationBankLocatedOutsideOfEurope@69e1dd28</td></tr>
<tr>
<td title='testCasesSATGranskningBetalningsinformation.GranskningAddNewPaymentInformationBankLocatedInSwedenBankgiro.Bankgiro()'><b>Bankgiro</b><br>Test class: testCasesSATGranskningBetalningsinformation.GranskningAddNewPaymentInformationBankLocatedInSwedenBankgiro</td>
<td></td>
<td>0</td>
<td>testCasesSATGranskningBetalningsinformation.GranskningAddNewPaymentInformationBankLocatedInSwedenBankgiro@6b8ca3c8</td></tr>
<tr>
<td title='testCasesSATGranskningBetalningsinformation.GranskningAddNewPaymentInformationBankLocatedOutsideOfEurope.Bankkod()'><b>Bankkod</b><br>Test class: testCasesSATGranskningBetalningsinformation.GranskningAddNewPaymentInformationBankLocatedOutsideOfEurope</td>
<td></td>
<td>0</td>
<td>testCasesSATGranskningBetalningsinformation.GranskningAddNewPaymentInformationBankLocatedOutsideOfEurope@69e1dd28</td></tr>
<tr>
<td title='testCasesSATGranskningBetalningsinformation.GranskningAddNewPaymentInformationBankLocatedInSwedenBankkonto.Bankkontonummer()'><b>Bankkontonummer</b><br>Test class: testCasesSATGranskningBetalningsinformation.GranskningAddNewPaymentInformationBankLocatedInSwedenBankkonto</td>
<td></td>
<td>0</td>
<td>testCasesSATGranskningBetalningsinformation.GranskningAddNewPaymentInformationBankLocatedInSwedenBankkonto@59af0466</td></tr>
<tr>
<td title='testCasesSATGranskningBetalningsinformation.GranskningAddNewPaymentInformationBankLocatedOutsideOfEurope.Bankkontonummer()'><b>Bankkontonummer</b><br>Test class: testCasesSATGranskningBetalningsinformation.GranskningAddNewPaymentInformationBankLocatedOutsideOfEurope</td>
<td></td>
<td>0</td>
<td>testCasesSATGranskningBetalningsinformation.GranskningAddNewPaymentInformationBankLocatedOutsideOfEurope@69e1dd28</td></tr>
<tr>
<td title='testCasesSATGranskningBetalningsinformation.GranskningAddNewPaymentInformationBankLocatedInEurope.Betalningsinformation()'><b>Betalningsinformation</b><br>Test class: testCasesSATGranskningBetalningsinformation.GranskningAddNewPaymentInformationBankLocatedInEurope</td>
<td></td>
<td>1</td>
<td>testCasesSATGranskningBetalningsinformation.GranskningAddNewPaymentInformationBankLocatedInEurope@77eca502</td></tr>
<tr>
<td title='testCasesSATGranskningBetalningsinformation.GranskningAddNewPaymentInformationBankLocatedInSwedenBankgiro.Betalningsinformation()'><b>Betalningsinformation</b><br>Test class: testCasesSATGranskningBetalningsinformation.GranskningAddNewPaymentInformationBankLocatedInSwedenBankgiro</td>
<td></td>
<td>1</td>
<td>testCasesSATGranskningBetalningsinformation.GranskningAddNewPaymentInformationBankLocatedInSwedenBankgiro@6b8ca3c8</td></tr>
<tr>
<td title='testCasesSATGranskningBetalningsinformation.GranskningAddNewPaymentInformationBankLocatedInSwedenBankkonto.Betalningsinformation()'><b>Betalningsinformation</b><br>Test class: testCasesSATGranskningBetalningsinformation.GranskningAddNewPaymentInformationBankLocatedInSwedenBankkonto</td>
<td></td>
<td>1</td>
<td>testCasesSATGranskningBetalningsinformation.GranskningAddNewPaymentInformationBankLocatedInSwedenBankkonto@59af0466</td></tr>
<tr>
<td title='testCasesSATGranskningBetalningsinformation.GranskningAddNewPaymentInformationBankLocatedOutsideOfEurope.Betalningsinformation()'><b>Betalningsinformation</b><br>Test class: testCasesSATGranskningBetalningsinformation.GranskningAddNewPaymentInformationBankLocatedOutsideOfEurope</td>
<td></td>
<td>1</td>
<td>testCasesSATGranskningBetalningsinformation.GranskningAddNewPaymentInformationBankLocatedOutsideOfEurope@69e1dd28</td></tr>
<tr>
<td title='testCasesSATGranskningBetalningsinformation.GranskningAddNewPaymentInformationBankLocatedInSwedenBankgiro.Betalningstyp()'><b>Betalningstyp</b><br>Test class: testCasesSATGranskningBetalningsinformation.GranskningAddNewPaymentInformationBankLocatedInSwedenBankgiro</td>
<td></td>
<td>0</td>
<td>testCasesSATGranskningBetalningsinformation.GranskningAddNewPaymentInformationBankLocatedInSwedenBankgiro@6b8ca3c8</td></tr>
<tr>
<td title='testCasesSATGranskningBetalningsinformation.GranskningAddNewPaymentInformationBankLocatedInSwedenBankkonto.Betalningstyp()'><b>Betalningstyp</b><br>Test class: testCasesSATGranskningBetalningsinformation.GranskningAddNewPaymentInformationBankLocatedInSwedenBankkonto</td>
<td></td>
<td>0</td>
<td>testCasesSATGranskningBetalningsinformation.GranskningAddNewPaymentInformationBankLocatedInSwedenBankkonto@59af0466</td></tr>
<tr>
<td title='testCasesSATGranskningBetalningsinformation.GranskningAddNewPaymentInformationBankLocatedInSwedenBankkonto.Clearingnummer()'><b>Clearingnummer</b><br>Test class: testCasesSATGranskningBetalningsinformation.GranskningAddNewPaymentInformationBankLocatedInSwedenBankkonto</td>
<td></td>
<td>0</td>
<td>testCasesSATGranskningBetalningsinformation.GranskningAddNewPaymentInformationBankLocatedInSwedenBankkonto@59af0466</td></tr>
<tr>
<td title='testCasesSATGranskningBetalningsinformation.GranskningAddNewPaymentInformationBankLocatedInEurope.ClickGranskningsfliken()'><b>ClickGranskningsfliken</b><br>Test class: testCasesSATGranskningBetalningsinformation.GranskningAddNewPaymentInformationBankLocatedInEurope</td>
<td></td>
<td>1</td>
<td>testCasesSATGranskningBetalningsinformation.GranskningAddNewPaymentInformationBankLocatedInEurope@77eca502</td></tr>
<tr>
<td title='testCasesSATGranskningBetalningsinformation.GranskningAddNewPaymentInformationBankLocatedInSwedenBankgiro.ClickGranskningsfliken()'><b>ClickGranskningsfliken</b><br>Test class: testCasesSATGranskningBetalningsinformation.GranskningAddNewPaymentInformationBankLocatedInSwedenBankgiro</td>
<td></td>
<td>0</td>
<td>testCasesSATGranskningBetalningsinformation.GranskningAddNewPaymentInformationBankLocatedInSwedenBankgiro@6b8ca3c8</td></tr>
<tr>
<td title='testCasesSATGranskningBetalningsinformation.GranskningAddNewPaymentInformationBankLocatedInSwedenBankkonto.ClickGranskningsfliken()'><b>ClickGranskningsfliken</b><br>Test class: testCasesSATGranskningBetalningsinformation.GranskningAddNewPaymentInformationBankLocatedInSwedenBankkonto</td>
<td></td>
<td>1</td>
<td>testCasesSATGranskningBetalningsinformation.GranskningAddNewPaymentInformationBankLocatedInSwedenBankkonto@59af0466</td></tr>
<tr>
<td title='testCasesSATGranskningBetalningsinformation.GranskningAddNewPaymentInformationBankLocatedOutsideOfEurope.ClickGranskningsfliken()'><b>ClickGranskningsfliken</b><br>Test class: testCasesSATGranskningBetalningsinformation.GranskningAddNewPaymentInformationBankLocatedOutsideOfEurope</td>
<td></td>
<td>0</td>
<td>testCasesSATGranskningBetalningsinformation.GranskningAddNewPaymentInformationBankLocatedOutsideOfEurope@69e1dd28</td></tr>
<tr>
<td title='testCasesSATGranskningBetalningsinformation.GranskningAddNewPaymentInformationBankLocatedInSwedenBankkonto.Kontoinnehavare()'><b>Kontoinnehavare</b><br>Test class: testCasesSATGranskningBetalningsinformation.GranskningAddNewPaymentInformationBankLocatedInSwedenBankkonto</td>
<td></td>
<td>0</td>
<td>testCasesSATGranskningBetalningsinformation.GranskningAddNewPaymentInformationBankLocatedInSwedenBankkonto@59af0466</td></tr>
<tr>
<td title='testCasesSATGranskningBetalningsinformation.GranskningAddNewPaymentInformationBankLocatedOutsideOfEurope.Kontoinnehavare()'><b>Kontoinnehavare</b><br>Test class: testCasesSATGranskningBetalningsinformation.GranskningAddNewPaymentInformationBankLocatedOutsideOfEurope</td>
<td></td>
<td>0</td>
<td>testCasesSATGranskningBetalningsinformation.GranskningAddNewPaymentInformationBankLocatedOutsideOfEurope@69e1dd28</td></tr>
<tr>
<td title='testCasesSATGranskningBetalningsinformation.GranskningAddNewPaymentInformationBankLocatedInEurope.LoginAsUser()'><b>LoginAsUser</b><br>Test class: testCasesSATGranskningBetalningsinformation.GranskningAddNewPaymentInformationBankLocatedInEurope</td>
<td></td>
<td>6</td>
<td>testCasesSATGranskningBetalningsinformation.GranskningAddNewPaymentInformationBankLocatedInEurope@77eca502</td></tr>
<tr>
<td title='testCasesSATGranskningBetalningsinformation.GranskningAddNewPaymentInformationBankLocatedInSwedenBankgiro.LoginAsUser()'><b>LoginAsUser</b><br>Test class: testCasesSATGranskningBetalningsinformation.GranskningAddNewPaymentInformationBankLocatedInSwedenBankgiro</td>
<td></td>
<<<<<<< HEAD
<td>6</td>
<td>testCasesSATGranskningBetalningsinformation.GranskningAddNewPaymentInformationBankLocatedInSwedenBankgiro@6b8ca3c8</td></tr>
=======
<td>5</td>
<td>testCasesSATGranskningBetalningsinformation.GranskningAddNewPaymentInformationBankLocatedInSwedenBankgiro@2f8dad04</td></tr>
>>>>>>> branch 'master' of https://github.com/KristoferKlarin/SeleniumProject.git
<tr>
<td title='testCasesSATGranskningBetalningsinformation.GranskningAddNewPaymentInformationBankLocatedInSwedenBankkonto.LoginAsUser()'><b>LoginAsUser</b><br>Test class: testCasesSATGranskningBetalningsinformation.GranskningAddNewPaymentInformationBankLocatedInSwedenBankkonto</td>
<td></td>
<<<<<<< HEAD
<td>7</td>
<td>testCasesSATGranskningBetalningsinformation.GranskningAddNewPaymentInformationBankLocatedInSwedenBankkonto@59af0466</td></tr>
=======
<td>5</td>
<td>testCasesSATGranskningBetalningsinformation.GranskningAddNewPaymentInformationBankLocatedInSwedenBankkonto@a3d8174</td></tr>
<tr>
<td title='testCasesSATGranskningBetalningsinformation.GranskningAddNewPaymentInformationBankLocatedInSwedenPlusgiro.LoginAsUser()'><b>LoginAsUser</b><br>Test class: testCasesSATGranskningBetalningsinformation.GranskningAddNewPaymentInformationBankLocatedInSwedenPlusgiro</td>
<td></td>
<td>4</td>
<td>testCasesSATGranskningBetalningsinformation.GranskningAddNewPaymentInformationBankLocatedInSwedenPlusgiro@51dcb805</td></tr>
>>>>>>> branch 'master' of https://github.com/KristoferKlarin/SeleniumProject.git
<tr>
<td title='testCasesSATGranskningBetalningsinformation.GranskningAddNewPaymentInformationBankLocatedOutsideOfEurope.LoginAsUser()'><b>LoginAsUser</b><br>Test class: testCasesSATGranskningBetalningsinformation.GranskningAddNewPaymentInformationBankLocatedOutsideOfEurope</td>
<td></td>
<<<<<<< HEAD
<td>7</td>
<td>testCasesSATGranskningBetalningsinformation.GranskningAddNewPaymentInformationBankLocatedOutsideOfEurope@69e1dd28</td></tr>
=======
<td>5</td>
<td>testCasesSATGranskningBetalningsinformation.GranskningAddNewPaymentInformationBankLocatedOutsideOfEurope@6631f5ca</td></tr>
<tr>
<td title='testCasesSATGranskningBetalningsinformation.GranskningAddNewPaymentInformationBankLocatedInSwedenPlusgiro.Plusgiro()'><b>Plusgiro</b><br>Test class: testCasesSATGranskningBetalningsinformation.GranskningAddNewPaymentInformationBankLocatedInSwedenPlusgiro</td>
<td></td>
<td>0</td>
<td>testCasesSATGranskningBetalningsinformation.GranskningAddNewPaymentInformationBankLocatedInSwedenPlusgiro@51dcb805</td></tr>
<tr>
<td title='testCasesSATGranskningBetalningsinformation.GranskningAddNewPaymentInformationBankLocatedInEurope.SWIFTBIC()'><b>SWIFTBIC</b><br>Test class: testCasesSATGranskningBetalningsinformation.GranskningAddNewPaymentInformationBankLocatedInEurope</td>
<td></td>
<td>0</td>
<td>testCasesSATGranskningBetalningsinformation.GranskningAddNewPaymentInformationBankLocatedInEurope@67080771</td></tr>
>>>>>>> branch 'master' of https://github.com/KristoferKlarin/SeleniumProject.git
<tr>
<td title='testCasesSATGranskningBetalningsinformation.GranskningAddNewPaymentInformationBankLocatedOutsideOfEurope.SWIFTBIC()'><b>SWIFTBIC</b><br>Test class: testCasesSATGranskningBetalningsinformation.GranskningAddNewPaymentInformationBankLocatedOutsideOfEurope</td>
<td></td>
<td>0</td>
<td>testCasesSATGranskningBetalningsinformation.GranskningAddNewPaymentInformationBankLocatedOutsideOfEurope@69e1dd28</td></tr>
<tr>
<td title='testCasesSATGranskningBetalningsinformation.GranskningAddNewPaymentInformationBankLocatedInSwedenBankgiro.Skatteprocent()'><b>Skatteprocent</b><br>Test class: testCasesSATGranskningBetalningsinformation.GranskningAddNewPaymentInformationBankLocatedInSwedenBankgiro</td>
<td></td>
<td>0</td>
<td>testCasesSATGranskningBetalningsinformation.GranskningAddNewPaymentInformationBankLocatedInSwedenBankgiro@6b8ca3c8</td></tr>
<tr>
<td title='testCasesSATGranskningBetalningsinformation.GranskningAddNewPaymentInformationBankLocatedInSwedenBankkonto.Skatteprocent()'><b>Skatteprocent</b><br>Test class: testCasesSATGranskningBetalningsinformation.GranskningAddNewPaymentInformationBankLocatedInSwedenBankkonto</td>
<td></td>
<td>0</td>
<td>testCasesSATGranskningBetalningsinformation.GranskningAddNewPaymentInformationBankLocatedInSwedenBankkonto@59af0466</td></tr>
<tr>
<td title='testCasesSATGranskningBetalningsinformation.GranskningAddNewPaymentInformationBankLocatedInSwedenBankgiro.Spara()'><b>Spara</b><br>Test class: testCasesSATGranskningBetalningsinformation.GranskningAddNewPaymentInformationBankLocatedInSwedenBankgiro</td>
<td></td>
<td>0</td>
<td>testCasesSATGranskningBetalningsinformation.GranskningAddNewPaymentInformationBankLocatedInSwedenBankgiro@6b8ca3c8</td></tr>
<tr>
<td title='testCasesSATGranskningBetalningsinformation.GranskningAddNewPaymentInformationBankLocatedInSwedenBankkonto.Spara()'><b>Spara</b><br>Test class: testCasesSATGranskningBetalningsinformation.GranskningAddNewPaymentInformationBankLocatedInSwedenBankkonto</td>
<td></td>
<td>0</td>
<td>testCasesSATGranskningBetalningsinformation.GranskningAddNewPaymentInformationBankLocatedInSwedenBankkonto@59af0466</td></tr>
<tr>
<td title='testCasesSATGranskningBetalningsinformation.GranskningAddNewPaymentInformationBankLocatedOutsideOfEurope.Spara()'><b>Spara</b><br>Test class: testCasesSATGranskningBetalningsinformation.GranskningAddNewPaymentInformationBankLocatedOutsideOfEurope</td>
<td></td>
<td>0</td>
<td>testCasesSATGranskningBetalningsinformation.GranskningAddNewPaymentInformationBankLocatedOutsideOfEurope@69e1dd28</td></tr>
<tr>
<td title='testCasesSATGranskningBetalningsinformation.GranskningAddNewPaymentInformationBankLocatedInSwedenBankgiro.TIN()'><b>TIN</b><br>Test class: testCasesSATGranskningBetalningsinformation.GranskningAddNewPaymentInformationBankLocatedInSwedenBankgiro</td>
<td></td>
<td>0</td>
<td>testCasesSATGranskningBetalningsinformation.GranskningAddNewPaymentInformationBankLocatedInSwedenBankgiro@6b8ca3c8</td></tr>
<tr>
<td title='testCasesSATGranskningBetalningsinformation.GranskningAddNewPaymentInformationBankLocatedInSwedenBankkonto.TIN()'><b>TIN</b><br>Test class: testCasesSATGranskningBetalningsinformation.GranskningAddNewPaymentInformationBankLocatedInSwedenBankkonto</td>
<td></td>
<td>0</td>
<td>testCasesSATGranskningBetalningsinformation.GranskningAddNewPaymentInformationBankLocatedInSwedenBankkonto@59af0466</td></tr>
<tr>
<td title='testCasesSATGranskningBetalningsinformation.GranskningAddNewPaymentInformationBankLocatedOutsideOfEurope.TIN()'><b>TIN</b><br>Test class: testCasesSATGranskningBetalningsinformation.GranskningAddNewPaymentInformationBankLocatedOutsideOfEurope</td>
<td></td>
<td>0</td>
<td>testCasesSATGranskningBetalningsinformation.GranskningAddNewPaymentInformationBankLocatedOutsideOfEurope@69e1dd28</td></tr>
</table><p>
<table width='100%' border='1' class='invocation-skipped'>
<tr><td colspan='4' align='center'><b>SKIPPED TESTS</b></td></tr>
<tr><td><b>Test method</b></td>
<td width="30%"><b>Exception</b></td>
<td width="10%"><b>Time (seconds)</b></td>
<td><b>Instance</b></td>
</tr>
<tr>
<td title='testCasesSATGranskningBetalningsinformation.GranskningAddNewPaymentInformationBankLocatedInSwedenPlusgiro.AcceptAlert()'><b>AcceptAlert</b><br>Test class: testCasesSATGranskningBetalningsinformation.GranskningAddNewPaymentInformationBankLocatedInSwedenPlusgiro</td>
<td><div><pre>java.lang.Throwable: Method GranskningAddNewPaymentInformationBankLocatedInSwedenPlusgiro.AcceptAlert()[pri:0, instance:testCasesSATGranskningBetalningsinformation.GranskningAddNewPaymentInformationBankLocatedInSwedenPlusgiro@2cd2a21f] depends on not successfully finished methods
... Removed 18 stack frames</pre></div><a href='#' onClick='toggleBox("stack-trace87201826", this, "Click to show all stack frames", "Click to hide stack frames")'>Click to show all stack frames</a>
<div class='stack-trace' id='stack-trace87201826'><pre>java.lang.Throwable: Method GranskningAddNewPaymentInformationBankLocatedInSwedenPlusgiro.AcceptAlert()[pri:0, instance:testCasesSATGranskningBetalningsinformation.GranskningAddNewPaymentInformationBankLocatedInSwedenPlusgiro@2cd2a21f] depends on not successfully finished methods
	at org.testng.internal.Invoker.invokeTestMethods(Invoker.java:887)
	at org.testng.internal.TestMethodWorker.invokeTestMethods(TestMethodWorker.java:125)
	at org.testng.internal.TestMethodWorker.run(TestMethodWorker.java:109)
	at org.testng.TestRunner.privateRun(TestRunner.java:648)
	at org.testng.TestRunner.run(TestRunner.java:505)
	at org.testng.SuiteRunner.runTest(SuiteRunner.java:455)
	at org.testng.SuiteRunner.runSequentially(SuiteRunner.java:450)
	at org.testng.SuiteRunner.privateRun(SuiteRunner.java:415)
	at org.testng.SuiteRunner.run(SuiteRunner.java:364)
	at org.testng.SuiteRunnerWorker.runSuite(SuiteRunnerWorker.java:52)
	at org.testng.SuiteRunnerWorker.run(SuiteRunnerWorker.java:84)
	at org.testng.TestNG.runSuitesSequentially(TestNG.java:1208)
	at org.testng.TestNG.runSuitesLocally(TestNG.java:1137)
	at org.testng.TestNG.runSuites(TestNG.java:1049)
	at org.testng.TestNG.run(TestNG.java:1017)
	at org.testng.remote.AbstractRemoteTestNG.run(AbstractRemoteTestNG.java:114)
	at org.testng.remote.RemoteTestNG.initAndRun(RemoteTestNG.java:251)
	at org.testng.remote.RemoteTestNG.main(RemoteTestNG.java:77)
</pre></div></td>
<td>0</td>
<td>null</td></tr>
<tr>
<td title='testCasesSATGranskningBetalningsinformation.GranskningAddNewPaymentInformationBankLocatedInEurope.AccepteraAlert()'><b>AccepteraAlert</b><br>Test class: testCasesSATGranskningBetalningsinformation.GranskningAddNewPaymentInformationBankLocatedInEurope</td>
<td><div><pre>java.lang.Throwable: Method GranskningAddNewPaymentInformationBankLocatedInEurope.AccepteraAlert()[pri:0, instance:testCasesSATGranskningBetalningsinformation.GranskningAddNewPaymentInformationBankLocatedInEurope@77eca502] depends on not successfully finished methods
... Removed 18 stack frames</pre></div><a href='#' onClick='toggleBox("stack-trace1611964917", this, "Click to show all stack frames", "Click to hide stack frames")'>Click to show all stack frames</a>
<div class='stack-trace' id='stack-trace1611964917'><pre>java.lang.Throwable: Method GranskningAddNewPaymentInformationBankLocatedInEurope.AccepteraAlert()[pri:0, instance:testCasesSATGranskningBetalningsinformation.GranskningAddNewPaymentInformationBankLocatedInEurope@77eca502] depends on not successfully finished methods
	at org.testng.internal.Invoker.invokeTestMethods(Invoker.java:887)
	at org.testng.internal.TestMethodWorker.invokeTestMethods(TestMethodWorker.java:125)
	at org.testng.internal.TestMethodWorker.run(TestMethodWorker.java:109)
	at org.testng.TestRunner.privateRun(TestRunner.java:648)
	at org.testng.TestRunner.run(TestRunner.java:505)
	at org.testng.SuiteRunner.runTest(SuiteRunner.java:455)
	at org.testng.SuiteRunner.runSequentially(SuiteRunner.java:450)
	at org.testng.SuiteRunner.privateRun(SuiteRunner.java:415)
	at org.testng.SuiteRunner.run(SuiteRunner.java:364)
	at org.testng.SuiteRunnerWorker.runSuite(SuiteRunnerWorker.java:52)
	at org.testng.SuiteRunnerWorker.run(SuiteRunnerWorker.java:84)
	at org.testng.TestNG.runSuitesSequentially(TestNG.java:1208)
	at org.testng.TestNG.runSuitesLocally(TestNG.java:1137)
	at org.testng.TestNG.runSuites(TestNG.java:1049)
	at org.testng.TestNG.run(TestNG.java:1017)
	at org.testng.remote.AbstractRemoteTestNG.run(AbstractRemoteTestNG.java:114)
	at org.testng.remote.RemoteTestNG.initAndRun(RemoteTestNG.java:251)
	at org.testng.remote.RemoteTestNG.main(RemoteTestNG.java:77)
</pre></div></td>
<td>0</td>
<td>null</td></tr>
<tr>
<td title='testCasesSATGranskningBetalningsinformation.GranskningAddNewPaymentInformationBankLocatedInSwedenPlusgiro.BankensLand()'><b>BankensLand</b><br>Test class: testCasesSATGranskningBetalningsinformation.GranskningAddNewPaymentInformationBankLocatedInSwedenPlusgiro</td>
<td><div><pre>java.lang.Throwable: Method GranskningAddNewPaymentInformationBankLocatedInSwedenPlusgiro.BankensLand()[pri:0, instance:testCasesSATGranskningBetalningsinformation.GranskningAddNewPaymentInformationBankLocatedInSwedenPlusgiro@2cd2a21f] depends on not successfully finished methods
... Removed 18 stack frames</pre></div><a href='#' onClick='toggleBox("stack-trace2055545547", this, "Click to show all stack frames", "Click to hide stack frames")'>Click to show all stack frames</a>
<div class='stack-trace' id='stack-trace2055545547'><pre>java.lang.Throwable: Method GranskningAddNewPaymentInformationBankLocatedInSwedenPlusgiro.BankensLand()[pri:0, instance:testCasesSATGranskningBetalningsinformation.GranskningAddNewPaymentInformationBankLocatedInSwedenPlusgiro@2cd2a21f] depends on not successfully finished methods
	at org.testng.internal.Invoker.invokeTestMethods(Invoker.java:887)
	at org.testng.internal.TestMethodWorker.invokeTestMethods(TestMethodWorker.java:125)
	at org.testng.internal.TestMethodWorker.run(TestMethodWorker.java:109)
	at org.testng.TestRunner.privateRun(TestRunner.java:648)
	at org.testng.TestRunner.run(TestRunner.java:505)
	at org.testng.SuiteRunner.runTest(SuiteRunner.java:455)
	at org.testng.SuiteRunner.runSequentially(SuiteRunner.java:450)
	at org.testng.SuiteRunner.privateRun(SuiteRunner.java:415)
	at org.testng.SuiteRunner.run(SuiteRunner.java:364)
	at org.testng.SuiteRunnerWorker.runSuite(SuiteRunnerWorker.java:52)
	at org.testng.SuiteRunnerWorker.run(SuiteRunnerWorker.java:84)
	at org.testng.TestNG.runSuitesSequentially(TestNG.java:1208)
	at org.testng.TestNG.runSuitesLocally(TestNG.java:1137)
	at org.testng.TestNG.runSuites(TestNG.java:1049)
	at org.testng.TestNG.run(TestNG.java:1017)
	at org.testng.remote.AbstractRemoteTestNG.run(AbstractRemoteTestNG.java:114)
	at org.testng.remote.RemoteTestNG.initAndRun(RemoteTestNG.java:251)
	at org.testng.remote.RemoteTestNG.main(RemoteTestNG.java:77)
</pre></div></td>
<td>0</td>
<td>null</td></tr>
<tr>
<td title='testCasesSATGranskningBetalningsinformation.GranskningAddNewPaymentInformationBankLocatedInSwedenPlusgiro.Betalningsinformation()'><b>Betalningsinformation</b><br>Test class: testCasesSATGranskningBetalningsinformation.GranskningAddNewPaymentInformationBankLocatedInSwedenPlusgiro</td>
<td><div><pre>java.lang.Throwable: Method GranskningAddNewPaymentInformationBankLocatedInSwedenPlusgiro.Betalningsinformation()[pri:0, instance:testCasesSATGranskningBetalningsinformation.GranskningAddNewPaymentInformationBankLocatedInSwedenPlusgiro@2cd2a21f] depends on not successfully finished methods
... Removed 18 stack frames</pre></div><a href='#' onClick='toggleBox("stack-trace2009534362", this, "Click to show all stack frames", "Click to hide stack frames")'>Click to show all stack frames</a>
<div class='stack-trace' id='stack-trace2009534362'><pre>java.lang.Throwable: Method GranskningAddNewPaymentInformationBankLocatedInSwedenPlusgiro.Betalningsinformation()[pri:0, instance:testCasesSATGranskningBetalningsinformation.GranskningAddNewPaymentInformationBankLocatedInSwedenPlusgiro@2cd2a21f] depends on not successfully finished methods
	at org.testng.internal.Invoker.invokeTestMethods(Invoker.java:887)
	at org.testng.internal.TestMethodWorker.invokeTestMethods(TestMethodWorker.java:125)
	at org.testng.internal.TestMethodWorker.run(TestMethodWorker.java:109)
	at org.testng.TestRunner.privateRun(TestRunner.java:648)
	at org.testng.TestRunner.run(TestRunner.java:505)
	at org.testng.SuiteRunner.runTest(SuiteRunner.java:455)
	at org.testng.SuiteRunner.runSequentially(SuiteRunner.java:450)
	at org.testng.SuiteRunner.privateRun(SuiteRunner.java:415)
	at org.testng.SuiteRunner.run(SuiteRunner.java:364)
	at org.testng.SuiteRunnerWorker.runSuite(SuiteRunnerWorker.java:52)
	at org.testng.SuiteRunnerWorker.run(SuiteRunnerWorker.java:84)
	at org.testng.TestNG.runSuitesSequentially(TestNG.java:1208)
	at org.testng.TestNG.runSuitesLocally(TestNG.java:1137)
	at org.testng.TestNG.runSuites(TestNG.java:1049)
	at org.testng.TestNG.run(TestNG.java:1017)
	at org.testng.remote.AbstractRemoteTestNG.run(AbstractRemoteTestNG.java:114)
	at org.testng.remote.RemoteTestNG.initAndRun(RemoteTestNG.java:251)
	at org.testng.remote.RemoteTestNG.main(RemoteTestNG.java:77)
</pre></div></td>
<td>0</td>
<td>null</td></tr>
<tr>
<td title='testCasesSATGranskningBetalningsinformation.GranskningAddNewPaymentInformationBankLocatedInSwedenPlusgiro.Betalningstyp()'><b>Betalningstyp</b><br>Test class: testCasesSATGranskningBetalningsinformation.GranskningAddNewPaymentInformationBankLocatedInSwedenPlusgiro</td>
<td><div><pre>java.lang.Throwable: Method GranskningAddNewPaymentInformationBankLocatedInSwedenPlusgiro.Betalningstyp()[pri:0, instance:testCasesSATGranskningBetalningsinformation.GranskningAddNewPaymentInformationBankLocatedInSwedenPlusgiro@2cd2a21f] depends on not successfully finished methods
... Removed 18 stack frames</pre></div><a href='#' onClick='toggleBox("stack-trace2062057406", this, "Click to show all stack frames", "Click to hide stack frames")'>Click to show all stack frames</a>
<div class='stack-trace' id='stack-trace2062057406'><pre>java.lang.Throwable: Method GranskningAddNewPaymentInformationBankLocatedInSwedenPlusgiro.Betalningstyp()[pri:0, instance:testCasesSATGranskningBetalningsinformation.GranskningAddNewPaymentInformationBankLocatedInSwedenPlusgiro@2cd2a21f] depends on not successfully finished methods
	at org.testng.internal.Invoker.invokeTestMethods(Invoker.java:887)
	at org.testng.internal.TestMethodWorker.invokeTestMethods(TestMethodWorker.java:125)
	at org.testng.internal.TestMethodWorker.run(TestMethodWorker.java:109)
	at org.testng.TestRunner.privateRun(TestRunner.java:648)
	at org.testng.TestRunner.run(TestRunner.java:505)
	at org.testng.SuiteRunner.runTest(SuiteRunner.java:455)
	at org.testng.SuiteRunner.runSequentially(SuiteRunner.java:450)
	at org.testng.SuiteRunner.privateRun(SuiteRunner.java:415)
	at org.testng.SuiteRunner.run(SuiteRunner.java:364)
	at org.testng.SuiteRunnerWorker.runSuite(SuiteRunnerWorker.java:52)
	at org.testng.SuiteRunnerWorker.run(SuiteRunnerWorker.java:84)
	at org.testng.TestNG.runSuitesSequentially(TestNG.java:1208)
	at org.testng.TestNG.runSuitesLocally(TestNG.java:1137)
	at org.testng.TestNG.runSuites(TestNG.java:1049)
	at org.testng.TestNG.run(TestNG.java:1017)
	at org.testng.remote.AbstractRemoteTestNG.run(AbstractRemoteTestNG.java:114)
	at org.testng.remote.RemoteTestNG.initAndRun(RemoteTestNG.java:251)
	at org.testng.remote.RemoteTestNG.main(RemoteTestNG.java:77)
</pre></div></td>
<td>0</td>
<td>null</td></tr>
<tr>
<td title='testCasesSATGranskningBetalningsinformation.GranskningAddNewPaymentInformationBankLocatedInSwedenPlusgiro.ClickGranskningsfliken()'><b>ClickGranskningsfliken</b><br>Test class: testCasesSATGranskningBetalningsinformation.GranskningAddNewPaymentInformationBankLocatedInSwedenPlusgiro</td>
<td><div><pre>java.lang.Throwable: Method GranskningAddNewPaymentInformationBankLocatedInSwedenPlusgiro.ClickGranskningsfliken()[pri:0, instance:testCasesSATGranskningBetalningsinformation.GranskningAddNewPaymentInformationBankLocatedInSwedenPlusgiro@2cd2a21f] depends on not successfully finished methods
... Removed 18 stack frames</pre></div><a href='#' onClick='toggleBox("stack-trace190195539", this, "Click to show all stack frames", "Click to hide stack frames")'>Click to show all stack frames</a>
<div class='stack-trace' id='stack-trace190195539'><pre>java.lang.Throwable: Method GranskningAddNewPaymentInformationBankLocatedInSwedenPlusgiro.ClickGranskningsfliken()[pri:0, instance:testCasesSATGranskningBetalningsinformation.GranskningAddNewPaymentInformationBankLocatedInSwedenPlusgiro@2cd2a21f] depends on not successfully finished methods
	at org.testng.internal.Invoker.invokeTestMethods(Invoker.java:887)
	at org.testng.internal.TestMethodWorker.invokeTestMethods(TestMethodWorker.java:125)
	at org.testng.internal.TestMethodWorker.run(TestMethodWorker.java:109)
	at org.testng.TestRunner.privateRun(TestRunner.java:648)
	at org.testng.TestRunner.run(TestRunner.java:505)
	at org.testng.SuiteRunner.runTest(SuiteRunner.java:455)
	at org.testng.SuiteRunner.runSequentially(SuiteRunner.java:450)
	at org.testng.SuiteRunner.privateRun(SuiteRunner.java:415)
	at org.testng.SuiteRunner.run(SuiteRunner.java:364)
	at org.testng.SuiteRunnerWorker.runSuite(SuiteRunnerWorker.java:52)
	at org.testng.SuiteRunnerWorker.run(SuiteRunnerWorker.java:84)
	at org.testng.TestNG.runSuitesSequentially(TestNG.java:1208)
	at org.testng.TestNG.runSuitesLocally(TestNG.java:1137)
	at org.testng.TestNG.runSuites(TestNG.java:1049)
	at org.testng.TestNG.run(TestNG.java:1017)
	at org.testng.remote.AbstractRemoteTestNG.run(AbstractRemoteTestNG.java:114)
	at org.testng.remote.RemoteTestNG.initAndRun(RemoteTestNG.java:251)
	at org.testng.remote.RemoteTestNG.main(RemoteTestNG.java:77)
</pre></div></td>
<td>0</td>
<td>null</td></tr>
<tr>
<td title='testCasesSATGranskningBetalningsinformation.GranskningAddNewPaymentInformationBankLocatedInEurope.IBAN()'><b>IBAN</b><br>Test class: testCasesSATGranskningBetalningsinformation.GranskningAddNewPaymentInformationBankLocatedInEurope</td>
<td><div><pre>java.lang.Throwable: Method GranskningAddNewPaymentInformationBankLocatedInEurope.IBAN()[pri:0, instance:testCasesSATGranskningBetalningsinformation.GranskningAddNewPaymentInformationBankLocatedInEurope@77eca502] depends on not successfully finished methods
... Removed 18 stack frames</pre></div><a href='#' onClick='toggleBox("stack-trace747184469", this, "Click to show all stack frames", "Click to hide stack frames")'>Click to show all stack frames</a>
<div class='stack-trace' id='stack-trace747184469'><pre>java.lang.Throwable: Method GranskningAddNewPaymentInformationBankLocatedInEurope.IBAN()[pri:0, instance:testCasesSATGranskningBetalningsinformation.GranskningAddNewPaymentInformationBankLocatedInEurope@77eca502] depends on not successfully finished methods
	at org.testng.internal.Invoker.invokeTestMethods(Invoker.java:887)
	at org.testng.internal.TestMethodWorker.invokeTestMethods(TestMethodWorker.java:125)
	at org.testng.internal.TestMethodWorker.run(TestMethodWorker.java:109)
	at org.testng.TestRunner.privateRun(TestRunner.java:648)
	at org.testng.TestRunner.run(TestRunner.java:505)
	at org.testng.SuiteRunner.runTest(SuiteRunner.java:455)
	at org.testng.SuiteRunner.runSequentially(SuiteRunner.java:450)
	at org.testng.SuiteRunner.privateRun(SuiteRunner.java:415)
	at org.testng.SuiteRunner.run(SuiteRunner.java:364)
	at org.testng.SuiteRunnerWorker.runSuite(SuiteRunnerWorker.java:52)
	at org.testng.SuiteRunnerWorker.run(SuiteRunnerWorker.java:84)
	at org.testng.TestNG.runSuitesSequentially(TestNG.java:1208)
	at org.testng.TestNG.runSuitesLocally(TestNG.java:1137)
	at org.testng.TestNG.runSuites(TestNG.java:1049)
	at org.testng.TestNG.run(TestNG.java:1017)
	at org.testng.remote.AbstractRemoteTestNG.run(AbstractRemoteTestNG.java:114)
	at org.testng.remote.RemoteTestNG.initAndRun(RemoteTestNG.java:251)
	at org.testng.remote.RemoteTestNG.main(RemoteTestNG.java:77)
</pre></div></td>
<td>0</td>
<td>null</td></tr>
<tr>
<td title='testCasesSATGranskningBetalningsinformation.GranskningAddNewPaymentInformationBankLocatedInEurope.Kontoinnehavare()'><b>Kontoinnehavare</b><br>Test class: testCasesSATGranskningBetalningsinformation.GranskningAddNewPaymentInformationBankLocatedInEurope</td>
<td><div><pre>java.lang.Throwable: Method GranskningAddNewPaymentInformationBankLocatedInEurope.Kontoinnehavare()[pri:0, instance:testCasesSATGranskningBetalningsinformation.GranskningAddNewPaymentInformationBankLocatedInEurope@77eca502] depends on not successfully finished methods
... Removed 18 stack frames</pre></div><a href='#' onClick='toggleBox("stack-trace282640053", this, "Click to show all stack frames", "Click to hide stack frames")'>Click to show all stack frames</a>
<div class='stack-trace' id='stack-trace282640053'><pre>java.lang.Throwable: Method GranskningAddNewPaymentInformationBankLocatedInEurope.Kontoinnehavare()[pri:0, instance:testCasesSATGranskningBetalningsinformation.GranskningAddNewPaymentInformationBankLocatedInEurope@77eca502] depends on not successfully finished methods
	at org.testng.internal.Invoker.invokeTestMethods(Invoker.java:887)
	at org.testng.internal.TestMethodWorker.invokeTestMethods(TestMethodWorker.java:125)
	at org.testng.internal.TestMethodWorker.run(TestMethodWorker.java:109)
	at org.testng.TestRunner.privateRun(TestRunner.java:648)
	at org.testng.TestRunner.run(TestRunner.java:505)
	at org.testng.SuiteRunner.runTest(SuiteRunner.java:455)
	at org.testng.SuiteRunner.runSequentially(SuiteRunner.java:450)
	at org.testng.SuiteRunner.privateRun(SuiteRunner.java:415)
	at org.testng.SuiteRunner.run(SuiteRunner.java:364)
	at org.testng.SuiteRunnerWorker.runSuite(SuiteRunnerWorker.java:52)
	at org.testng.SuiteRunnerWorker.run(SuiteRunnerWorker.java:84)
	at org.testng.TestNG.runSuitesSequentially(TestNG.java:1208)
	at org.testng.TestNG.runSuitesLocally(TestNG.java:1137)
	at org.testng.TestNG.runSuites(TestNG.java:1049)
	at org.testng.TestNG.run(TestNG.java:1017)
	at org.testng.remote.AbstractRemoteTestNG.run(AbstractRemoteTestNG.java:114)
	at org.testng.remote.RemoteTestNG.initAndRun(RemoteTestNG.java:251)
	at org.testng.remote.RemoteTestNG.main(RemoteTestNG.java:77)
</pre></div></td>
<td>0</td>
<td>null</td></tr>
<tr>
<td title='testCasesSATGranskningBetalningsinformation.GranskningAddNewPaymentInformationBankLocatedInSwedenPlusgiro.Plusgiro()'><b>Plusgiro</b><br>Test class: testCasesSATGranskningBetalningsinformation.GranskningAddNewPaymentInformationBankLocatedInSwedenPlusgiro</td>
<td><div><pre>java.lang.Throwable: Method GranskningAddNewPaymentInformationBankLocatedInSwedenPlusgiro.Plusgiro()[pri:0, instance:testCasesSATGranskningBetalningsinformation.GranskningAddNewPaymentInformationBankLocatedInSwedenPlusgiro@2cd2a21f] depends on not successfully finished methods
... Removed 18 stack frames</pre></div><a href='#' onClick='toggleBox("stack-trace1995278043", this, "Click to show all stack frames", "Click to hide stack frames")'>Click to show all stack frames</a>
<div class='stack-trace' id='stack-trace1995278043'><pre>java.lang.Throwable: Method GranskningAddNewPaymentInformationBankLocatedInSwedenPlusgiro.Plusgiro()[pri:0, instance:testCasesSATGranskningBetalningsinformation.GranskningAddNewPaymentInformationBankLocatedInSwedenPlusgiro@2cd2a21f] depends on not successfully finished methods
	at org.testng.internal.Invoker.invokeTestMethods(Invoker.java:887)
	at org.testng.internal.TestMethodWorker.invokeTestMethods(TestMethodWorker.java:125)
	at org.testng.internal.TestMethodWorker.run(TestMethodWorker.java:109)
	at org.testng.TestRunner.privateRun(TestRunner.java:648)
	at org.testng.TestRunner.run(TestRunner.java:505)
	at org.testng.SuiteRunner.runTest(SuiteRunner.java:455)
	at org.testng.SuiteRunner.runSequentially(SuiteRunner.java:450)
	at org.testng.SuiteRunner.privateRun(SuiteRunner.java:415)
	at org.testng.SuiteRunner.run(SuiteRunner.java:364)
	at org.testng.SuiteRunnerWorker.runSuite(SuiteRunnerWorker.java:52)
	at org.testng.SuiteRunnerWorker.run(SuiteRunnerWorker.java:84)
	at org.testng.TestNG.runSuitesSequentially(TestNG.java:1208)
	at org.testng.TestNG.runSuitesLocally(TestNG.java:1137)
	at org.testng.TestNG.runSuites(TestNG.java:1049)
	at org.testng.TestNG.run(TestNG.java:1017)
	at org.testng.remote.AbstractRemoteTestNG.run(AbstractRemoteTestNG.java:114)
	at org.testng.remote.RemoteTestNG.initAndRun(RemoteTestNG.java:251)
	at org.testng.remote.RemoteTestNG.main(RemoteTestNG.java:77)
</pre></div></td>
<td>0</td>
<td>null</td></tr>
<tr>
<td title='testCasesSATGranskningBetalningsinformation.GranskningAddNewPaymentInformationBankLocatedInEurope.SWIFTBIC()'><b>SWIFTBIC</b><br>Test class: testCasesSATGranskningBetalningsinformation.GranskningAddNewPaymentInformationBankLocatedInEurope</td>
<td><div><pre>java.lang.Throwable: Method GranskningAddNewPaymentInformationBankLocatedInEurope.SWIFTBIC()[pri:0, instance:testCasesSATGranskningBetalningsinformation.GranskningAddNewPaymentInformationBankLocatedInEurope@77eca502] depends on not successfully finished methods
... Removed 18 stack frames</pre></div><a href='#' onClick='toggleBox("stack-trace1383446722", this, "Click to show all stack frames", "Click to hide stack frames")'>Click to show all stack frames</a>
<div class='stack-trace' id='stack-trace1383446722'><pre>java.lang.Throwable: Method GranskningAddNewPaymentInformationBankLocatedInEurope.SWIFTBIC()[pri:0, instance:testCasesSATGranskningBetalningsinformation.GranskningAddNewPaymentInformationBankLocatedInEurope@77eca502] depends on not successfully finished methods
	at org.testng.internal.Invoker.invokeTestMethods(Invoker.java:887)
	at org.testng.internal.TestMethodWorker.invokeTestMethods(TestMethodWorker.java:125)
	at org.testng.internal.TestMethodWorker.run(TestMethodWorker.java:109)
	at org.testng.TestRunner.privateRun(TestRunner.java:648)
	at org.testng.TestRunner.run(TestRunner.java:505)
	at org.testng.SuiteRunner.runTest(SuiteRunner.java:455)
	at org.testng.SuiteRunner.runSequentially(SuiteRunner.java:450)
	at org.testng.SuiteRunner.privateRun(SuiteRunner.java:415)
	at org.testng.SuiteRunner.run(SuiteRunner.java:364)
	at org.testng.SuiteRunnerWorker.runSuite(SuiteRunnerWorker.java:52)
	at org.testng.SuiteRunnerWorker.run(SuiteRunnerWorker.java:84)
	at org.testng.TestNG.runSuitesSequentially(TestNG.java:1208)
	at org.testng.TestNG.runSuitesLocally(TestNG.java:1137)
	at org.testng.TestNG.runSuites(TestNG.java:1049)
	at org.testng.TestNG.run(TestNG.java:1017)
	at org.testng.remote.AbstractRemoteTestNG.run(AbstractRemoteTestNG.java:114)
	at org.testng.remote.RemoteTestNG.initAndRun(RemoteTestNG.java:251)
	at org.testng.remote.RemoteTestNG.main(RemoteTestNG.java:77)
</pre></div></td>
<td>0</td>
<td>null</td></tr>
<tr>
<td title='testCasesSATGranskningBetalningsinformation.GranskningAddNewPaymentInformationBankLocatedInSwedenPlusgiro.Skatteprocent()'><b>Skatteprocent</b><br>Test class: testCasesSATGranskningBetalningsinformation.GranskningAddNewPaymentInformationBankLocatedInSwedenPlusgiro</td>
<td><div><pre>java.lang.Throwable: Method GranskningAddNewPaymentInformationBankLocatedInSwedenPlusgiro.Skatteprocent()[pri:0, instance:testCasesSATGranskningBetalningsinformation.GranskningAddNewPaymentInformationBankLocatedInSwedenPlusgiro@2cd2a21f] depends on not successfully finished methods
... Removed 18 stack frames</pre></div><a href='#' onClick='toggleBox("stack-trace451030475", this, "Click to show all stack frames", "Click to hide stack frames")'>Click to show all stack frames</a>
<div class='stack-trace' id='stack-trace451030475'><pre>java.lang.Throwable: Method GranskningAddNewPaymentInformationBankLocatedInSwedenPlusgiro.Skatteprocent()[pri:0, instance:testCasesSATGranskningBetalningsinformation.GranskningAddNewPaymentInformationBankLocatedInSwedenPlusgiro@2cd2a21f] depends on not successfully finished methods
	at org.testng.internal.Invoker.invokeTestMethods(Invoker.java:887)
	at org.testng.internal.TestMethodWorker.invokeTestMethods(TestMethodWorker.java:125)
	at org.testng.internal.TestMethodWorker.run(TestMethodWorker.java:109)
	at org.testng.TestRunner.privateRun(TestRunner.java:648)
	at org.testng.TestRunner.run(TestRunner.java:505)
	at org.testng.SuiteRunner.runTest(SuiteRunner.java:455)
	at org.testng.SuiteRunner.runSequentially(SuiteRunner.java:450)
	at org.testng.SuiteRunner.privateRun(SuiteRunner.java:415)
	at org.testng.SuiteRunner.run(SuiteRunner.java:364)
	at org.testng.SuiteRunnerWorker.runSuite(SuiteRunnerWorker.java:52)
	at org.testng.SuiteRunnerWorker.run(SuiteRunnerWorker.java:84)
	at org.testng.TestNG.runSuitesSequentially(TestNG.java:1208)
	at org.testng.TestNG.runSuitesLocally(TestNG.java:1137)
	at org.testng.TestNG.runSuites(TestNG.java:1049)
	at org.testng.TestNG.run(TestNG.java:1017)
	at org.testng.remote.AbstractRemoteTestNG.run(AbstractRemoteTestNG.java:114)
	at org.testng.remote.RemoteTestNG.initAndRun(RemoteTestNG.java:251)
	at org.testng.remote.RemoteTestNG.main(RemoteTestNG.java:77)
</pre></div></td>
<td>0</td>
<td>null</td></tr>
<tr>
<td title='testCasesSATGranskningBetalningsinformation.GranskningAddNewPaymentInformationBankLocatedInEurope.Spara()'><b>Spara</b><br>Test class: testCasesSATGranskningBetalningsinformation.GranskningAddNewPaymentInformationBankLocatedInEurope</td>
<td><div><pre>java.lang.Throwable: Method GranskningAddNewPaymentInformationBankLocatedInEurope.Spara()[pri:0, instance:testCasesSATGranskningBetalningsinformation.GranskningAddNewPaymentInformationBankLocatedInEurope@77eca502] depends on not successfully finished methods
... Removed 18 stack frames</pre></div><a href='#' onClick='toggleBox("stack-trace892721898", this, "Click to show all stack frames", "Click to hide stack frames")'>Click to show all stack frames</a>
<div class='stack-trace' id='stack-trace892721898'><pre>java.lang.Throwable: Method GranskningAddNewPaymentInformationBankLocatedInEurope.Spara()[pri:0, instance:testCasesSATGranskningBetalningsinformation.GranskningAddNewPaymentInformationBankLocatedInEurope@77eca502] depends on not successfully finished methods
	at org.testng.internal.Invoker.invokeTestMethods(Invoker.java:887)
	at org.testng.internal.TestMethodWorker.invokeTestMethods(TestMethodWorker.java:125)
	at org.testng.internal.TestMethodWorker.run(TestMethodWorker.java:109)
	at org.testng.TestRunner.privateRun(TestRunner.java:648)
	at org.testng.TestRunner.run(TestRunner.java:505)
	at org.testng.SuiteRunner.runTest(SuiteRunner.java:455)
	at org.testng.SuiteRunner.runSequentially(SuiteRunner.java:450)
	at org.testng.SuiteRunner.privateRun(SuiteRunner.java:415)
	at org.testng.SuiteRunner.run(SuiteRunner.java:364)
	at org.testng.SuiteRunnerWorker.runSuite(SuiteRunnerWorker.java:52)
	at org.testng.SuiteRunnerWorker.run(SuiteRunnerWorker.java:84)
	at org.testng.TestNG.runSuitesSequentially(TestNG.java:1208)
	at org.testng.TestNG.runSuitesLocally(TestNG.java:1137)
	at org.testng.TestNG.runSuites(TestNG.java:1049)
	at org.testng.TestNG.run(TestNG.java:1017)
	at org.testng.remote.AbstractRemoteTestNG.run(AbstractRemoteTestNG.java:114)
	at org.testng.remote.RemoteTestNG.initAndRun(RemoteTestNG.java:251)
	at org.testng.remote.RemoteTestNG.main(RemoteTestNG.java:77)
</pre></div></td>
<td>0</td>
<td>null</td></tr>
<tr>
<td title='testCasesSATGranskningBetalningsinformation.GranskningAddNewPaymentInformationBankLocatedInSwedenPlusgiro.Spara()'><b>Spara</b><br>Test class: testCasesSATGranskningBetalningsinformation.GranskningAddNewPaymentInformationBankLocatedInSwedenPlusgiro</td>
<td><div><pre>java.lang.Throwable: Method GranskningAddNewPaymentInformationBankLocatedInSwedenPlusgiro.Spara()[pri:0, instance:testCasesSATGranskningBetalningsinformation.GranskningAddNewPaymentInformationBankLocatedInSwedenPlusgiro@2cd2a21f] depends on not successfully finished methods
... Removed 18 stack frames</pre></div><a href='#' onClick='toggleBox("stack-trace320686867", this, "Click to show all stack frames", "Click to hide stack frames")'>Click to show all stack frames</a>
<div class='stack-trace' id='stack-trace320686867'><pre>java.lang.Throwable: Method GranskningAddNewPaymentInformationBankLocatedInSwedenPlusgiro.Spara()[pri:0, instance:testCasesSATGranskningBetalningsinformation.GranskningAddNewPaymentInformationBankLocatedInSwedenPlusgiro@2cd2a21f] depends on not successfully finished methods
	at org.testng.internal.Invoker.invokeTestMethods(Invoker.java:887)
	at org.testng.internal.TestMethodWorker.invokeTestMethods(TestMethodWorker.java:125)
	at org.testng.internal.TestMethodWorker.run(TestMethodWorker.java:109)
	at org.testng.TestRunner.privateRun(TestRunner.java:648)
	at org.testng.TestRunner.run(TestRunner.java:505)
	at org.testng.SuiteRunner.runTest(SuiteRunner.java:455)
	at org.testng.SuiteRunner.runSequentially(SuiteRunner.java:450)
	at org.testng.SuiteRunner.privateRun(SuiteRunner.java:415)
	at org.testng.SuiteRunner.run(SuiteRunner.java:364)
	at org.testng.SuiteRunnerWorker.runSuite(SuiteRunnerWorker.java:52)
	at org.testng.SuiteRunnerWorker.run(SuiteRunnerWorker.java:84)
	at org.testng.TestNG.runSuitesSequentially(TestNG.java:1208)
	at org.testng.TestNG.runSuitesLocally(TestNG.java:1137)
	at org.testng.TestNG.runSuites(TestNG.java:1049)
	at org.testng.TestNG.run(TestNG.java:1017)
	at org.testng.remote.AbstractRemoteTestNG.run(AbstractRemoteTestNG.java:114)
	at org.testng.remote.RemoteTestNG.initAndRun(RemoteTestNG.java:251)
	at org.testng.remote.RemoteTestNG.main(RemoteTestNG.java:77)
</pre></div></td>
<td>0</td>
<td>null</td></tr>
<tr>
<td title='testCasesSATGranskningBetalningsinformation.GranskningAddNewPaymentInformationBankLocatedInEurope.TIN()'><b>TIN</b><br>Test class: testCasesSATGranskningBetalningsinformation.GranskningAddNewPaymentInformationBankLocatedInEurope</td>
<td><div><pre>java.lang.Throwable: Method GranskningAddNewPaymentInformationBankLocatedInEurope.TIN()[pri:0, instance:testCasesSATGranskningBetalningsinformation.GranskningAddNewPaymentInformationBankLocatedInEurope@77eca502] depends on not successfully finished methods
... Removed 18 stack frames</pre></div><a href='#' onClick='toggleBox("stack-trace553869036", this, "Click to show all stack frames", "Click to hide stack frames")'>Click to show all stack frames</a>
<div class='stack-trace' id='stack-trace553869036'><pre>java.lang.Throwable: Method GranskningAddNewPaymentInformationBankLocatedInEurope.TIN()[pri:0, instance:testCasesSATGranskningBetalningsinformation.GranskningAddNewPaymentInformationBankLocatedInEurope@77eca502] depends on not successfully finished methods
	at org.testng.internal.Invoker.invokeTestMethods(Invoker.java:887)
	at org.testng.internal.TestMethodWorker.invokeTestMethods(TestMethodWorker.java:125)
	at org.testng.internal.TestMethodWorker.run(TestMethodWorker.java:109)
	at org.testng.TestRunner.privateRun(TestRunner.java:648)
	at org.testng.TestRunner.run(TestRunner.java:505)
	at org.testng.SuiteRunner.runTest(SuiteRunner.java:455)
	at org.testng.SuiteRunner.runSequentially(SuiteRunner.java:450)
	at org.testng.SuiteRunner.privateRun(SuiteRunner.java:415)
	at org.testng.SuiteRunner.run(SuiteRunner.java:364)
	at org.testng.SuiteRunnerWorker.runSuite(SuiteRunnerWorker.java:52)
	at org.testng.SuiteRunnerWorker.run(SuiteRunnerWorker.java:84)
	at org.testng.TestNG.runSuitesSequentially(TestNG.java:1208)
	at org.testng.TestNG.runSuitesLocally(TestNG.java:1137)
	at org.testng.TestNG.runSuites(TestNG.java:1049)
	at org.testng.TestNG.run(TestNG.java:1017)
	at org.testng.remote.AbstractRemoteTestNG.run(AbstractRemoteTestNG.java:114)
	at org.testng.remote.RemoteTestNG.initAndRun(RemoteTestNG.java:251)
	at org.testng.remote.RemoteTestNG.main(RemoteTestNG.java:77)
</pre></div></td>
<td>0</td>
<td>null</td></tr>
<tr>
<td title='testCasesSATGranskningBetalningsinformation.GranskningAddNewPaymentInformationBankLocatedInSwedenPlusgiro.TIN()'><b>TIN</b><br>Test class: testCasesSATGranskningBetalningsinformation.GranskningAddNewPaymentInformationBankLocatedInSwedenPlusgiro</td>
<td><div><pre>java.lang.Throwable: Method GranskningAddNewPaymentInformationBankLocatedInSwedenPlusgiro.TIN()[pri:0, instance:testCasesSATGranskningBetalningsinformation.GranskningAddNewPaymentInformationBankLocatedInSwedenPlusgiro@2cd2a21f] depends on not successfully finished methods
... Removed 18 stack frames</pre></div><a href='#' onClick='toggleBox("stack-trace1318994245", this, "Click to show all stack frames", "Click to hide stack frames")'>Click to show all stack frames</a>
<div class='stack-trace' id='stack-trace1318994245'><pre>java.lang.Throwable: Method GranskningAddNewPaymentInformationBankLocatedInSwedenPlusgiro.TIN()[pri:0, instance:testCasesSATGranskningBetalningsinformation.GranskningAddNewPaymentInformationBankLocatedInSwedenPlusgiro@2cd2a21f] depends on not successfully finished methods
	at org.testng.internal.Invoker.invokeTestMethods(Invoker.java:887)
	at org.testng.internal.TestMethodWorker.invokeTestMethods(TestMethodWorker.java:125)
	at org.testng.internal.TestMethodWorker.run(TestMethodWorker.java:109)
	at org.testng.TestRunner.privateRun(TestRunner.java:648)
	at org.testng.TestRunner.run(TestRunner.java:505)
	at org.testng.SuiteRunner.runTest(SuiteRunner.java:455)
	at org.testng.SuiteRunner.runSequentially(SuiteRunner.java:450)
	at org.testng.SuiteRunner.privateRun(SuiteRunner.java:415)
	at org.testng.SuiteRunner.run(SuiteRunner.java:364)
	at org.testng.SuiteRunnerWorker.runSuite(SuiteRunnerWorker.java:52)
	at org.testng.SuiteRunnerWorker.run(SuiteRunnerWorker.java:84)
	at org.testng.TestNG.runSuitesSequentially(TestNG.java:1208)
	at org.testng.TestNG.runSuitesLocally(TestNG.java:1137)
	at org.testng.TestNG.runSuites(TestNG.java:1049)
	at org.testng.TestNG.run(TestNG.java:1017)
	at org.testng.remote.AbstractRemoteTestNG.run(AbstractRemoteTestNG.java:114)
	at org.testng.remote.RemoteTestNG.initAndRun(RemoteTestNG.java:251)
	at org.testng.remote.RemoteTestNG.main(RemoteTestNG.java:77)
</pre></div></td>
<td>0</td>
<td>null</td></tr>
</table><p>
</body>
</html>