<?xml version="1.0" encoding="UTF-8"?>
<!-- Generated by org.testng.reporters.JUnitXMLReporter -->
<testsuite ignored="0" hostname="77DWHM2" failures="0" tests="50" name="Utbildning" time="19.009" errors="0" timestamp="25 juli 2018 15:37:47 GMT">
  <testcase classname="driverAndCommands.BeforeAfterTestBrowsers" name="@BeforeClass Setup" time="18.93">
    <failure type="org.openqa.selenium.NoSuchSessionException" message="no such session
  (Driver info: chromedriver=2.40.565498 (ea082db3280dd6843ebfb08a625e3eb905c4f5ab),platform=Windows NT 10.0.16299 x86_64) (WARNING: The server did not provide any stacktrace information)
Command duration or timeout: 0 milliseconds
Build info: version: &amp;apos;3.12.0&amp;apos;, revision: &amp;apos;7c6e0b3&amp;apos;, time: &amp;apos;2018-05-08T15:15:03.216Z&amp;apos;
System info: host: &amp;apos;77DWHM2&amp;apos;, ip: &amp;apos;10.251.12.117&amp;apos;, os.name: &amp;apos;Windows 10&amp;apos;, os.arch: &amp;apos;amd64&amp;apos;, os.version: &amp;apos;10.0&amp;apos;, java.version: &amp;apos;10.0.1&amp;apos;
Driver info: org.openqa.selenium.chrome.ChromeDriver
Capabilities {acceptInsecureCerts: false, acceptSslCerts: false, applicationCacheEnabled: false, browserConnectionEnabled: false, browserName: chrome, chrome: {chromedriverVersion: 2.40.565498 (ea082db3280dd6..., userDataDir: C:\Users\krkl\AppData\Local...}, cssSelectorsEnabled: true, databaseEnabled: false, handlesAlerts: true, hasTouchScreen: false, javascriptEnabled: true, locationContextEnabled: true, mobileEmulationEnabled: false, nativeEvents: true, networkConnectionEnabled: false, pageLoadStrategy: normal, platform: XP, platformName: XP, rotatable: false, setWindowRect: true, takesHeapSnapshot: true, takesScreenshot: true, unexpectedAlertBehaviour: , unhandledPromptBehavior: , version: 67.0.3396.99, webStorageEnabled: true}
Session ID: 283861d17c2d87eb1a13984850fc3ec5
*** Element info: {Using=id, value=Email}">
      <![CDATA[org.openqa.selenium.NoSuchSessionException: no such session
  (Driver info: chromedriver=2.40.565498 (ea082db3280dd6843ebfb08a625e3eb905c4f5ab),platform=Windows NT 10.0.16299 x86_64) (WARNING: The server did not provide any stacktrace information)
Command duration or timeout: 0 milliseconds
Build info: version: '3.12.0', revision: '7c6e0b3', time: '2018-05-08T15:15:03.216Z'
System info: host: '77DWHM2', ip: '10.251.12.117', os.name: 'Windows 10', os.arch: 'amd64', os.version: '10.0', java.version: '10.0.1'
Driver info: org.openqa.selenium.chrome.ChromeDriver
Capabilities {acceptInsecureCerts: false, acceptSslCerts: false, applicationCacheEnabled: false, browserConnectionEnabled: false, browserName: chrome, chrome: {chromedriverVersion: 2.40.565498 (ea082db3280dd6..., userDataDir: C:\Users\krkl\AppData\Local...}, cssSelectorsEnabled: true, databaseEnabled: false, handlesAlerts: true, hasTouchScreen: false, javascriptEnabled: true, locationContextEnabled: true, mobileEmulationEnabled: false, nativeEvents: true, networkConnectionEnabled: false, pageLoadStrategy: normal, platform: XP, platformName: XP, rotatable: false, setWindowRect: true, takesHeapSnapshot: true, takesScreenshot: true, unexpectedAlertBehaviour: , unhandledPromptBehavior: , version: 67.0.3396.99, webStorageEnabled: true}
Session ID: 283861d17c2d87eb1a13984850fc3ec5
*** Element info: {Using=id, value=Email}
at org.openqa.selenium.remote.ErrorHandler.createThrowable(ErrorHandler.java:214)
at org.openqa.selenium.remote.ErrorHandler.throwIfResponseFailed(ErrorHandler.java:166)
at org.openqa.selenium.remote.http.JsonHttpResponseCodec.reconstructValue(JsonHttpResponseCodec.java:40)
at org.openqa.selenium.remote.http.AbstractHttpResponseCodec.decode(AbstractHttpResponseCodec.java:80)
at org.openqa.selenium.remote.http.AbstractHttpResponseCodec.decode(AbstractHttpResponseCodec.java:44)
at org.openqa.selenium.remote.HttpCommandExecutor.execute(HttpCommandExecutor.java:158)
at org.openqa.selenium.remote.service.DriverCommandExecutor.execute(DriverCommandExecutor.java:83)
at org.openqa.selenium.remote.RemoteWebDriver.execute(RemoteWebDriver.java:543)
at org.openqa.selenium.remote.RemoteWebDriver.findElement(RemoteWebDriver.java:317)
at org.openqa.selenium.remote.RemoteWebDriver.findElementById(RemoteWebDriver.java:363)
at org.openqa.selenium.By$ById.findElement(By.java:188)
at org.openqa.selenium.remote.RemoteWebDriver.findElement(RemoteWebDriver.java:309)
at pageElementsSAT.SAT_Home_Page_Not_Logged_In.EnterUserName(SAT_Home_Page_Not_Logged_In.java:21)
at driverAndCommands.LoginLogic.InputUntilUsernameAndPasswordIsFilled(LoginLogic.java:12)
at driverAndCommands.BeforeAfterTestBrowsers.Setup(BeforeAfterTestBrowsers.java:30)
at java.base/java.util.concurrent.FutureTask.run(Unknown Source)
at java.base/java.util.concurrent.ThreadPoolExecutor.runWorker(Unknown Source)
at java.base/java.util.concurrent.ThreadPoolExecutor$Worker.run(Unknown Source)
at java.base/java.lang.Thread.run(Unknown Source)
... Removed 21 stack frames]]>
    </failure>
  </testcase> <!-- @BeforeClass Setup -->
  <testcase classname="driverAndCommands.BeforeAfterTestBrowsers" name="@BeforeClass Setup" time="18.795">
    <failure type="org.openqa.selenium.NoSuchSessionException" message="no such session
  (Driver info: chromedriver=2.40.565498 (ea082db3280dd6843ebfb08a625e3eb905c4f5ab),platform=Windows NT 10.0.16299 x86_64) (WARNING: The server did not provide any stacktrace information)
Command duration or timeout: 0 milliseconds
Build info: version: &amp;apos;3.12.0&amp;apos;, revision: &amp;apos;7c6e0b3&amp;apos;, time: &amp;apos;2018-05-08T15:15:03.216Z&amp;apos;
System info: host: &amp;apos;77DWHM2&amp;apos;, ip: &amp;apos;10.251.12.117&amp;apos;, os.name: &amp;apos;Windows 10&amp;apos;, os.arch: &amp;apos;amd64&amp;apos;, os.version: &amp;apos;10.0&amp;apos;, java.version: &amp;apos;10.0.1&amp;apos;
Driver info: org.openqa.selenium.chrome.ChromeDriver
Capabilities {acceptInsecureCerts: false, acceptSslCerts: false, applicationCacheEnabled: false, browserConnectionEnabled: false, browserName: chrome, chrome: {chromedriverVersion: 2.40.565498 (ea082db3280dd6..., userDataDir: C:\Users\krkl\AppData\Local...}, cssSelectorsEnabled: true, databaseEnabled: false, handlesAlerts: true, hasTouchScreen: false, javascriptEnabled: true, locationContextEnabled: true, mobileEmulationEnabled: false, nativeEvents: true, networkConnectionEnabled: false, pageLoadStrategy: normal, platform: XP, platformName: XP, rotatable: false, setWindowRect: true, takesHeapSnapshot: true, takesScreenshot: true, unexpectedAlertBehaviour: , unhandledPromptBehavior: , version: 67.0.3396.99, webStorageEnabled: true}
Session ID: 283861d17c2d87eb1a13984850fc3ec5">
      <![CDATA[org.openqa.selenium.NoSuchSessionException: no such session
  (Driver info: chromedriver=2.40.565498 (ea082db3280dd6843ebfb08a625e3eb905c4f5ab),platform=Windows NT 10.0.16299 x86_64) (WARNING: The server did not provide any stacktrace information)
Command duration or timeout: 0 milliseconds
Build info: version: '3.12.0', revision: '7c6e0b3', time: '2018-05-08T15:15:03.216Z'
System info: host: '77DWHM2', ip: '10.251.12.117', os.name: 'Windows 10', os.arch: 'amd64', os.version: '10.0', java.version: '10.0.1'
Driver info: org.openqa.selenium.chrome.ChromeDriver
Capabilities {acceptInsecureCerts: false, acceptSslCerts: false, applicationCacheEnabled: false, browserConnectionEnabled: false, browserName: chrome, chrome: {chromedriverVersion: 2.40.565498 (ea082db3280dd6..., userDataDir: C:\Users\krkl\AppData\Local...}, cssSelectorsEnabled: true, databaseEnabled: false, handlesAlerts: true, hasTouchScreen: false, javascriptEnabled: true, locationContextEnabled: true, mobileEmulationEnabled: false, nativeEvents: true, networkConnectionEnabled: false, pageLoadStrategy: normal, platform: XP, platformName: XP, rotatable: false, setWindowRect: true, takesHeapSnapshot: true, takesScreenshot: true, unexpectedAlertBehaviour: , unhandledPromptBehavior: , version: 67.0.3396.99, webStorageEnabled: true}
Session ID: 283861d17c2d87eb1a13984850fc3ec5
at org.openqa.selenium.remote.ErrorHandler.createThrowable(ErrorHandler.java:214)
at org.openqa.selenium.remote.ErrorHandler.throwIfResponseFailed(ErrorHandler.java:166)
at org.openqa.selenium.remote.http.JsonHttpResponseCodec.reconstructValue(JsonHttpResponseCodec.java:40)
at org.openqa.selenium.remote.http.AbstractHttpResponseCodec.decode(AbstractHttpResponseCodec.java:80)
at org.openqa.selenium.remote.http.AbstractHttpResponseCodec.decode(AbstractHttpResponseCodec.java:44)
at org.openqa.selenium.remote.HttpCommandExecutor.execute(HttpCommandExecutor.java:158)
at org.openqa.selenium.remote.service.DriverCommandExecutor.execute(DriverCommandExecutor.java:83)
at org.openqa.selenium.remote.RemoteWebDriver.execute(RemoteWebDriver.java:543)
at org.openqa.selenium.remote.RemoteWebElement.execute(RemoteWebElement.java:276)
at org.openqa.selenium.remote.RemoteWebElement.click(RemoteWebElement.java:83)
at driverAndCommands.BeforeAfterTestBrowsers.Setup(BeforeAfterTestBrowsers.java:29)
at java.base/java.util.concurrent.FutureTask.run(Unknown Source)
at java.base/java.util.concurrent.ThreadPoolExecutor.runWorker(Unknown Source)
at java.base/java.util.concurrent.ThreadPoolExecutor$Worker.run(Unknown Source)
at java.base/java.lang.Thread.run(Unknown Source)
... Removed 21 stack frames]]>
    </failure>
  </testcase> <!-- @BeforeClass Setup -->
  <testcase classname="driverAndCommands.BeforeAfterTestBrowsers" name="@BeforeClass Setup" time="0.0">
    <skipped/>
  </testcase> <!-- @BeforeClass Setup -->
  <testcase classname="driverAndCommands.BeforeAfterTestBrowsers" name="@BeforeClass Setup" time="0.0">
    <skipped/>
  </testcase> <!-- @BeforeClass Setup -->
  <testcase classname="driverAndCommands.BeforeAfterTestBrowsers" name="@BeforeClass Setup" time="0.0">
    <skipped/>
  </testcase> <!-- @BeforeClass Setup -->
  <testcase classname="driverAndCommands.BeforeAfterTestBrowsers" name="@BeforeClass Setup" time="0.0">
    <skipped/>
  </testcase> <!-- @BeforeClass Setup -->
  <testcase classname="driverAndCommands.BeforeAfterTestBrowsers" name="@BeforeClass Setup" time="0.0">
    <skipped/>
  </testcase> <!-- @BeforeClass Setup -->
  <testcase classname="driverAndCommands.BeforeAfterTestBrowsers" name="@BeforeClass Setup" time="0.0">
    <skipped/>
  </testcase> <!-- @BeforeClass Setup -->
  <testcase classname="driverAndCommands.BeforeAfterTestBrowsers" name="@BeforeClass Setup" time="0.0">
    <skipped/>
  </testcase> <!-- @BeforeClass Setup -->
  <testcase classname="driverAndCommands.BeforeAfterTestBrowsers" name="@AfterClass tearDown" time="0.0">
    <skipped/>
  </testcase> <!-- @AfterClass tearDown -->
  <testcase classname="driverAndCommands.BeforeAfterTestBrowsers" name="@AfterClass tearDown" time="0.0">
    <skipped/>
  </testcase> <!-- @AfterClass tearDown -->
  <testcase classname="driverAndCommands.BeforeAfterTestBrowsers" name="@AfterClass tearDown" time="0.0">
    <skipped/>
  </testcase> <!-- @AfterClass tearDown -->
  <testcase classname="driverAndCommands.BeforeAfterTestBrowsers" name="@AfterClass tearDown" time="0.0">
    <skipped/>
  </testcase> <!-- @AfterClass tearDown -->
  <testcase classname="driverAndCommands.BeforeAfterTestBrowsers" name="@AfterClass tearDown" time="0.0">
    <skipped/>
  </testcase> <!-- @AfterClass tearDown -->
  <testcase classname="driverAndCommands.BeforeAfterTestBrowsers" name="@AfterClass tearDown" time="0.0">
    <skipped/>
  </testcase> <!-- @AfterClass tearDown -->
  <testcase classname="driverAndCommands.BeforeAfterTestBrowsers" name="@AfterClass tearDown" time="0.0">
    <skipped/>
  </testcase> <!-- @AfterClass tearDown -->
  <testcase classname="driverAndCommands.BeforeAfterTestBrowsers" name="@AfterClass tearDown" time="0.0">
    <skipped/>
  </testcase> <!-- @AfterClass tearDown -->
  <testcase classname="driverAndCommands.BeforeAfterTestBrowsers" name="@AfterClass tearDown" time="0.0">
    <skipped/>
  </testcase> <!-- @AfterClass tearDown -->
  <testcase classname="testCasesSATMinProfilUtbildning.UtbildningAddUtbildningPåGrundOchAvanceradNivå" name="LoginAsUser" time="0.0">
    <skipped/>
  </testcase> <!-- LoginAsUser -->
  <testcase classname="testCasesSATMinProfilUtbildning.UtbildningForskarUtbildningAddDoktorsExamen" name="LoginAsUser" time="0.0">
    <skipped/>
  </testcase> <!-- LoginAsUser -->
  <testcase classname="testCasesSATMinProfilUtbildning.UtbildningForskarUtbildningAddForskningskompetensMotsvarandeDoktorsexamen" name="LoginAsUser" time="0.0">
    <skipped/>
  </testcase> <!-- LoginAsUser -->
  <testcase classname="testCasesSATMinProfilUtbildning.UtbildningForskarUtbildningAddLicentiatexamen" name="LoginAsUser" time="0.0">
    <skipped/>
  </testcase> <!-- LoginAsUser -->
  <testcase classname="testCasesSATMinProfilUtbildning.UtbildningAddUtbildningPåGrundOchAvanceradNivå" name="ClickUtbildning" time="0.0">
    <skipped/>
  </testcase> <!-- ClickUtbildning -->
  <testcase classname="testCasesSATMinProfilUtbildning.UtbildningForskarUtbildningAddDoktorsExamen" name="ClickUtbildning" time="0.0">
    <skipped/>
  </testcase> <!-- ClickUtbildning -->
  <testcase classname="testCasesSATMinProfilUtbildning.UtbildningForskarUtbildningAddForskningskompetensMotsvarandeDoktorsexamen" name="ClickUtbildning" time="0.0">
    <skipped/>
  </testcase> <!-- ClickUtbildning -->
  <testcase classname="testCasesSATMinProfilUtbildning.UtbildningForskarUtbildningAddLicentiatexamen" name="ClickUtbildning" time="0.0">
    <skipped/>
  </testcase> <!-- ClickUtbildning -->
  <testcase classname="testCasesSATMinProfilUtbildning.UtbildningAddUtbildningPåGrundOchAvanceradNivå" name="ClickUtbildningPåGrundOchAvanceradNivå" time="0.0">
    <skipped/>
  </testcase> <!-- ClickUtbildningPåGrundOchAvanceradNivå -->
  <testcase classname="testCasesSATMinProfilUtbildning.UtbildningForskarUtbildningAddDoktorsExamen" name="ClickForskarUtbildning" time="0.0">
    <skipped/>
  </testcase> <!-- ClickForskarUtbildning -->
  <testcase classname="testCasesSATMinProfilUtbildning.UtbildningForskarUtbildningAddForskningskompetensMotsvarandeDoktorsexamen" name="ClickForskarUtbildning" time="0.0">
    <skipped/>
  </testcase> <!-- ClickForskarUtbildning -->
  <testcase classname="testCasesSATMinProfilUtbildning.UtbildningForskarUtbildningAddLicentiatexamen" name="ClickForskarUtbildning" time="0.0">
    <skipped/>
  </testcase> <!-- ClickForskarUtbildning -->
  <testcase classname="testCasesSATMinProfilUtbildning.UtbildningAddUtbildningPåGrundOchAvanceradNivå" name="UtbildningPåGrundOchAvanceradNivåAdd" time="0.0">
    <skipped/>
  </testcase> <!-- UtbildningPåGrundOchAvanceradNivåAdd -->
  <testcase classname="testCasesSATMinProfilUtbildning.UtbildningForskarUtbildningAddDoktorsExamen" name="AddForskarUtbildning" time="0.0">
    <skipped/>
  </testcase> <!-- AddForskarUtbildning -->
  <testcase classname="testCasesSATMinProfilUtbildning.UtbildningForskarUtbildningAddForskningskompetensMotsvarandeDoktorsexamen" name="AddForskarUtbildning" time="0.0">
    <skipped/>
  </testcase> <!-- AddForskarUtbildning -->
  <testcase classname="testCasesSATMinProfilUtbildning.UtbildningForskarUtbildningAddLicentiatexamen" name="AddForskarUtbildning" time="0.0">
    <skipped/>
  </testcase> <!-- AddForskarUtbildning -->
  <testcase classname="testCasesSATMinProfilUtbildning.UtbildningAddUtbildningPåGrundOchAvanceradNivå" name="SelectOrganization" time="0.0">
    <skipped/>
  </testcase> <!-- SelectOrganization -->
  <testcase classname="testCasesSATMinProfilUtbildning.UtbildningForskarUtbildningAddDoktorsExamen" name="SelectOrganization" time="0.0">
    <skipped/>
  </testcase> <!-- SelectOrganization -->
  <testcase classname="testCasesSATMinProfilUtbildning.UtbildningForskarUtbildningAddForskningskompetensMotsvarandeDoktorsexamen" name="SelectOrganization" time="0.0">
    <skipped/>
  </testcase> <!-- SelectOrganization -->
  <testcase classname="testCasesSATMinProfilUtbildning.UtbildningForskarUtbildningAddLicentiatexamen" name="SelectOrganization" time="0.0">
    <skipped/>
  </testcase> <!-- SelectOrganization -->
  <testcase classname="testCasesSATMinProfilUtbildning.UtbildningAddUtbildningPåGrundOchAvanceradNivå" name="ÅrFörExamen" time="0.0">
    <skipped/>
  </testcase> <!-- ÅrFörExamen -->
  <testcase classname="testCasesSATMinProfilUtbildning.UtbildningForskarUtbildningAddDoktorsExamen" name="TypAvForskarUtbildningAddDoktorsexamen" time="0.0">
    <skipped/>
  </testcase> <!-- TypAvForskarUtbildningAddDoktorsexamen -->
  <testcase classname="testCasesSATMinProfilUtbildning.UtbildningForskarUtbildningAddForskningskompetensMotsvarandeDoktorsexamen" name="TypAvForskarUtbildningAddForskningskompetensMotsvarandeDoktorsexamen" time="0.0">
    <skipped/>
  </testcase> <!-- TypAvForskarUtbildningAddForskningskompetensMotsvarandeDoktorsexamen -->
  <testcase classname="testCasesSATMinProfilUtbildning.UtbildningForskarUtbildningAddLicentiatexamen" name="TypAvForskarUtbildningAddLicentiatexamen" time="0.0">
    <skipped/>
  </testcase> <!-- TypAvForskarUtbildningAddLicentiatexamen -->
  <testcase classname="testCasesSATMinProfilUtbildning.UtbildningAddUtbildningPåGrundOchAvanceradNivå" name="ExamensinriktningSelectSubjects" time="0.0">
    <skipped/>
  </testcase> <!-- ExamensinriktningSelectSubjects -->
  <testcase classname="testCasesSATMinProfilUtbildning.UtbildningForskarUtbildningAddDoktorsExamen" name="Examensdatum" time="0.0">
    <skipped/>
  </testcase> <!-- Examensdatum -->
  <testcase classname="testCasesSATMinProfilUtbildning.UtbildningForskarUtbildningAddForskningskompetensMotsvarandeDoktorsexamen" name="Examensdatum" time="0.0">
    <skipped/>
  </testcase> <!-- Examensdatum -->
  <testcase classname="testCasesSATMinProfilUtbildning.UtbildningForskarUtbildningAddLicentiatexamen" name="Examensdatum" time="0.0">
    <skipped/>
  </testcase> <!-- Examensdatum -->
  <testcase classname="testCasesSATMinProfilUtbildning.UtbildningForskarUtbildningAddLicentiatexamen" name="TypAvForskarUtbildningSelectSubjects" time="0.0">
    <skipped/>
  </testcase> <!-- TypAvForskarUtbildningSelectSubjects -->
  <testcase classname="testCasesSATMinProfilUtbildning.UtbildningAddUtbildningPåGrundOchAvanceradNivå" name="Examen" time="0.0">
    <skipped/>
  </testcase> <!-- Examen -->
  <testcase classname="testCasesSATMinProfilUtbildning.UtbildningForskarUtbildningAddDoktorsExamen" name="TypAvForskarUtbildningSelectSubjects" time="0.0">
    <skipped/>
  </testcase> <!-- TypAvForskarUtbildningSelectSubjects -->
  <testcase classname="testCasesSATMinProfilUtbildning.UtbildningForskarUtbildningAddForskningskompetensMotsvarandeDoktorsexamen" name="TypAvForskarUtbildningSelectSubjects" time="0.0">
    <skipped/>
  </testcase> <!-- TypAvForskarUtbildningSelectSubjects -->
  <testcase classname="testCasesSATMinProfilUtbildning.UtbildningForskarUtbildningAddLicentiatexamen" name="WriteAvhandlingensTitelOrginalSpråk" time="0.0">
    <skipped/>
  </testcase> <!-- WriteAvhandlingensTitelOrginalSpråk -->
  <testcase classname="testCasesSATMinProfilUtbildning.UtbildningAddUtbildningPåGrundOchAvanceradNivå" name="Specialistkompetens" time="0.0">
    <skipped/>
  </testcase> <!-- Specialistkompetens -->
  <testcase classname="testCasesSATMinProfilUtbildning.UtbildningForskarUtbildningAddDoktorsExamen" name="WriteAvhandlingensTitelOrginalSpråk" time="0.0">
    <skipped/>
  </testcase> <!-- WriteAvhandlingensTitelOrginalSpråk -->
  <testcase classname="testCasesSATMinProfilUtbildning.UtbildningForskarUtbildningAddForskningskompetensMotsvarandeDoktorsexamen" name="BeskrivningAvKompetensSvenska" time="0.0">
    <skipped/>
  </testcase> <!-- BeskrivningAvKompetensSvenska -->
  <testcase classname="testCasesSATMinProfilUtbildning.UtbildningForskarUtbildningAddLicentiatexamen" name="WriteAvhandlingensTitelEngelska" time="0.0">
    <skipped/>
  </testcase> <!-- WriteAvhandlingensTitelEngelska -->
  <testcase classname="testCasesSATMinProfilUtbildning.UtbildningAddUtbildningPåGrundOchAvanceradNivå" name="SpecialistkompetensÅr" time="0.0">
    <skipped/>
  </testcase> <!-- SpecialistkompetensÅr -->
  <testcase classname="testCasesSATMinProfilUtbildning.UtbildningForskarUtbildningAddDoktorsExamen" name="WriteAvhandlingensTitelEngelska" time="0.001">
    <skipped/>
  </testcase> <!-- WriteAvhandlingensTitelEngelska -->
  <testcase classname="testCasesSATMinProfilUtbildning.UtbildningForskarUtbildningAddForskningskompetensMotsvarandeDoktorsexamen" name="BeskrivningAvKompetensEngelska" time="0.0">
    <skipped/>
  </testcase> <!-- BeskrivningAvKompetensEngelska -->
  <testcase classname="testCasesSATMinProfilUtbildning.UtbildningForskarUtbildningAddLicentiatexamen" name="ISSNISBNNummer" time="0.0">
    <skipped/>
  </testcase> <!-- ISSNISBNNummer -->
  <testcase classname="testCasesSATMinProfilUtbildning.UtbildningAddUtbildningPåGrundOchAvanceradNivå" name="OmrådeBeskrivning" time="0.0">
    <skipped/>
  </testcase> <!-- OmrådeBeskrivning -->
  <testcase classname="testCasesSATMinProfilUtbildning.UtbildningAddUtbildningPåGrundOchAvanceradNivå" name="Spara" time="0.0">
    <skipped/>
  </testcase> <!-- Spara -->
  <testcase classname="testCasesSATMinProfilUtbildning.UtbildningForskarUtbildningAddDoktorsExamen" name="ISSNISBNNummer" time="0.0">
    <skipped/>
  </testcase> <!-- ISSNISBNNummer -->
  <testcase classname="testCasesSATMinProfilUtbildning.UtbildningForskarUtbildningAddLicentiatexamen" name="FörnamnHandledare" time="0.0">
    <skipped/>
  </testcase> <!-- FörnamnHandledare -->
  <testcase classname="testCasesSATMinProfilUtbildning.UtbildningForskarUtbildningAddDoktorsExamen" name="FörnamnHandledare" time="0.0">
    <skipped/>
  </testcase> <!-- FörnamnHandledare -->
  <testcase classname="testCasesSATMinProfilUtbildning.UtbildningForskarUtbildningAddLicentiatexamen" name="EfternamnHandledare" time="0.0">
    <skipped/>
  </testcase> <!-- EfternamnHandledare -->
  <testcase classname="testCasesSATMinProfilUtbildning.UtbildningForskarUtbildningAddDoktorsExamen" name="EfternamnHandledare" time="0.0">
    <skipped/>
  </testcase> <!-- EfternamnHandledare -->
  <testcase classname="testCasesSATMinProfilUtbildning.UtbildningForskarUtbildningAddLicentiatexamen" name="SparaForskarutbildningKnapp" time="0.0">
    <skipped/>
  </testcase> <!-- SparaForskarutbildningKnapp -->
  <testcase classname="testCasesSATMinProfilUtbildning.UtbildningForskarUtbildningAddDoktorsExamen" name="SparaForskarutbildningKnapp" time="0.0">
    <skipped/>
  </testcase> <!-- SparaForskarutbildningKnapp -->
</testsuite> <!-- Utbildning -->
