<?xml version="1.0" encoding="UTF-8"?>
<!-- Generated by org.testng.reporters.JUnitReportReporter -->
<testsuite hostname="77DWHM2" failures="0" tests="21" name="testCasesSATButtonCheck.ButtonCheckLoggedInAsAdmin" time="18.798" errors="1" timestamp="25 juli 2018 15:37:49 GMT" skipped="20">
  <testcase classname="testCasesSATButtonCheck.ButtonCheckLoggedInAsAdmin" name="ClickMyProfileButton" time="0.000">
    <skipped/>
  </testcase> <!-- ClickMyProfileButton -->
  <testcase classname="testCasesSATButtonCheck.ButtonCheckLoggedInAsAdmin" name="FormulärKarolinskaInstitutet" time="0.000">
    <skipped/>
  </testcase> <!-- FormulärKarolinskaInstitutet -->
  <testcase classname="testCasesSATButtonCheck.ButtonCheckLoggedInAsAdmin" name="FinansiärSkolfi" time="0.000">
    <skipped/>
  </testcase> <!-- FinansiärSkolfi -->
  <testcase classname="testCasesSATButtonCheck.ButtonCheckLoggedInAsAdmin" name="ClickBeredningsgrupperButton" time="0.000">
    <skipped/>
  </testcase> <!-- ClickBeredningsgrupperButton -->
  <testcase classname="testCasesSATButtonCheck.ButtonCheckLoggedInAsAdmin" name="ClickFormulärButton" time="0.000">
    <skipped/>
  </testcase> <!-- ClickFormulärButton -->
  <testcase classname="testCasesSATButtonCheck.ButtonCheckLoggedInAsAdmin" name="ClickFinansiärButton" time="0.000">
    <skipped/>
  </testcase> <!-- ClickFinansiärButton -->
  <testcase classname="testCasesSATButtonCheck.ButtonCheckLoggedInAsAdmin" name="FinansiärForte" time="0.000">
    <skipped/>
  </testcase> <!-- FinansiärForte -->
  <testcase classname="testCasesSATButtonCheck.ButtonCheckLoggedInAsAdmin" name="FormulärVetenskapsrådet" time="0.000">
    <skipped/>
  </testcase> <!-- FormulärVetenskapsrådet -->
  <testcase classname="testCasesSATButtonCheck.ButtonCheckLoggedInAsAdmin" name="LoginAsAdminUser" time="0.000">
    <skipped/>
  </testcase> <!-- LoginAsAdminUser -->
  <testcase classname="testCasesSATButtonCheck.ButtonCheckLoggedInAsAdmin" name="FormulärSkolfi" time="0.000">
    <skipped/>
  </testcase> <!-- FormulärSkolfi -->
  <testcase classname="testCasesSATButtonCheck.ButtonCheckLoggedInAsAdmin" name="Setup" time="18.795">
    <error message="no such session
  (Driver info: chromedriver=2.40.565498 (ea082db3280dd6843ebfb08a625e3eb905c4f5ab),platform=Windows NT 10.0.16299 x86_64) (WARNING: The server did not provide any stacktrace information)
Command duration or timeout: 0 milliseconds
Build info: version: &#039;3.12.0&#039;, revision: &#039;7c6e0b3&#039;, time: &#039;2018-05-08T15:15:03.216Z&#039;
System info: host: &#039;77DWHM2&#039;, ip: &#039;10.251.12.117&#039;, os.name: &#039;Windows 10&#039;, os.arch: &#039;amd64&#039;, os.version: &#039;10.0&#039;, java.version: &#039;10.0.1&#039;
Driver info: org.openqa.selenium.chrome.ChromeDriver
Capabilities {acceptInsecureCerts: false, acceptSslCerts: false, applicationCacheEnabled: false, browserConnectionEnabled: false, browserName: chrome, chrome: {chromedriverVersion: 2.40.565498 (ea082db3280dd6..., userDataDir: C:\Users\krkl\AppData\Local...}, cssSelectorsEnabled: true, databaseEnabled: false, handlesAlerts: true, hasTouchScreen: false, javascriptEnabled: true, locationContextEnabled: true, mobileEmulationEnabled: false, nativeEvents: true, networkConnectionEnabled: false, pageLoadStrategy: normal, platform: XP, platformName: XP, rotatable: false, setWindowRect: true, takesHeapSnapshot: true, takesScreenshot: true, unexpectedAlertBehaviour: , unhandledPromptBehavior: , version: 67.0.3396.99, webStorageEnabled: true}
Session ID: 283861d17c2d87eb1a13984850fc3ec5" type="org.openqa.selenium.NoSuchSessionException">
      <![CDATA[org.openqa.selenium.NoSuchSessionException: no such session
  (Driver info: chromedriver=2.40.565498 (ea082db3280dd6843ebfb08a625e3eb905c4f5ab),platform=Windows NT 10.0.16299 x86_64) (WARNING: The server did not provide any stacktrace information)
Command duration or timeout: 0 milliseconds
Build info: version: '3.12.0', revision: '7c6e0b3', time: '2018-05-08T15:15:03.216Z'
System info: host: '77DWHM2', ip: '10.251.12.117', os.name: 'Windows 10', os.arch: 'amd64', os.version: '10.0', java.version: '10.0.1'
Driver info: org.openqa.selenium.chrome.ChromeDriver
Capabilities {acceptInsecureCerts: false, acceptSslCerts: false, applicationCacheEnabled: false, browserConnectionEnabled: false, browserName: chrome, chrome: {chromedriverVersion: 2.40.565498 (ea082db3280dd6..., userDataDir: C:\Users\krkl\AppData\Local...}, cssSelectorsEnabled: true, databaseEnabled: false, handlesAlerts: true, hasTouchScreen: false, javascriptEnabled: true, locationContextEnabled: true, mobileEmulationEnabled: false, nativeEvents: true, networkConnectionEnabled: false, pageLoadStrategy: normal, platform: XP, platformName: XP, rotatable: false, setWindowRect: true, takesHeapSnapshot: true, takesScreenshot: true, unexpectedAlertBehaviour: , unhandledPromptBehavior: , version: 67.0.3396.99, webStorageEnabled: true}
Session ID: 283861d17c2d87eb1a13984850fc3ec5
at java.base/jdk.internal.reflect.NativeConstructorAccessorImpl.newInstance0(Native Method)
at java.base/jdk.internal.reflect.NativeConstructorAccessorImpl.newInstance(Unknown Source)
at java.base/jdk.internal.reflect.DelegatingConstructorAccessorImpl.newInstance(Unknown Source)
at java.base/java.lang.reflect.Constructor.newInstance(Unknown Source)
at org.openqa.selenium.remote.ErrorHandler.createThrowable(ErrorHandler.java:214)
at org.openqa.selenium.remote.ErrorHandler.throwIfResponseFailed(ErrorHandler.java:166)
at org.openqa.selenium.remote.http.JsonHttpResponseCodec.reconstructValue(JsonHttpResponseCodec.java:40)
at org.openqa.selenium.remote.http.AbstractHttpResponseCodec.decode(AbstractHttpResponseCodec.java:80)
at org.openqa.selenium.remote.http.AbstractHttpResponseCodec.decode(AbstractHttpResponseCodec.java:44)
at org.openqa.selenium.remote.HttpCommandExecutor.execute(HttpCommandExecutor.java:158)
at org.openqa.selenium.remote.service.DriverCommandExecutor.execute(DriverCommandExecutor.java:83)
at org.openqa.selenium.remote.RemoteWebDriver.execute(RemoteWebDriver.java:543)
at org.openqa.selenium.remote.RemoteWebElement.execute(RemoteWebElement.java:276)
at org.openqa.selenium.remote.RemoteWebElement.click(RemoteWebElement.java:83)
at driverAndCommands.BeforeAfterTestBrowsers.Setup(BeforeAfterTestBrowsers.java:29)
at java.base/jdk.internal.reflect.NativeMethodAccessorImpl.invoke0(Native Method)
at java.base/jdk.internal.reflect.NativeMethodAccessorImpl.invoke(Unknown Source)
at java.base/jdk.internal.reflect.DelegatingMethodAccessorImpl.invoke(Unknown Source)
at java.base/java.lang.reflect.Method.invoke(Unknown Source)
at org.testng.internal.MethodInvocationHelper.invokeMethod(MethodInvocationHelper.java:124)
at org.testng.internal.MethodInvocationHelper.invokeMethodConsideringTimeout(MethodInvocationHelper.java:59)
at org.testng.internal.Invoker.invokeConfigurationMethod(Invoker.java:455)
at org.testng.internal.Invoker.invokeConfigurations(Invoker.java:222)
at org.testng.internal.Invoker.invokeConfigurations(Invoker.java:142)
at org.testng.internal.TestMethodWorker.invokeBeforeClassMethods(TestMethodWorker.java:168)
at org.testng.internal.TestMethodWorker.run(TestMethodWorker.java:105)
at org.testng.TestRunner.privateRun(TestRunner.java:648)
at org.testng.TestRunner.run(TestRunner.java:505)
at org.testng.SuiteRunner.runTest(SuiteRunner.java:455)
at org.testng.SuiteRunner.access$000(SuiteRunner.java:40)
at org.testng.SuiteRunner$SuiteWorker.run(SuiteRunner.java:489)
at org.testng.internal.thread.ThreadUtil$1.call(ThreadUtil.java:52)
at java.base/java.util.concurrent.FutureTask.run(Unknown Source)
at java.base/java.util.concurrent.ThreadPoolExecutor.runWorker(Unknown Source)
at java.base/java.util.concurrent.ThreadPoolExecutor$Worker.run(Unknown Source)
at java.base/java.lang.Thread.run(Unknown Source)
]]>
    </error>
  </testcase> <!-- Setup -->
  <testcase classname="testCasesSATButtonCheck.ButtonCheckLoggedInAsAdmin" name="FormulärFormas" time="0.000">
    <skipped/>
  </testcase> <!-- FormulärFormas -->
  <testcase classname="testCasesSATButtonCheck.ButtonCheckLoggedInAsAdmin" name="FormulärEPN" time="0.000">
    <skipped/>
  </testcase> <!-- FormulärEPN -->
  <testcase classname="testCasesSATButtonCheck.ButtonCheckLoggedInAsAdmin" name="ClickPortaladministrationButton" time="0.000">
    <skipped/>
  </testcase> <!-- ClickPortaladministrationButton -->
  <testcase classname="testCasesSATButtonCheck.ButtonCheckLoggedInAsAdmin" name="FormulärForte" time="0.000">
    <skipped/>
  </testcase> <!-- FormulärForte -->
  <testcase classname="testCasesSATButtonCheck.ButtonCheckLoggedInAsAdmin" name="FinansiärVetenskapsrådet" time="0.000">
    <skipped/>
  </testcase> <!-- FinansiärVetenskapsrådet -->
  <testcase classname="testCasesSATButtonCheck.ButtonCheckLoggedInAsAdmin" name="FinansiärFormas" time="0.000">
    <skipped/>
  </testcase> <!-- FinansiärFormas -->
  <testcase classname="testCasesSATButtonCheck.ButtonCheckLoggedInAsAdmin" name="FinansiärKarolinskaInstitutet" time="0.003">
    <skipped/>
  </testcase> <!-- FinansiärKarolinskaInstitutet -->
  <testcase classname="testCasesSATButtonCheck.ButtonCheckLoggedInAsAdmin" name="Logout" time="0.000">
    <skipped/>
  </testcase> <!-- Logout -->
  <testcase classname="testCasesSATButtonCheck.ButtonCheckLoggedInAsAdmin" name="FinansiärEPN" time="0.000">
    <skipped/>
  </testcase> <!-- FinansiärEPN -->
  <testcase classname="testCasesSATButtonCheck.ButtonCheckLoggedInAsAdmin" name="ClickIntressentregisterButton" time="0.000">
    <skipped/>
  </testcase> <!-- ClickIntressentregisterButton -->
</testsuite> <!-- testCasesSATButtonCheck.ButtonCheckLoggedInAsAdmin -->
