<?xml version="1.0" encoding="UTF-8"?>
<!-- Generated by org.testng.reporters.JUnitReportReporter -->
<testsuite hostname="77DWHM2" failures="0" tests="10" name="testCasesSATMinProfilImmaterialrätt.ImmaterialrättAddNewImmaterialRätt" time="15.985" errors="1" timestamp="25 juli 2018 15:37:49 GMT" skipped="8">
  <testcase classname="testCasesSATMinProfilImmaterialrätt.ImmaterialrättAddNewImmaterialRätt" name="DatumFörBeviljande" time="0.000">
    <skipped/>
  </testcase> <!-- DatumFörBeviljande -->
  <testcase classname="testCasesSATMinProfilImmaterialrätt.ImmaterialrättAddNewImmaterialRätt" name="Spara" time="0.000">
    <skipped/>
  </testcase> <!-- Spara -->
  <testcase classname="testCasesSATMinProfilImmaterialrätt.ImmaterialrättAddNewImmaterialRätt" name="ProduktKlassificering" time="0.000">
    <skipped/>
  </testcase> <!-- ProduktKlassificering -->
  <testcase classname="testCasesSATMinProfilImmaterialrätt.ImmaterialrättAddNewImmaterialRätt" name="ClickImmaterialrätt" time="10.371">
    <error message="no such element: Unable to locate element: {&quot;method&quot;:&quot;xpath&quot;,&quot;selector&quot;:&quot;//*[@id=&quot;mainContentBody&quot;]/div/div/aside/section[1]/div/div/ul/li[7]/div/a&quot;}
  (Session info: chrome=67.0.3396.99)
  (Driver info: chromedriver=2.40.565498 (ea082db3280dd6843ebfb08a625e3eb905c4f5ab),platform=Windows NT 10.0.16299 x86_64) (WARNING: The server did not provide any stacktrace information)
Command duration or timeout: 0 milliseconds
For documentation on this error, please visit: http://seleniumhq.org/exceptions/no_such_element.html
Build info: version: &#039;3.12.0&#039;, revision: &#039;7c6e0b3&#039;, time: &#039;2018-05-08T15:15:03.216Z&#039;
System info: host: &#039;77DWHM2&#039;, ip: &#039;10.251.12.117&#039;, os.name: &#039;Windows 10&#039;, os.arch: &#039;amd64&#039;, os.version: &#039;10.0&#039;, java.version: &#039;10.0.1&#039;
Driver info: org.openqa.selenium.chrome.ChromeDriver
Capabilities {acceptInsecureCerts: false, acceptSslCerts: false, applicationCacheEnabled: false, browserConnectionEnabled: false, browserName: chrome, chrome: {chromedriverVersion: 2.40.565498 (ea082db3280dd6..., userDataDir: C:\Users\krkl\AppData\Local...}, cssSelectorsEnabled: true, databaseEnabled: false, handlesAlerts: true, hasTouchScreen: false, javascriptEnabled: true, locationContextEnabled: true, mobileEmulationEnabled: false, nativeEvents: true, networkConnectionEnabled: false, pageLoadStrategy: normal, platform: XP, platformName: XP, rotatable: false, setWindowRect: true, takesHeapSnapshot: true, takesScreenshot: true, unexpectedAlertBehaviour: , unhandledPromptBehavior: , version: 67.0.3396.99, webStorageEnabled: true}
Session ID: 283861d17c2d87eb1a13984850fc3ec5
*** Element info: {Using=xpath, value=//*[@id=&quot;mainContentBody&quot;]/div/div/aside/section[1]/div/div/ul/li[7]/div/a}" type="org.openqa.selenium.NoSuchElementException">
      <![CDATA[org.openqa.selenium.NoSuchElementException: no such element: Unable to locate element: {"method":"xpath","selector":"//*[@id="mainContentBody"]/div/div/aside/section[1]/div/div/ul/li[7]/div/a"}
  (Session info: chrome=67.0.3396.99)
  (Driver info: chromedriver=2.40.565498 (ea082db3280dd6843ebfb08a625e3eb905c4f5ab),platform=Windows NT 10.0.16299 x86_64) (WARNING: The server did not provide any stacktrace information)
Command duration or timeout: 0 milliseconds
For documentation on this error, please visit: http://seleniumhq.org/exceptions/no_such_element.html
Build info: version: '3.12.0', revision: '7c6e0b3', time: '2018-05-08T15:15:03.216Z'
System info: host: '77DWHM2', ip: '10.251.12.117', os.name: 'Windows 10', os.arch: 'amd64', os.version: '10.0', java.version: '10.0.1'
Driver info: org.openqa.selenium.chrome.ChromeDriver
Capabilities {acceptInsecureCerts: false, acceptSslCerts: false, applicationCacheEnabled: false, browserConnectionEnabled: false, browserName: chrome, chrome: {chromedriverVersion: 2.40.565498 (ea082db3280dd6..., userDataDir: C:\Users\krkl\AppData\Local...}, cssSelectorsEnabled: true, databaseEnabled: false, handlesAlerts: true, hasTouchScreen: false, javascriptEnabled: true, locationContextEnabled: true, mobileEmulationEnabled: false, nativeEvents: true, networkConnectionEnabled: false, pageLoadStrategy: normal, platform: XP, platformName: XP, rotatable: false, setWindowRect: true, takesHeapSnapshot: true, takesScreenshot: true, unexpectedAlertBehaviour: , unhandledPromptBehavior: , version: 67.0.3396.99, webStorageEnabled: true}
Session ID: 283861d17c2d87eb1a13984850fc3ec5
*** Element info: {Using=xpath, value=//*[@id="mainContentBody"]/div/div/aside/section[1]/div/div/ul/li[7]/div/a}
at java.base/jdk.internal.reflect.NativeConstructorAccessorImpl.newInstance0(Native Method)
at java.base/jdk.internal.reflect.NativeConstructorAccessorImpl.newInstance(Unknown Source)
at java.base/jdk.internal.reflect.DelegatingConstructorAccessorImpl.newInstance(Unknown Source)
at java.base/java.lang.reflect.Constructor.newInstance(Unknown Source)
at org.openqa.selenium.remote.ErrorHandler.createThrowable(ErrorHandler.java:214)
at org.openqa.selenium.remote.ErrorHandler.throwIfResponseFailed(ErrorHandler.java:166)
at org.openqa.selenium.remote.http.JsonHttpResponseCodec.reconstructValue(JsonHttpResponseCodec.java:40)
at org.openqa.selenium.remote.http.AbstractHttpResponseCodec.decode(AbstractHttpResponseCodec.java:80)
at org.openqa.selenium.remote.http.AbstractHttpResponseCodec.decode(AbstractHttpResponseCodec.java:44)
at org.openqa.selenium.remote.HttpCommandExecutor.execute(HttpCommandExecutor.java:158)
at org.openqa.selenium.remote.service.DriverCommandExecutor.execute(DriverCommandExecutor.java:83)
at org.openqa.selenium.remote.RemoteWebDriver.execute(RemoteWebDriver.java:543)
at org.openqa.selenium.remote.RemoteWebDriver.findElement(RemoteWebDriver.java:317)
at org.openqa.selenium.remote.RemoteWebDriver.findElementByXPath(RemoteWebDriver.java:419)
at org.openqa.selenium.By$ByXPath.findElement(By.java:353)
at org.openqa.selenium.remote.RemoteWebDriver.findElement(RemoteWebDriver.java:309)
at pageElementsSAT.PortalLoggedInAsUserMinProfil.MinProfil_Immaterialrätt(PortalLoggedInAsUserMinProfil.java:1436)
at testCasesSATMinProfilImmaterialrätt.ImmaterialrättAddNewImmaterialRätt.ClickImmaterialrätt(ImmaterialrättAddNewImmaterialRätt.java:27)
at java.base/jdk.internal.reflect.NativeMethodAccessorImpl.invoke0(Native Method)
at java.base/jdk.internal.reflect.NativeMethodAccessorImpl.invoke(Unknown Source)
at java.base/jdk.internal.reflect.DelegatingMethodAccessorImpl.invoke(Unknown Source)
at java.base/java.lang.reflect.Method.invoke(Unknown Source)
at org.testng.internal.MethodInvocationHelper.invokeMethod(MethodInvocationHelper.java:124)
at org.testng.internal.Invoker.invokeMethod(Invoker.java:580)
at org.testng.internal.Invoker.invokeTestMethod(Invoker.java:716)
at org.testng.internal.Invoker.invokeTestMethods(Invoker.java:988)
at org.testng.internal.TestMethodWorker.invokeTestMethods(TestMethodWorker.java:125)
at org.testng.internal.TestMethodWorker.run(TestMethodWorker.java:109)
at org.testng.TestRunner.privateRun(TestRunner.java:648)
at org.testng.TestRunner.run(TestRunner.java:505)
at org.testng.SuiteRunner.runTest(SuiteRunner.java:455)
at org.testng.SuiteRunner.access$000(SuiteRunner.java:40)
at org.testng.SuiteRunner$SuiteWorker.run(SuiteRunner.java:489)
at org.testng.internal.thread.ThreadUtil$1.call(ThreadUtil.java:52)
at java.base/java.util.concurrent.FutureTask.run(Unknown Source)
at java.base/java.util.concurrent.ThreadPoolExecutor.runWorker(Unknown Source)
at java.base/java.util.concurrent.ThreadPoolExecutor$Worker.run(Unknown Source)
at java.base/java.lang.Thread.run(Unknown Source)
]]>
    </error>
  </testcase> <!-- ClickImmaterialrätt -->
  <testcase classname="testCasesSATMinProfilImmaterialrätt.ImmaterialrättAddNewImmaterialRätt" name="Typ" time="0.000">
    <skipped/>
  </testcase> <!-- Typ -->
  <testcase classname="testCasesSATMinProfilImmaterialrätt.ImmaterialrättAddNewImmaterialRätt" name="LoginAsUser" time="5.614"/>
  <testcase classname="testCasesSATMinProfilImmaterialrätt.ImmaterialrättAddNewImmaterialRätt" name="Id" time="0.000">
    <skipped/>
  </testcase> <!-- Id -->
  <testcase classname="testCasesSATMinProfilImmaterialrätt.ImmaterialrättAddNewImmaterialRätt" name="LicensieradTillAnnan" time="0.000">
    <skipped/>
  </testcase> <!-- LicensieradTillAnnan -->
  <testcase classname="testCasesSATMinProfilImmaterialrätt.ImmaterialrättAddNewImmaterialRätt" name="LicensieradTillAnnanDropDown" time="0.000">
    <skipped/>
  </testcase> <!-- LicensieradTillAnnanDropDown -->
  <testcase classname="testCasesSATMinProfilImmaterialrätt.ImmaterialrättAddNewImmaterialRätt" name="LäggTill" time="0.000">
    <skipped/>
  </testcase> <!-- LäggTill -->
</testsuite> <!-- testCasesSATMinProfilImmaterialrätt.ImmaterialrättAddNewImmaterialRätt -->
