<?xml version="1.0" encoding="UTF-8"?>
<!-- Generated by org.testng.reporters.JUnitReportReporter -->
<testsuite hostname="77DWHM2" failures="0" tests="27" name="testCasesSATMinProfilPublikationer.PublikationerAddNewFackGranskadBidragTillBok" time="11.683" errors="1" timestamp="25 juli 2018 15:37:49 GMT" skipped="26">
  <testcase classname="testCasesSATMinProfilPublikationer.PublikationerAddNewFackGranskadBidragTillBok" name="BidragTillEnBokUtgivareFörlag" time="0.000">
    <skipped/>
  </testcase> <!-- BidragTillEnBokUtgivareFörlag -->
  <testcase classname="testCasesSATMinProfilPublikationer.PublikationerAddNewFackGranskadBidragTillBok" name="BidragTillEnBokUtgivareSistaSidnummer" time="0.000">
    <skipped/>
  </testcase> <!-- BidragTillEnBokUtgivareSistaSidnummer -->
  <testcase classname="testCasesSATMinProfilPublikationer.PublikationerAddNewFackGranskadBidragTillBok" name="BidragTillEnBokUtgivareDOI" time="0.000">
    <skipped/>
  </testcase> <!-- BidragTillEnBokUtgivareDOI -->
  <testcase classname="testCasesSATMinProfilPublikationer.PublikationerAddNewFackGranskadBidragTillBok" name="BidragTillEnBokTitel" time="0.000">
    <skipped/>
  </testcase> <!-- BidragTillEnBokTitel -->
  <testcase classname="testCasesSATMinProfilPublikationer.PublikationerAddNewFackGranskadBidragTillBok" name="BidragTillEnBokVarTextenPubliceradIOpenAcessJa" time="0.000">
    <skipped/>
  </testcase> <!-- BidragTillEnBokVarTextenPubliceradIOpenAcessJa -->
  <testcase classname="testCasesSATMinProfilPublikationer.PublikationerAddNewFackGranskadBidragTillBok" name="LäggTillPublikationer" time="0.000">
    <skipped/>
  </testcase> <!-- LäggTillPublikationer -->
  <testcase classname="testCasesSATMinProfilPublikationer.PublikationerAddNewFackGranskadBidragTillBok" name="BidragTillEnBokFörfattareKnapp" time="0.000">
    <skipped/>
  </testcase> <!-- BidragTillEnBokFörfattareKnapp -->
  <testcase classname="testCasesSATMinProfilPublikationer.PublikationerAddNewFackGranskadBidragTillBok" name="DropDownBidragTillEnBok" time="0.001">
    <skipped/>
  </testcase> <!-- DropDownBidragTillEnBok -->
  <testcase classname="testCasesSATMinProfilPublikationer.PublikationerAddNewFackGranskadBidragTillBok" name="BidragTillEnBokUtgivareStatus" time="0.000">
    <skipped/>
  </testcase> <!-- BidragTillEnBokUtgivareStatus -->
  <testcase classname="testCasesSATMinProfilPublikationer.PublikationerAddNewFackGranskadBidragTillBok" name="VäljPublikationsTyp" time="0.000">
    <skipped/>
  </testcase> <!-- VäljPublikationsTyp -->
  <testcase classname="testCasesSATMinProfilPublikationer.PublikationerAddNewFackGranskadBidragTillBok" name="BidragTillEnBokUtgivareISBN" time="0.000">
    <skipped/>
  </testcase> <!-- BidragTillEnBokUtgivareISBN -->
  <testcase classname="testCasesSATMinProfilPublikationer.PublikationerAddNewFackGranskadBidragTillBok" name="BidragTillEnBokOpenAccessDokumentVersion" time="0.000">
    <skipped/>
  </testcase> <!-- BidragTillEnBokOpenAccessDokumentVersion -->
  <testcase classname="testCasesSATMinProfilPublikationer.PublikationerAddNewFackGranskadBidragTillBok" name="BidragTillEnBokOpenAcessSammanfattning" time="0.000">
    <skipped/>
  </testcase> <!-- BidragTillEnBokOpenAcessSammanfattning -->
  <testcase classname="testCasesSATMinProfilPublikationer.PublikationerAddNewFackGranskadBidragTillBok" name="ClickPublikationer" time="0.000">
    <skipped/>
  </testcase> <!-- ClickPublikationer -->
  <testcase classname="testCasesSATMinProfilPublikationer.PublikationerAddNewFackGranskadBidragTillBok" name="BidragTillEnBokUtgivareKällaFörPublikation" time="0.000">
    <skipped/>
  </testcase> <!-- BidragTillEnBokUtgivareKällaFörPublikation -->
  <testcase classname="testCasesSATMinProfilPublikationer.PublikationerAddNewFackGranskadBidragTillBok" name="BidragTillEnBokOpenAccessLänkExternLänkFörPublicering" time="0.000">
    <skipped/>
  </testcase> <!-- BidragTillEnBokOpenAccessLänkExternLänkFörPublicering -->
  <testcase classname="testCasesSATMinProfilPublikationer.PublikationerAddNewFackGranskadBidragTillBok" name="BidragTillEnBokFörfattareFörnamn" time="0.000">
    <skipped/>
  </testcase> <!-- BidragTillEnBokFörfattareFörnamn -->
  <testcase classname="testCasesSATMinProfilPublikationer.PublikationerAddNewFackGranskadBidragTillBok" name="BidragTillEnBokUtgivareFörlagsplats" time="0.000">
    <skipped/>
  </testcase> <!-- BidragTillEnBokUtgivareFörlagsplats -->
  <testcase classname="testCasesSATMinProfilPublikationer.PublikationerAddNewFackGranskadBidragTillBok" name="BidragTillEnBokUtgivareKällaID" time="0.000">
    <skipped/>
  </testcase> <!-- BidragTillEnBokUtgivareKällaID -->
  <testcase classname="testCasesSATMinProfilPublikationer.PublikationerAddNewFackGranskadBidragTillBok" name="BidragTillEnBokSpara" time="0.000">
    <skipped/>
  </testcase> <!-- BidragTillEnBokSpara -->
  <testcase classname="testCasesSATMinProfilPublikationer.PublikationerAddNewFackGranskadBidragTillBok" name="BidragTillEnBokRedaktörKnapp" time="0.000">
    <skipped/>
  </testcase> <!-- BidragTillEnBokRedaktörKnapp -->
  <testcase classname="testCasesSATMinProfilPublikationer.PublikationerAddNewFackGranskadBidragTillBok" name="BidragTillEnBokUtgivareFörstaSidnummer" time="0.000">
    <skipped/>
  </testcase> <!-- BidragTillEnBokUtgivareFörstaSidnummer -->
  <testcase classname="testCasesSATMinProfilPublikationer.PublikationerAddNewFackGranskadBidragTillBok" name="BidragTillEnBokRedaktörNamn" time="0.000">
    <skipped/>
  </testcase> <!-- BidragTillEnBokRedaktörNamn -->
  <testcase classname="testCasesSATMinProfilPublikationer.PublikationerAddNewFackGranskadBidragTillBok" name="BidragTillEnBokOpenAccessFormAvOA" time="0.000">
    <skipped/>
  </testcase> <!-- BidragTillEnBokOpenAccessFormAvOA -->
  <testcase classname="testCasesSATMinProfilPublikationer.PublikationerAddNewFackGranskadBidragTillBok" name="Setup" time="11.682">
    <error message="unknown error: Element &lt;a class=&quot;btn btn-discreet btn-login-left show-modal&quot; data-ajax=&quot;true&quot; data-ajax-complete=&quot;prisma.validateLoginStatus(); prisma.showModal();&quot; data-ajax-method=&quot;GET&quot; data-ajax-mode=&quot;replace&quot; data-ajax-success=&quot;prisma.addValidationForResult();prisma.wrapGridInDiv();&quot; data-ajax-update=&quot;#editDialogBody&quot; href=&quot;/Account/LogOn&quot; title=&quot;...&quot;&gt;Logga in&lt;/a&gt; is not clickable at point (964, 152). Other element would receive the click: &lt;div class=&quot;controls&quot;&gt;...&lt;/div&gt;
  (Session info: chrome=67.0.3396.99)
  (Driver info: chromedriver=2.40.565498 (ea082db3280dd6843ebfb08a625e3eb905c4f5ab),platform=Windows NT 10.0.16299 x86_64) (WARNING: The server did not provide any stacktrace information)
Command duration or timeout: 0 milliseconds
Build info: version: &#039;3.12.0&#039;, revision: &#039;7c6e0b3&#039;, time: &#039;2018-05-08T15:15:03.216Z&#039;
System info: host: &#039;77DWHM2&#039;, ip: &#039;10.251.12.117&#039;, os.name: &#039;Windows 10&#039;, os.arch: &#039;amd64&#039;, os.version: &#039;10.0&#039;, java.version: &#039;10.0.1&#039;
Driver info: org.openqa.selenium.chrome.ChromeDriver
Capabilities {acceptInsecureCerts: false, acceptSslCerts: false, applicationCacheEnabled: false, browserConnectionEnabled: false, browserName: chrome, chrome: {chromedriverVersion: 2.40.565498 (ea082db3280dd6..., userDataDir: C:\Users\krkl\AppData\Local...}, cssSelectorsEnabled: true, databaseEnabled: false, handlesAlerts: true, hasTouchScreen: false, javascriptEnabled: true, locationContextEnabled: true, mobileEmulationEnabled: false, nativeEvents: true, networkConnectionEnabled: false, pageLoadStrategy: normal, platform: XP, platformName: XP, rotatable: false, setWindowRect: true, takesHeapSnapshot: true, takesScreenshot: true, unexpectedAlertBehaviour: , unhandledPromptBehavior: , version: 67.0.3396.99, webStorageEnabled: true}
Session ID: 7d10efc42965d8bf636f378ae4fc4554" type="org.openqa.selenium.WebDriverException">
      <![CDATA[org.openqa.selenium.WebDriverException: unknown error: Element <a class="btn btn-discreet btn-login-left show-modal" data-ajax="true" data-ajax-complete="prisma.validateLoginStatus(); prisma.showModal();" data-ajax-method="GET" data-ajax-mode="replace" data-ajax-success="prisma.addValidationForResult();prisma.wrapGridInDiv();" data-ajax-update="#editDialogBody" href="/Account/LogOn" title="...">Logga in</a> is not clickable at point (964, 152). Other element would receive the click: <div class="controls">...</div>
  (Session info: chrome=67.0.3396.99)
  (Driver info: chromedriver=2.40.565498 (ea082db3280dd6843ebfb08a625e3eb905c4f5ab),platform=Windows NT 10.0.16299 x86_64) (WARNING: The server did not provide any stacktrace information)
Command duration or timeout: 0 milliseconds
Build info: version: '3.12.0', revision: '7c6e0b3', time: '2018-05-08T15:15:03.216Z'
System info: host: '77DWHM2', ip: '10.251.12.117', os.name: 'Windows 10', os.arch: 'amd64', os.version: '10.0', java.version: '10.0.1'
Driver info: org.openqa.selenium.chrome.ChromeDriver
Capabilities {acceptInsecureCerts: false, acceptSslCerts: false, applicationCacheEnabled: false, browserConnectionEnabled: false, browserName: chrome, chrome: {chromedriverVersion: 2.40.565498 (ea082db3280dd6..., userDataDir: C:\Users\krkl\AppData\Local...}, cssSelectorsEnabled: true, databaseEnabled: false, handlesAlerts: true, hasTouchScreen: false, javascriptEnabled: true, locationContextEnabled: true, mobileEmulationEnabled: false, nativeEvents: true, networkConnectionEnabled: false, pageLoadStrategy: normal, platform: XP, platformName: XP, rotatable: false, setWindowRect: true, takesHeapSnapshot: true, takesScreenshot: true, unexpectedAlertBehaviour: , unhandledPromptBehavior: , version: 67.0.3396.99, webStorageEnabled: true}
Session ID: 7d10efc42965d8bf636f378ae4fc4554
at java.base/jdk.internal.reflect.NativeConstructorAccessorImpl.newInstance0(Native Method)
at java.base/jdk.internal.reflect.NativeConstructorAccessorImpl.newInstance(Unknown Source)
at java.base/jdk.internal.reflect.DelegatingConstructorAccessorImpl.newInstance(Unknown Source)
at java.base/java.lang.reflect.Constructor.newInstance(Unknown Source)
at org.openqa.selenium.remote.ErrorHandler.createThrowable(ErrorHandler.java:214)
at org.openqa.selenium.remote.ErrorHandler.throwIfResponseFailed(ErrorHandler.java:166)
at org.openqa.selenium.remote.http.JsonHttpResponseCodec.reconstructValue(JsonHttpResponseCodec.java:40)
at org.openqa.selenium.remote.http.AbstractHttpResponseCodec.decode(AbstractHttpResponseCodec.java:80)
at org.openqa.selenium.remote.http.AbstractHttpResponseCodec.decode(AbstractHttpResponseCodec.java:44)
at org.openqa.selenium.remote.HttpCommandExecutor.execute(HttpCommandExecutor.java:158)
at org.openqa.selenium.remote.service.DriverCommandExecutor.execute(DriverCommandExecutor.java:83)
at org.openqa.selenium.remote.RemoteWebDriver.execute(RemoteWebDriver.java:543)
at org.openqa.selenium.remote.RemoteWebElement.execute(RemoteWebElement.java:276)
at org.openqa.selenium.remote.RemoteWebElement.click(RemoteWebElement.java:83)
at driverAndCommands.BeforeAfterTestBrowsers.Setup(BeforeAfterTestBrowsers.java:29)
at java.base/jdk.internal.reflect.NativeMethodAccessorImpl.invoke0(Native Method)
at java.base/jdk.internal.reflect.NativeMethodAccessorImpl.invoke(Unknown Source)
at java.base/jdk.internal.reflect.DelegatingMethodAccessorImpl.invoke(Unknown Source)
at java.base/java.lang.reflect.Method.invoke(Unknown Source)
at org.testng.internal.MethodInvocationHelper.invokeMethod(MethodInvocationHelper.java:124)
at org.testng.internal.MethodInvocationHelper.invokeMethodConsideringTimeout(MethodInvocationHelper.java:59)
at org.testng.internal.Invoker.invokeConfigurationMethod(Invoker.java:455)
at org.testng.internal.Invoker.invokeConfigurations(Invoker.java:222)
at org.testng.internal.Invoker.invokeConfigurations(Invoker.java:142)
at org.testng.internal.TestMethodWorker.invokeBeforeClassMethods(TestMethodWorker.java:168)
at org.testng.internal.TestMethodWorker.run(TestMethodWorker.java:105)
at org.testng.TestRunner.privateRun(TestRunner.java:648)
at org.testng.TestRunner.run(TestRunner.java:505)
at org.testng.SuiteRunner.runTest(SuiteRunner.java:455)
at org.testng.SuiteRunner.access$000(SuiteRunner.java:40)
at org.testng.SuiteRunner$SuiteWorker.run(SuiteRunner.java:489)
at org.testng.internal.thread.ThreadUtil$1.call(ThreadUtil.java:52)
at java.base/java.util.concurrent.FutureTask.run(Unknown Source)
at java.base/java.util.concurrent.ThreadPoolExecutor.runWorker(Unknown Source)
at java.base/java.util.concurrent.ThreadPoolExecutor$Worker.run(Unknown Source)
at java.base/java.lang.Thread.run(Unknown Source)
]]>
    </error>
  </testcase> <!-- Setup -->
  <testcase classname="testCasesSATMinProfilPublikationer.PublikationerAddNewFackGranskadBidragTillBok" name="LoginAsUser" time="0.000">
    <skipped/>
  </testcase> <!-- LoginAsUser -->
  <testcase classname="testCasesSATMinProfilPublikationer.PublikationerAddNewFackGranskadBidragTillBok" name="BidragTillEnBokFörfattareEfternamn" time="0.000">
    <skipped/>
  </testcase> <!-- BidragTillEnBokFörfattareEfternamn -->
</testsuite> <!-- testCasesSATMinProfilPublikationer.PublikationerAddNewFackGranskadBidragTillBok -->
