<?xml version="1.0" encoding="UTF-8"?>
<!-- Generated by org.testng.reporters.JUnitReportReporter -->
<testsuite hostname="BSTTF72" failures="0" tests="10" name="testCasesMinProfilArbetsliv.ArbetslivAddNewForskarutbyten" time="40.146" errors="1" timestamp="30 juli 2018 12:44:07 GMT" skipped="9">
  <testcase classname="testCasesMinProfilArbetsliv.ArbetslivAddNewForskarutbyten" name="LoginAsUser4" time="40.146">
    <error message="Expected condition failed: waiting for element to be clickable: By.cssSelector: body &gt; div.page-container &gt; div.container &gt; div.row.header-row &gt; header &gt; ul &gt; li.mainMenuMyProfile.active &gt; a (tried for 40 second(s) with 500 milliseconds interval)" type="org.openqa.selenium.TimeoutException">
      <![CDATA[org.openqa.selenium.TimeoutException: Expected condition failed: waiting for element to be clickable: By.cssSelector: body > div.page-container > div.container > div.row.header-row > header > ul > li.mainMenuMyProfile.active > a (tried for 40 second(s) with 500 milliseconds interval)
at org.openqa.selenium.support.ui.WebDriverWait.timeoutException(WebDriverWait.java:81)
at org.openqa.selenium.support.ui.FluentWait.until(FluentWait.java:271)
at driverAndCommands.DriverWaitExpectedConditions.WaitForElementToBeClickable(DriverWaitExpectedConditions.java:14)
at testCasesMinProfilArbetsliv.ArbetslivAddNewForskarutbyten.LoginAsUser4(ArbetslivAddNewForskarutbyten.java:25)
at java.base/jdk.internal.reflect.NativeMethodAccessorImpl.invoke0(Native Method)
at java.base/jdk.internal.reflect.NativeMethodAccessorImpl.invoke(Unknown Source)
at java.base/jdk.internal.reflect.DelegatingMethodAccessorImpl.invoke(Unknown Source)
at java.base/java.lang.reflect.Method.invoke(Unknown Source)
at org.testng.internal.MethodInvocationHelper.invokeMethod(MethodInvocationHelper.java:124)
at org.testng.internal.Invoker.invokeMethod(Invoker.java:580)
at org.testng.internal.Invoker.invokeTestMethod(Invoker.java:716)
at org.testng.internal.Invoker.invokeTestMethods(Invoker.java:988)
at org.testng.internal.TestMethodWorker.invokeTestMethods(TestMethodWorker.java:125)
at org.testng.internal.TestMethodWorker.run(TestMethodWorker.java:109)
at org.testng.TestRunner.privateRun(TestRunner.java:648)
at org.testng.TestRunner.run(TestRunner.java:505)
at org.testng.SuiteRunner.runTest(SuiteRunner.java:455)
at org.testng.SuiteRunner.runSequentially(SuiteRunner.java:450)
at org.testng.SuiteRunner.privateRun(SuiteRunner.java:415)
at org.testng.SuiteRunner.run(SuiteRunner.java:364)
at org.testng.SuiteRunnerWorker.runSuite(SuiteRunnerWorker.java:52)
at org.testng.SuiteRunnerWorker.run(SuiteRunnerWorker.java:84)
at org.testng.TestNG.runSuitesSequentially(TestNG.java:1208)
at org.testng.TestNG.runSuitesLocally(TestNG.java:1137)
at org.testng.TestNG.runSuites(TestNG.java:1049)
at org.testng.TestNG.run(TestNG.java:1017)
at org.testng.remote.AbstractRemoteTestNG.run(AbstractRemoteTestNG.java:114)
at org.testng.remote.RemoteTestNG.initAndRun(RemoteTestNG.java:251)
at org.testng.remote.RemoteTestNG.main(RemoteTestNG.java:77)
Caused by: org.openqa.selenium.NoSuchWindowException: no such window: target window already closed
from unknown error: web view not found
  (Session info: chrome=67.0.3396.99)
  (Driver info: chromedriver=2.40.565498 (ea082db3280dd6843ebfb08a625e3eb905c4f5ab),platform=Windows NT 10.0.16299 x86_64) (WARNING: The server did not provide any stacktrace information)
Command duration or timeout: 0 milliseconds
Build info: version: '3.13.0', revision: '2f0d292', time: '2018-06-25T15:32:14.902Z'
System info: host: 'BSTTF72', ip: '10.251.21.20', os.name: 'Windows 10', os.arch: 'amd64', os.version: '10.0', java.version: '10.0.1'
Driver info: org.openqa.selenium.chrome.ChromeDriver
Capabilities {acceptInsecureCerts: false, acceptSslCerts: false, applicationCacheEnabled: false, browserConnectionEnabled: false, browserName: chrome, chrome: {chromedriverVersion: 2.40.565498 (ea082db3280dd6..., userDataDir: C:\Users\peha\AppData\Local...}, cssSelectorsEnabled: true, databaseEnabled: false, handlesAlerts: true, hasTouchScreen: false, javascriptEnabled: true, locationContextEnabled: true, mobileEmulationEnabled: false, nativeEvents: true, networkConnectionEnabled: false, pageLoadStrategy: normal, platform: XP, platformName: XP, rotatable: false, setWindowRect: true, takesHeapSnapshot: true, takesScreenshot: true, unexpectedAlertBehaviour: , unhandledPromptBehavior: , version: 67.0.3396.99, webStorageEnabled: true}
Session ID: 4a7802c67d5664f29acae0be850241d2
*** Element info: {Using=css selector, value=body > div.page-container > div.container > div.row.header-row > header > ul > li.mainMenuMyProfile.active > a}
at jdk.internal.reflect.GeneratedConstructorAccessor11.newInstance(Unknown Source)
at java.base/jdk.internal.reflect.DelegatingConstructorAccessorImpl.newInstance(Unknown Source)
at java.base/java.lang.reflect.Constructor.newInstance(Unknown Source)
at org.openqa.selenium.remote.ErrorHandler.createThrowable(ErrorHandler.java:214)
at org.openqa.selenium.remote.ErrorHandler.throwIfResponseFailed(ErrorHandler.java:166)
at org.openqa.selenium.remote.http.JsonHttpResponseCodec.reconstructValue(JsonHttpResponseCodec.java:40)
at org.openqa.selenium.remote.http.AbstractHttpResponseCodec.decode(AbstractHttpResponseCodec.java:80)
at org.openqa.selenium.remote.http.AbstractHttpResponseCodec.decode(AbstractHttpResponseCodec.java:44)
at org.openqa.selenium.remote.HttpCommandExecutor.execute(HttpCommandExecutor.java:158)
at org.openqa.selenium.remote.service.DriverCommandExecutor.execute(DriverCommandExecutor.java:83)
at org.openqa.selenium.remote.RemoteWebDriver.execute(RemoteWebDriver.java:548)
at org.openqa.selenium.remote.RemoteWebDriver.findElements(RemoteWebDriver.java:349)
at org.openqa.selenium.remote.RemoteWebDriver.findElementsByCssSelector(RemoteWebDriver.java:420)
at org.openqa.selenium.By$ByCssSelector.findElements(By.java:441)
at org.openqa.selenium.remote.RemoteWebDriver.findElements(RemoteWebDriver.java:310)
at org.openqa.selenium.support.ui.ExpectedConditions.findElement(ExpectedConditions.java:895)
at org.openqa.selenium.support.ui.ExpectedConditions.access$000(ExpectedConditions.java:44)
at org.openqa.selenium.support.ui.ExpectedConditions$7.apply(ExpectedConditions.java:206)
at org.openqa.selenium.support.ui.ExpectedConditions$7.apply(ExpectedConditions.java:202)
at org.openqa.selenium.support.ui.ExpectedConditions$22.apply(ExpectedConditions.java:657)
at org.openqa.selenium.support.ui.ExpectedConditions$22.apply(ExpectedConditions.java:654)
at org.openqa.selenium.support.ui.FluentWait.until(FluentWait.java:248)
... 27 more
]]>
    </error>
  </testcase> <!-- LoginAsUser4 -->
  <testcase classname="testCasesMinProfilArbetsliv.ArbetslivAddNewForskarutbyten" name="SelectOrganization" time="0.000">
    <skipped/>
  </testcase> <!-- SelectOrganization -->
  <testcase classname="testCasesMinProfilArbetsliv.ArbetslivAddNewForskarutbyten" name="PeriodStartMonth" time="0.000">
    <skipped/>
  </testcase> <!-- PeriodStartMonth -->
  <testcase classname="testCasesMinProfilArbetsliv.ArbetslivAddNewForskarutbyten" name="AddForskarUbyten" time="0.000">
    <skipped/>
  </testcase> <!-- AddForskarUbyten -->
  <testcase classname="testCasesMinProfilArbetsliv.ArbetslivAddNewForskarutbyten" name="SparaForskarUbyte" time="0.000">
    <skipped/>
  </testcase> <!-- SparaForskarUbyte -->
  <testcase classname="testCasesMinProfilArbetsliv.ArbetslivAddNewForskarutbyten" name="PeriodStartOchSlutYear" time="0.000">
    <skipped/>
  </testcase> <!-- PeriodStartOchSlutYear -->
  <testcase classname="testCasesMinProfilArbetsliv.ArbetslivAddNewForskarutbyten" name="PeriodEndMonth" time="0.000">
    <skipped/>
  </testcase> <!-- PeriodEndMonth -->
  <testcase classname="testCasesMinProfilArbetsliv.ArbetslivAddNewForskarutbyten" name="Ämne" time="0.000">
    <skipped/>
  </testcase> <!-- Ämne -->
  <testcase classname="testCasesMinProfilArbetsliv.ArbetslivAddNewForskarutbyten" name="Typ" time="0.000">
    <skipped/>
  </testcase> <!-- Typ -->
  <testcase classname="testCasesMinProfilArbetsliv.ArbetslivAddNewForskarutbyten" name="ClickArbetsliv" time="0.000">
    <skipped/>
  </testcase> <!-- ClickArbetsliv -->
</testsuite> <!-- testCasesMinProfilArbetsliv.ArbetslivAddNewForskarutbyten -->
